<?xml version="1.0" encoding="UTF-8"?>
<coverage generated="1756636870342" clover="3.2.0">
  <project timestamp="1756636870342" name="All files">
    <metrics statements="374" coveredstatements="358" conditionals="132" coveredconditionals="119" methods="35" coveredmethods="27" elements="541" coveredelements="504" complexity="0" loc="374" ncloc="374" packages="1" files="7" classes="7"/>
    <file name="engine.ts" path="/Users/andy/chess/anki-movetrainer/src/engine.ts">
      <metrics statements="94" coveredstatements="82" conditionals="34" coveredconditionals="32" methods="16" coveredmethods="10"/>
      <line num="1" count="1" type="stmt"/>
      <line num="16" count="1" type="cond" truecount="1" falsecount="0"/>
      <line num="17" count="10" type="cond" truecount="1" falsecount="0"/>
      <line num="18" count="2" type="stmt"/>
      <line num="19" count="2" type="stmt"/>
      <line num="20" count="10" type="stmt"/>
      <line num="23" count="1" type="stmt"/>
      <line num="25" count="36" type="cond" truecount="1" falsecount="0"/>
      <line num="26" count="36" type="stmt"/>
      <line num="27" count="36" type="cond" truecount="1" falsecount="0"/>
      <line num="28" count="1" type="cond" truecount="0" falsecount="1"/>
      <line num="29" count="36" type="stmt"/>
      <line num="30" count="36" type="cond" truecount="1" falsecount="0"/>
      <line num="31" count="1" type="stmt"/>
      <line num="32" count="1" type="cond" truecount="1" falsecount="0"/>
      <line num="33" count="35" type="stmt"/>
      <line num="34" count="35" type="stmt"/>
      <line num="36" count="1" type="cond" truecount="1" falsecount="0"/>
      <line num="37" count="179" type="stmt"/>
      <line num="38" count="179" type="stmt"/>
      <line num="39" count="179" type="stmt"/>
      <line num="40" count="179" type="stmt"/>
      <line num="41" count="179" type="stmt"/>
      <line num="42" count="179" type="stmt"/>
      <line num="43" count="179" type="stmt"/>
      <line num="44" count="179" type="stmt"/>
      <line num="45" count="179" type="cond" truecount="2" falsecount="0"/>
      <line num="46" count="170" type="stmt"/>
      <line num="47" count="179" type="cond" truecount="1" falsecount="0"/>
      <line num="48" count="2" type="stmt"/>
      <line num="49" count="2" type="stmt"/>
      <line num="50" count="179" type="stmt"/>
      <line num="52" count="1" type="cond" truecount="1" falsecount="0"/>
      <line num="57" count="37" type="stmt"/>
      <line num="58" count="37" type="cond" truecount="4" falsecount="0"/>
      <line num="60" count="1" type="stmt"/>
      <line num="61" count="1" type="stmt"/>
      <line num="62" count="0" type="stmt"/>
      <line num="63" count="0" type="stmt"/>
      <line num="64" count="1" type="stmt"/>
      <line num="65" count="0" type="stmt"/>
      <line num="66" count="0" type="stmt"/>
      <line num="67" count="1" type="stmt"/>
      <line num="68" count="0" type="stmt"/>
      <line num="69" count="0" type="stmt"/>
      <line num="70" count="1" type="stmt"/>
      <line num="71" count="0" type="stmt"/>
      <line num="72" count="0" type="stmt"/>
      <line num="73" count="1" type="stmt"/>
      <line num="74" count="0" type="stmt"/>
      <line num="75" count="0" type="stmt"/>
      <line num="76" count="1" type="stmt"/>
      <line num="77" count="0" type="stmt"/>
      <line num="78" count="0" type="stmt"/>
      <line num="79" count="1" type="stmt"/>
      <line num="80" count="1" type="cond" truecount="1" falsecount="0"/>
      <line num="81" count="37" type="cond" truecount="1" falsecount="0"/>
      <line num="82" count="37" type="stmt"/>
      <line num="83" count="37" type="cond" truecount="0" falsecount="1"/>
      <line num="84" count="37" type="stmt"/>
      <line num="85" count="37" type="stmt"/>
      <line num="86" count="37" type="stmt"/>
      <line num="92" count="37" type="cond" truecount="1" falsecount="0"/>
      <line num="94" count="175" type="cond" truecount="4" falsecount="0"/>
      <line num="95" count="7" type="stmt"/>
      <line num="96" count="7" type="cond" truecount="1" falsecount="0"/>
      <line num="97" count="168" type="stmt"/>
      <line num="98" count="175" type="cond" truecount="3" falsecount="0"/>
      <line num="99" count="6" type="stmt"/>
      <line num="100" count="6" type="stmt"/>
      <line num="101" count="6" type="stmt"/>
      <line num="102" count="6" type="cond" truecount="1" falsecount="0"/>
      <line num="104" count="162" type="stmt"/>
      <line num="105" count="162" type="stmt"/>
      <line num="106" count="162" type="stmt"/>
      <line num="107" count="162" type="stmt"/>
      <line num="108" count="175" type="stmt"/>
      <line num="109" count="37" type="cond" truecount="1" falsecount="0"/>
      <line num="110" count="7" type="stmt"/>
      <line num="111" count="7" type="stmt"/>
      <line num="112" count="37" type="cond" truecount="1" falsecount="0"/>
      <line num="113" count="7" type="stmt"/>
      <line num="114" count="7" type="stmt"/>
      <line num="115" count="37" type="cond" truecount="1" falsecount="0"/>
      <line num="116" count="37" type="stmt"/>
      <line num="117" count="37" type="stmt"/>
      <line num="118" count="37" type="cond" truecount="1" falsecount="0"/>
      <line num="119" count="22" type="stmt"/>
      <line num="120" count="22" type="stmt"/>
      <line num="121" count="37" type="cond" truecount="1" falsecount="0"/>
      <line num="122" count="18" type="stmt"/>
      <line num="123" count="18" type="stmt"/>
      <line num="124" count="37" type="stmt"/>
      <line num="125" count="37" type="stmt"/>
    </file>
    <file name="feedback.ts" path="/Users/andy/chess/anki-movetrainer/src/feedback.ts">
      <metrics statements="122" coveredstatements="122" conditionals="38" coveredconditionals="37" methods="8" coveredmethods="8"/>
      <line num="8" count="1" type="cond" truecount="1" falsecount="0"/>
      <line num="9" count="25" type="stmt"/>
      <line num="10" count="25" type="stmt"/>
      <line num="11" count="25" type="stmt"/>
      <line num="12" count="25" type="stmt"/>
      <line num="13" count="25" type="stmt"/>
      <line num="15" count="25" type="stmt"/>
      <line num="17" count="25" type="cond" truecount="1" falsecount="0"/>
      <line num="18" count="25" type="cond" truecount="2" falsecount="0"/>
      <line num="19" count="19" type="cond" truecount="2" falsecount="0"/>
      <line num="20" count="18" type="stmt"/>
      <line num="21" count="18" type="stmt"/>
      <line num="22" count="18" type="stmt"/>
      <line num="23" count="18" type="stmt"/>
      <line num="24" count="18" type="stmt"/>
      <line num="25" count="18" type="stmt"/>
      <line num="26" count="18" type="stmt"/>
      <line num="27" count="18" type="stmt"/>
      <line num="28" count="18" type="stmt"/>
      <line num="29" count="18" type="stmt"/>
      <line num="30" count="18" type="stmt"/>
      <line num="31" count="18" type="stmt"/>
      <line num="32" count="18" type="stmt"/>
      <line num="33" count="18" type="stmt"/>
      <line num="34" count="18" type="stmt"/>
      <line num="35" count="18" type="stmt"/>
      <line num="36" count="25" type="stmt"/>
      <line num="38" count="25" type="cond" truecount="1" falsecount="0"/>
      <line num="39" count="7" type="cond" truecount="0" falsecount="1"/>
      <line num="41" count="7" type="stmt"/>
      <line num="42" count="7" type="cond" truecount="1" falsecount="0"/>
      <line num="43" count="11" type="cond" truecount="1" falsecount="0"/>
      <line num="44" count="8" type="cond" truecount="1" falsecount="0"/>
      <line num="45" count="7" type="stmt"/>
      <line num="46" count="8" type="cond" truecount="1" falsecount="0"/>
      <line num="47" count="1" type="stmt"/>
      <line num="48" count="1" type="stmt"/>
      <line num="49" count="11" type="cond" truecount="1" falsecount="0"/>
      <line num="50" count="3" type="stmt"/>
      <line num="51" count="3" type="stmt"/>
      <line num="52" count="7" type="stmt"/>
      <line num="53" count="7" type="stmt"/>
      <line num="55" count="25" type="cond" truecount="1" falsecount="0"/>
      <line num="56" count="8" type="stmt"/>
      <line num="57" count="8" type="stmt"/>
      <line num="58" count="8" type="stmt"/>
      <line num="59" count="8" type="stmt"/>
      <line num="60" count="8" type="stmt"/>
      <line num="61" count="8" type="stmt"/>
      <line num="62" count="8" type="stmt"/>
      <line num="63" count="8" type="stmt"/>
      <line num="64" count="8" type="stmt"/>
      <line num="65" count="8" type="stmt"/>
      <line num="66" count="8" type="stmt"/>
      <line num="67" count="8" type="stmt"/>
      <line num="69" count="25" type="cond" truecount="1" falsecount="0"/>
      <line num="70" count="10" type="cond" truecount="5" falsecount="0"/>
      <line num="71" count="4" type="stmt"/>
      <line num="72" count="10" type="cond" truecount="2" falsecount="0"/>
      <line num="73" count="10" type="stmt"/>
      <line num="74" count="10" type="stmt"/>
      <line num="76" count="10" type="stmt"/>
      <line num="77" count="10" type="stmt"/>
      <line num="78" count="10" type="stmt"/>
      <line num="79" count="10" type="stmt"/>
      <line num="80" count="10" type="stmt"/>
      <line num="81" count="10" type="stmt"/>
      <line num="83" count="10" type="stmt"/>
      <line num="84" count="10" type="stmt"/>
      <line num="85" count="10" type="stmt"/>
      <line num="86" count="10" type="stmt"/>
      <line num="87" count="10" type="stmt"/>
      <line num="88" count="10" type="stmt"/>
      <line num="90" count="10" type="stmt"/>
      <line num="91" count="10" type="stmt"/>
      <line num="92" count="10" type="stmt"/>
      <line num="93" count="10" type="stmt"/>
      <line num="94" count="10" type="stmt"/>
      <line num="95" count="10" type="stmt"/>
      <line num="96" count="10" type="stmt"/>
      <line num="98" count="10" type="stmt"/>
      <line num="99" count="10" type="stmt"/>
      <line num="100" count="10" type="stmt"/>
      <line num="101" count="10" type="stmt"/>
      <line num="103" count="25" type="stmt"/>
      <line num="104" count="25" type="cond" truecount="1" falsecount="0"/>
      <line num="105" count="10" type="cond" truecount="1" falsecount="0"/>
      <line num="106" count="6" type="stmt"/>
      <line num="107" count="6" type="stmt"/>
      <line num="108" count="6" type="stmt"/>
      <line num="109" count="6" type="stmt"/>
      <line num="110" count="6" type="stmt"/>
      <line num="111" count="6" type="stmt"/>
      <line num="112" count="10" type="stmt"/>
      <line num="113" count="10" type="stmt"/>
      <line num="114" count="25" type="cond" truecount="1" falsecount="0"/>
      <line num="115" count="16" type="cond" truecount="1" falsecount="0"/>
      <line num="116" count="14" type="stmt"/>
      <line num="117" count="14" type="stmt"/>
      <line num="118" count="14" type="stmt"/>
      <line num="119" count="16" type="cond" truecount="1" falsecount="0"/>
      <line num="121" count="14" type="stmt"/>
      <line num="122" count="14" type="stmt"/>
      <line num="123" count="16" type="stmt"/>
      <line num="124" count="25" type="cond" truecount="1" falsecount="0"/>
      <line num="125" count="18" type="cond" truecount="4" falsecount="0"/>
      <line num="126" count="13" type="stmt"/>
      <line num="127" count="15" type="cond" truecount="1" falsecount="0"/>
      <line num="128" count="5" type="stmt"/>
      <line num="129" count="5" type="cond" truecount="1" falsecount="0"/>
      <line num="130" count="5" type="stmt"/>
      <line num="131" count="5" type="cond" truecount="1" falsecount="0"/>
      <line num="132" count="18" type="cond" truecount="1" falsecount="0"/>
      <line num="133" count="11" type="stmt"/>
      <line num="134" count="11" type="cond" truecount="1" falsecount="0"/>
      <line num="135" count="11" type="stmt"/>
      <line num="136" count="11" type="cond" truecount="1" falsecount="0"/>
      <line num="137" count="13" type="stmt"/>
      <line num="138" count="18" type="stmt"/>
      <line num="139" count="25" type="stmt"/>
      <line num="140" count="25" type="stmt"/>
      <line num="141" count="25" type="stmt"/>
    </file>
    <file name="index.ts" path="/Users/andy/chess/anki-movetrainer/src/index.ts">
      <metrics statements="72" coveredstatements="70" conditionals="22" coveredconditionals="17" methods="3" coveredmethods="2"/>
      <line num="1" count="1" type="stmt"/>
      <line num="12" count="1" type="cond" truecount="1" falsecount="0"/>
      <line num="13" count="7" type="stmt"/>
      <line num="14" count="7" type="stmt"/>
      <line num="15" count="7" type="stmt"/>
      <line num="16" count="7" type="stmt"/>
      <line num="17" count="7" type="stmt"/>
      <line num="18" count="7" type="stmt"/>
      <line num="19" count="7" type="stmt"/>
      <line num="20" count="7" type="stmt"/>
      <line num="21" count="7" type="cond" truecount="0" falsecount="1"/>
      <line num="22" count="7" type="stmt"/>
      <line num="23" count="7" type="cond" truecount="1" falsecount="0"/>
      <line num="24" count="4" type="cond" truecount="2" falsecount="0"/>
      <line num="25" count="4" type="cond" truecount="1" falsecount="0"/>
      <line num="26" count="4" type="stmt"/>
      <line num="27" count="4" type="stmt"/>
      <line num="28" count="4" type="cond" truecount="1" falsecount="0"/>
      <line num="29" count="3" type="stmt"/>
      <line num="30" count="3" type="stmt"/>
      <line num="31" count="7" type="cond" truecount="1" falsecount="0"/>
      <line num="32" count="1" type="stmt"/>
      <line num="33" count="7" type="cond" truecount="1" falsecount="0"/>
      <line num="34" count="2" type="stmt"/>
      <line num="35" count="2" type="stmt"/>
      <line num="36" count="2" type="cond" truecount="1" falsecount="0"/>
      <line num="37" count="1" type="stmt"/>
      <line num="38" count="1" type="stmt"/>
      <line num="39" count="1" type="stmt"/>
      <line num="40" count="1" type="cond" truecount="0" falsecount="1"/>
      <line num="41" count="0" type="stmt"/>
      <line num="42" count="1" type="stmt"/>
      <line num="43" count="1" type="stmt"/>
      <line num="44" count="1" type="stmt"/>
      <line num="46" count="1" type="stmt"/>
      <line num="47" count="1" type="stmt"/>
      <line num="48" count="2" type="cond" truecount="1" falsecount="0"/>
      <line num="49" count="2" type="stmt"/>
      <line num="50" count="2" type="stmt"/>
      <line num="51" count="7" type="stmt"/>
      <line num="53" count="1" type="cond" truecount="1" falsecount="0"/>
      <line num="54" count="16" type="stmt"/>
      <line num="55" count="16" type="stmt"/>
      <line num="56" count="16" type="stmt"/>
      <line num="57" count="16" type="stmt"/>
      <line num="58" count="16" type="cond" truecount="0" falsecount="1"/>
      <line num="59" count="16" type="stmt"/>
      <line num="60" count="16" type="stmt"/>
      <line num="61" count="16" type="cond" truecount="0" falsecount="1"/>
      <line num="62" count="16" type="cond" truecount="1" falsecount="1"/>
      <line num="63" count="16" type="cond" truecount="1" falsecount="0"/>
      <line num="64" count="1" type="stmt"/>
      <line num="65" count="1" type="stmt"/>
      <line num="66" count="16" type="stmt"/>
      <line num="67" count="16" type="stmt"/>
      <line num="68" count="16" type="cond" truecount="1" falsecount="0"/>
      <line num="69" count="4" type="stmt"/>
      <line num="70" count="4" type="cond" truecount="1" falsecount="0"/>
      <line num="71" count="10" type="stmt"/>
      <line num="72" count="16" type="cond" truecount="1" falsecount="0"/>
      <line num="73" count="16" type="stmt"/>
      <line num="74" count="16" type="stmt"/>
      <line num="75" count="16" type="cond" truecount="1" falsecount="0"/>
      <line num="76" count="16" type="stmt"/>
      <line num="77" count="16" type="stmt"/>
      <line num="78" count="0" type="stmt"/>
      <line num="79" count="16" type="stmt"/>
      <line num="82" count="16" type="stmt"/>
      <line num="83" count="16" type="stmt"/>
      <line num="85" count="16" type="stmt"/>
      <line num="86" count="16" type="stmt"/>
      <line num="90" count="1" type="stmt"/>
    </file>
    <file name="pieces.ts" path="/Users/andy/chess/anki-movetrainer/src/pieces.ts">
      <metrics statements="18" coveredstatements="18" conditionals="2" coveredconditionals="2" methods="1" coveredmethods="1"/>
      <line num="1" count="1" type="stmt"/>
      <line num="16" count="1" type="stmt"/>
      <line num="17" count="1" type="stmt"/>
      <line num="18" count="1" type="stmt"/>
      <line num="19" count="1" type="stmt"/>
      <line num="20" count="1" type="stmt"/>
      <line num="21" count="1" type="stmt"/>
      <line num="22" count="1" type="stmt"/>
      <line num="23" count="1" type="stmt"/>
      <line num="24" count="1" type="stmt"/>
      <line num="25" count="1" type="stmt"/>
      <line num="26" count="1" type="stmt"/>
      <line num="27" count="1" type="stmt"/>
      <line num="28" count="1" type="stmt"/>
      <line num="29" count="1" type="stmt"/>
      <line num="31" count="1" type="cond" truecount="1" falsecount="0"/>
      <line num="33" count="14" type="cond" truecount="1" falsecount="0"/>
      <line num="34" count="14" type="stmt"/>
    </file>
    <file name="scheduler.ts" path="/Users/andy/chess/anki-movetrainer/src/scheduler.ts">
      <metrics statements="35" coveredstatements="35" conditionals="12" coveredconditionals="12" methods="3" coveredmethods="3"/>
      <line num="6" count="1" type="cond" truecount="1" falsecount="0"/>
      <line num="7" count="20" type="stmt"/>
      <line num="8" count="20" type="stmt"/>
      <line num="10" count="20" type="stmt"/>
      <line num="11" count="20" type="stmt"/>
      <line num="12" count="20" type="cond" truecount="1" falsecount="0"/>
      <line num="13" count="23" type="stmt"/>
      <line num="14" count="23" type="cond" truecount="1" falsecount="0"/>
      <line num="15" count="22" type="cond" truecount="1" falsecount="0"/>
      <line num="16" count="16" type="stmt"/>
      <line num="17" count="23" type="cond" truecount="1" falsecount="0"/>
      <line num="18" count="5" type="stmt"/>
      <line num="19" count="5" type="cond" truecount="1" falsecount="0"/>
      <line num="20" count="5" type="stmt"/>
      <line num="21" count="5" type="stmt"/>
      <line num="22" count="5" type="cond" truecount="1" falsecount="0"/>
      <line num="24" count="4" type="stmt"/>
      <line num="25" count="5" type="stmt"/>
      <line num="26" count="5" type="stmt"/>
      <line num="27" count="23" type="stmt"/>
      <line num="28" count="20" type="cond" truecount="1" falsecount="0"/>
      <line num="29" count="20" type="stmt"/>
      <line num="30" count="20" type="cond" truecount="1" falsecount="0"/>
      <line num="31" count="19" type="cond" truecount="1" falsecount="0"/>
      <line num="32" count="16" type="stmt"/>
      <line num="33" count="20" type="cond" truecount="1" falsecount="0"/>
      <line num="34" count="2" type="stmt"/>
      <line num="35" count="2" type="stmt"/>
      <line num="36" count="2" type="stmt"/>
      <line num="37" count="2" type="cond" truecount="1" falsecount="0"/>
      <line num="39" count="1" type="stmt"/>
      <line num="40" count="2" type="stmt"/>
      <line num="41" count="20" type="stmt"/>
      <line num="42" count="20" type="stmt"/>
      <line num="43" count="20" type="stmt"/>
    </file>
    <file name="types.ts" path="/Users/andy/chess/anki-movetrainer/src/types.ts">
      <metrics statements="0" coveredstatements="0" conditionals="1" coveredconditionals="1" methods="1" coveredmethods="1"/>
    </file>
    <file name="ui.ts" path="/Users/andy/chess/anki-movetrainer/src/ui.ts">
      <metrics statements="33" coveredstatements="31" conditionals="23" coveredconditionals="18" methods="3" coveredmethods="2"/>
      <line num="14" count="1" type="cond" truecount="1" falsecount="0"/>
      <line num="15" count="19" type="stmt"/>
      <line num="16" count="19" type="stmt"/>
      <line num="17" count="19" type="stmt"/>
      <line num="18" count="19" type="cond" truecount="2" falsecount="0"/>
      <line num="19" count="1" type="stmt"/>
      <line num="20" count="1" type="cond" truecount="1" falsecount="0"/>
      <line num="21" count="19" type="cond" truecount="2" falsecount="0"/>
      <line num="22" count="1" type="stmt"/>
      <line num="23" count="1" type="cond" truecount="1" falsecount="0"/>
      <line num="24" count="19" type="cond" truecount="1" falsecount="0"/>
      <line num="25" count="1" type="stmt"/>
      <line num="26" count="1" type="cond" truecount="1" falsecount="0"/>
      <line num="27" count="19" type="cond" truecount="0" falsecount="1"/>
      <line num="28" count="0" type="stmt"/>
      <line num="29" count="0" type="cond" truecount="1" falsecount="0"/>
      <line num="30" count="16" type="stmt"/>
      <line num="31" count="16" type="stmt"/>
      <line num="32" count="19" type="cond" truecount="2" falsecount="0"/>
      <line num="34" count="13" type="stmt"/>
      <line num="35" count="19" type="cond" truecount="0" falsecount="1"/>
      <line num="36" count="19" type="stmt"/>
      <line num="37" count="19" type="stmt"/>
      <line num="38" count="19" type="cond" truecount="1" falsecount="1"/>
      <line num="39" count="19" type="cond" truecount="1" falsecount="1"/>
      <line num="40" count="19" type="cond" truecount="1" falsecount="1"/>
      <line num="41" count="19" type="stmt"/>
      <line num="42" count="19" type="stmt"/>
      <line num="43" count="19" type="stmt"/>
      <line num="45" count="19" type="stmt"/>
      <line num="46" count="19" type="cond" truecount="3" falsecount="0"/>
      <line num="47" count="19" type="stmt"/>
      <line num="48" count="19" type="stmt"/>
    </file>
  </project>
</coverage>
