<?xml version="1.0" encoding="UTF-8"?>
<coverage generated="1756640929061" clover="3.2.0">
  <project timestamp="1756640929061" name="All files">
    <metrics statements="490" coveredstatements="479" conditionals="176" coveredconditionals="163" methods="50" coveredmethods="48" elements="716" coveredelements="690" complexity="0" loc="490" ncloc="490" packages="3" files="9" classes="9"/>
    <package name="src">
      <metrics statements="417" coveredstatements="406" conditionals="152" coveredconditionals="139" methods="35" coveredmethods="33"/>
      <file name="engine.ts" path="/Users/andy/chess/anki-movetrainer/src/engine.ts">
        <metrics statements="137" coveredstatements="135" conditionals="50" coveredconditionals="48" methods="16" coveredmethods="16"/>
        <line num="1" count="1" type="stmt"/>
        <line num="22" count="1" type="cond" truecount="1" falsecount="0"/>
        <line num="23" count="10" type="cond" truecount="1" falsecount="0"/>
        <line num="24" count="2" type="stmt"/>
        <line num="25" count="2" type="stmt"/>
        <line num="26" count="10" type="stmt"/>
        <line num="35" count="1" type="stmt"/>
        <line num="37" count="1" type="cond" truecount="1" falsecount="0"/>
        <line num="41" count="55" type="stmt"/>
        <line num="42" count="55" type="cond" truecount="4" falsecount="0"/>
        <line num="43" count="7" type="stmt"/>
        <line num="44" count="7" type="cond" truecount="1" falsecount="0"/>
        <line num="45" count="55" type="cond" truecount="1" falsecount="0"/>
        <line num="46" count="55" type="stmt"/>
        <line num="47" count="55" type="cond" truecount="0" falsecount="1"/>
        <line num="48" count="55" type="stmt"/>
        <line num="49" count="55" type="stmt"/>
        <line num="50" count="55" type="stmt"/>
        <line num="51" count="55" type="stmt"/>
        <line num="53" count="55" type="cond" truecount="1" falsecount="0"/>
        <line num="54" count="173" type="stmt"/>
        <line num="55" count="173" type="stmt"/>
        <line num="56" count="173" type="stmt"/>
        <line num="57" count="173" type="cond" truecount="1" falsecount="0"/>
        <line num="58" count="11354" type="stmt"/>
        <line num="59" count="11354" type="stmt"/>
        <line num="60" count="173" type="stmt"/>
        <line num="61" count="173" type="stmt"/>
        <line num="62" count="173" type="stmt"/>
        <line num="63" count="173" type="stmt"/>
        <line num="64" count="173" type="stmt"/>
        <line num="65" count="173" type="stmt"/>
        <line num="66" count="173" type="stmt"/>
        <line num="67" count="173" type="stmt"/>
        <line num="68" count="173" type="stmt"/>
        <line num="69" count="173" type="stmt"/>
        <line num="70" count="173" type="stmt"/>
        <line num="72" count="55" type="cond" truecount="1" falsecount="0"/>
        <line num="73" count="173" type="stmt"/>
        <line num="74" count="173" type="stmt"/>
        <line num="75" count="173" type="stmt"/>
        <line num="76" count="173" type="cond" truecount="0" falsecount="1"/>
        <line num="77" count="0" type="stmt"/>
        <line num="78" count="0" type="stmt"/>
        <line num="79" count="173" type="stmt"/>
        <line num="80" count="173" type="stmt"/>
        <line num="81" count="173" type="stmt"/>
        <line num="82" count="173" type="stmt"/>
        <line num="84" count="55" type="cond" truecount="1" falsecount="0"/>
        <line num="85" count="173" type="stmt"/>
        <line num="86" count="173" type="stmt"/>
        <line num="87" count="173" type="stmt"/>
        <line num="88" count="173" type="stmt"/>
        <line num="89" count="173" type="stmt"/>
        <line num="90" count="173" type="stmt"/>
        <line num="92" count="55" type="cond" truecount="1" falsecount="0"/>
        <line num="93" count="7" type="stmt"/>
        <line num="94" count="7" type="cond" truecount="2" falsecount="0"/>
        <line num="95" count="5" type="cond" truecount="1" falsecount="0"/>
        <line num="96" count="5" type="stmt"/>
        <line num="97" count="7" type="cond" truecount="2" falsecount="0"/>
        <line num="98" count="3" type="cond" truecount="1" falsecount="0"/>
        <line num="99" count="3" type="cond" truecount="1" falsecount="0"/>
        <line num="100" count="7" type="cond" truecount="2" falsecount="0"/>
        <line num="101" count="2" type="cond" truecount="1" falsecount="0"/>
        <line num="102" count="2" type="cond" truecount="1" falsecount="0"/>
        <line num="103" count="3" type="stmt"/>
        <line num="104" count="7" type="cond" truecount="1" falsecount="0"/>
        <line num="105" count="1" type="stmt"/>
        <line num="106" count="1" type="stmt"/>
        <line num="107" count="7" type="stmt"/>
        <line num="109" count="55" type="stmt"/>
        <line num="110" count="55" type="cond" truecount="1" falsecount="0"/>
        <line num="111" count="185" type="cond" truecount="4" falsecount="0"/>
        <line num="112" count="7" type="stmt"/>
        <line num="113" count="7" type="cond" truecount="1" falsecount="0"/>
        <line num="114" count="178" type="stmt"/>
        <line num="115" count="185" type="cond" truecount="3" falsecount="0"/>
        <line num="116" count="6" type="stmt"/>
        <line num="117" count="6" type="stmt"/>
        <line num="118" count="6" type="stmt"/>
        <line num="119" count="6" type="cond" truecount="1" falsecount="0"/>
        <line num="120" count="172" type="stmt"/>
        <line num="121" count="172" type="stmt"/>
        <line num="122" count="172" type="stmt"/>
        <line num="123" count="172" type="stmt"/>
        <line num="124" count="172" type="stmt"/>
        <line num="125" count="185" type="stmt"/>
        <line num="126" count="55" type="cond" truecount="1" falsecount="0"/>
        <line num="127" count="7" type="stmt"/>
        <line num="128" count="7" type="stmt"/>
        <line num="129" count="55" type="cond" truecount="1" falsecount="0"/>
        <line num="130" count="8" type="stmt"/>
        <line num="131" count="8" type="stmt"/>
        <line num="132" count="55" type="cond" truecount="1" falsecount="0"/>
        <line num="133" count="54" type="stmt"/>
        <line num="134" count="54" type="stmt"/>
        <line num="135" count="55" type="cond" truecount="1" falsecount="0"/>
        <line num="136" count="29" type="stmt"/>
        <line num="137" count="29" type="stmt"/>
        <line num="138" count="55" type="cond" truecount="1" falsecount="0"/>
        <line num="139" count="23" type="stmt"/>
        <line num="140" count="23" type="stmt"/>
        <line num="141" count="55" type="cond" truecount="1" falsecount="0"/>
        <line num="142" count="3" type="cond" truecount="1" falsecount="0"/>
        <line num="143" count="2" type="stmt"/>
        <line num="144" count="2" type="stmt"/>
        <line num="145" count="2" type="stmt"/>
        <line num="146" count="2" type="stmt"/>
        <line num="147" count="2" type="cond" truecount="1" falsecount="0"/>
        <line num="148" count="1" type="stmt"/>
        <line num="149" count="3" type="stmt"/>
        <line num="150" count="55" type="cond" truecount="1" falsecount="0"/>
        <line num="151" count="2" type="cond" truecount="1" falsecount="0"/>
        <line num="152" count="1" type="stmt"/>
        <line num="153" count="1" type="stmt"/>
        <line num="154" count="1" type="stmt"/>
        <line num="155" count="1" type="stmt"/>
        <line num="156" count="1" type="stmt"/>
        <line num="157" count="1" type="stmt"/>
        <line num="158" count="1" type="stmt"/>
        <line num="159" count="1" type="stmt"/>
        <line num="160" count="1" type="stmt"/>
        <line num="161" count="1" type="stmt"/>
        <line num="162" count="2" type="stmt"/>
        <line num="163" count="55" type="cond" truecount="1" falsecount="0"/>
        <line num="164" count="4" type="stmt"/>
        <line num="165" count="4" type="stmt"/>
        <line num="166" count="55" type="stmt"/>
        <line num="167" count="55" type="cond" truecount="1" falsecount="0"/>
        <line num="168" count="1" type="stmt"/>
        <line num="169" count="1" type="stmt"/>
        <line num="170" count="1" type="stmt"/>
        <line num="171" count="1" type="stmt"/>
        <line num="172" count="1" type="stmt"/>
        <line num="173" count="55" type="stmt"/>
        <line num="174" count="55" type="stmt"/>
      </file>
      <file name="feedback.ts" path="/Users/andy/chess/anki-movetrainer/src/feedback.ts">
        <metrics statements="122" coveredstatements="122" conditionals="38" coveredconditionals="37" methods="8" coveredmethods="8"/>
        <line num="8" count="1" type="cond" truecount="1" falsecount="0"/>
        <line num="9" count="28" type="stmt"/>
        <line num="10" count="28" type="stmt"/>
        <line num="11" count="28" type="stmt"/>
        <line num="12" count="28" type="stmt"/>
        <line num="13" count="28" type="stmt"/>
        <line num="15" count="28" type="stmt"/>
        <line num="17" count="28" type="cond" truecount="1" falsecount="0"/>
        <line num="18" count="28" type="cond" truecount="2" falsecount="0"/>
        <line num="19" count="19" type="cond" truecount="2" falsecount="0"/>
        <line num="20" count="18" type="stmt"/>
        <line num="21" count="18" type="stmt"/>
        <line num="22" count="18" type="stmt"/>
        <line num="23" count="18" type="stmt"/>
        <line num="24" count="18" type="stmt"/>
        <line num="25" count="18" type="stmt"/>
        <line num="26" count="18" type="stmt"/>
        <line num="27" count="18" type="stmt"/>
        <line num="28" count="18" type="stmt"/>
        <line num="29" count="18" type="stmt"/>
        <line num="30" count="18" type="stmt"/>
        <line num="31" count="18" type="stmt"/>
        <line num="32" count="18" type="stmt"/>
        <line num="33" count="18" type="stmt"/>
        <line num="34" count="18" type="stmt"/>
        <line num="35" count="18" type="stmt"/>
        <line num="36" count="28" type="stmt"/>
        <line num="38" count="28" type="cond" truecount="1" falsecount="0"/>
        <line num="39" count="7" type="cond" truecount="0" falsecount="1"/>
        <line num="41" count="7" type="stmt"/>
        <line num="42" count="7" type="cond" truecount="1" falsecount="0"/>
        <line num="43" count="11" type="cond" truecount="1" falsecount="0"/>
        <line num="44" count="8" type="cond" truecount="1" falsecount="0"/>
        <line num="45" count="7" type="stmt"/>
        <line num="46" count="8" type="cond" truecount="1" falsecount="0"/>
        <line num="47" count="1" type="stmt"/>
        <line num="48" count="1" type="stmt"/>
        <line num="49" count="11" type="cond" truecount="1" falsecount="0"/>
        <line num="50" count="3" type="stmt"/>
        <line num="51" count="3" type="stmt"/>
        <line num="52" count="7" type="stmt"/>
        <line num="53" count="7" type="stmt"/>
        <line num="55" count="28" type="cond" truecount="1" falsecount="0"/>
        <line num="56" count="8" type="stmt"/>
        <line num="57" count="8" type="stmt"/>
        <line num="58" count="8" type="stmt"/>
        <line num="59" count="8" type="stmt"/>
        <line num="60" count="8" type="stmt"/>
        <line num="61" count="8" type="stmt"/>
        <line num="62" count="8" type="stmt"/>
        <line num="63" count="8" type="stmt"/>
        <line num="64" count="8" type="stmt"/>
        <line num="65" count="8" type="stmt"/>
        <line num="66" count="8" type="stmt"/>
        <line num="67" count="8" type="stmt"/>
        <line num="69" count="28" type="cond" truecount="1" falsecount="0"/>
        <line num="70" count="10" type="cond" truecount="5" falsecount="0"/>
        <line num="71" count="4" type="stmt"/>
        <line num="72" count="10" type="cond" truecount="2" falsecount="0"/>
        <line num="73" count="10" type="stmt"/>
        <line num="74" count="10" type="stmt"/>
        <line num="76" count="10" type="stmt"/>
        <line num="77" count="10" type="stmt"/>
        <line num="78" count="10" type="stmt"/>
        <line num="79" count="10" type="stmt"/>
        <line num="80" count="10" type="stmt"/>
        <line num="81" count="10" type="stmt"/>
        <line num="83" count="10" type="stmt"/>
        <line num="84" count="10" type="stmt"/>
        <line num="85" count="10" type="stmt"/>
        <line num="86" count="10" type="stmt"/>
        <line num="87" count="10" type="stmt"/>
        <line num="88" count="10" type="stmt"/>
        <line num="90" count="10" type="stmt"/>
        <line num="91" count="10" type="stmt"/>
        <line num="92" count="10" type="stmt"/>
        <line num="93" count="10" type="stmt"/>
        <line num="94" count="10" type="stmt"/>
        <line num="95" count="10" type="stmt"/>
        <line num="96" count="10" type="stmt"/>
        <line num="98" count="10" type="stmt"/>
        <line num="99" count="10" type="stmt"/>
        <line num="100" count="10" type="stmt"/>
        <line num="101" count="10" type="stmt"/>
        <line num="103" count="28" type="stmt"/>
        <line num="104" count="28" type="cond" truecount="1" falsecount="0"/>
        <line num="105" count="10" type="cond" truecount="1" falsecount="0"/>
        <line num="106" count="6" type="stmt"/>
        <line num="107" count="6" type="stmt"/>
        <line num="108" count="6" type="stmt"/>
        <line num="109" count="6" type="stmt"/>
        <line num="110" count="6" type="stmt"/>
        <line num="111" count="6" type="stmt"/>
        <line num="112" count="10" type="stmt"/>
        <line num="113" count="10" type="stmt"/>
        <line num="114" count="28" type="cond" truecount="1" falsecount="0"/>
        <line num="115" count="21" type="cond" truecount="1" falsecount="0"/>
        <line num="116" count="14" type="stmt"/>
        <line num="117" count="14" type="stmt"/>
        <line num="118" count="14" type="stmt"/>
        <line num="119" count="21" type="cond" truecount="1" falsecount="0"/>
        <line num="121" count="14" type="stmt"/>
        <line num="122" count="14" type="stmt"/>
        <line num="123" count="21" type="stmt"/>
        <line num="124" count="28" type="cond" truecount="1" falsecount="0"/>
        <line num="125" count="23" type="cond" truecount="4" falsecount="0"/>
        <line num="126" count="13" type="stmt"/>
        <line num="127" count="20" type="cond" truecount="1" falsecount="0"/>
        <line num="128" count="5" type="stmt"/>
        <line num="129" count="5" type="cond" truecount="1" falsecount="0"/>
        <line num="130" count="5" type="stmt"/>
        <line num="131" count="5" type="cond" truecount="1" falsecount="0"/>
        <line num="132" count="23" type="cond" truecount="1" falsecount="0"/>
        <line num="133" count="11" type="stmt"/>
        <line num="134" count="11" type="cond" truecount="1" falsecount="0"/>
        <line num="135" count="11" type="stmt"/>
        <line num="136" count="11" type="cond" truecount="1" falsecount="0"/>
        <line num="137" count="13" type="stmt"/>
        <line num="138" count="23" type="stmt"/>
        <line num="139" count="28" type="stmt"/>
        <line num="140" count="28" type="stmt"/>
        <line num="141" count="28" type="stmt"/>
      </file>
      <file name="index.ts" path="/Users/andy/chess/anki-movetrainer/src/index.ts">
        <metrics statements="72" coveredstatements="63" conditionals="25" coveredconditionals="19" methods="3" coveredmethods="2"/>
        <line num="1" count="1" type="stmt"/>
        <line num="12" count="1" type="cond" truecount="1" falsecount="0"/>
        <line num="13" count="10" type="stmt"/>
        <line num="14" count="10" type="stmt"/>
        <line num="15" count="10" type="stmt"/>
        <line num="16" count="10" type="stmt"/>
        <line num="17" count="10" type="stmt"/>
        <line num="18" count="10" type="stmt"/>
        <line num="19" count="10" type="stmt"/>
        <line num="20" count="10" type="stmt"/>
        <line num="21" count="10" type="cond" truecount="2" falsecount="0"/>
        <line num="22" count="9" type="stmt"/>
        <line num="23" count="10" type="cond" truecount="1" falsecount="0"/>
        <line num="24" count="4" type="cond" truecount="2" falsecount="0"/>
        <line num="25" count="4" type="cond" truecount="1" falsecount="0"/>
        <line num="26" count="4" type="stmt"/>
        <line num="27" count="4" type="stmt"/>
        <line num="28" count="4" type="cond" truecount="1" falsecount="0"/>
        <line num="29" count="5" type="stmt"/>
        <line num="30" count="5" type="stmt"/>
        <line num="31" count="10" type="cond" truecount="1" falsecount="0"/>
        <line num="32" count="3" type="stmt"/>
        <line num="33" count="10" type="cond" truecount="1" falsecount="0"/>
        <line num="34" count="2" type="stmt"/>
        <line num="35" count="2" type="stmt"/>
        <line num="36" count="2" type="cond" truecount="1" falsecount="0"/>
        <line num="37" count="1" type="stmt"/>
        <line num="38" count="1" type="cond" truecount="0" falsecount="3"/>
        <line num="39" count="0" type="stmt"/>
        <line num="40" count="0" type="stmt"/>
        <line num="41" count="0" type="stmt"/>
        <line num="42" count="0" type="stmt"/>
        <line num="43" count="0" type="stmt"/>
        <line num="44" count="0" type="stmt"/>
        <line num="46" count="0" type="stmt"/>
        <line num="47" count="0" type="stmt"/>
        <line num="48" count="2" type="cond" truecount="1" falsecount="0"/>
        <line num="49" count="2" type="stmt"/>
        <line num="50" count="2" type="stmt"/>
        <line num="51" count="10" type="stmt"/>
        <line num="53" count="1" type="cond" truecount="1" falsecount="0"/>
        <line num="54" count="18" type="stmt"/>
        <line num="55" count="18" type="stmt"/>
        <line num="56" count="18" type="stmt"/>
        <line num="57" count="18" type="stmt"/>
        <line num="58" count="18" type="cond" truecount="0" falsecount="1"/>
        <line num="59" count="18" type="stmt"/>
        <line num="60" count="18" type="stmt"/>
        <line num="61" count="18" type="cond" truecount="0" falsecount="1"/>
        <line num="62" count="18" type="cond" truecount="1" falsecount="1"/>
        <line num="63" count="18" type="cond" truecount="1" falsecount="0"/>
        <line num="64" count="1" type="stmt"/>
        <line num="65" count="1" type="stmt"/>
        <line num="66" count="18" type="stmt"/>
        <line num="67" count="18" type="stmt"/>
        <line num="68" count="18" type="cond" truecount="1" falsecount="0"/>
        <line num="69" count="3" type="stmt"/>
        <line num="70" count="3" type="cond" truecount="1" falsecount="0"/>
        <line num="71" count="13" type="stmt"/>
        <line num="72" count="18" type="cond" truecount="1" falsecount="0"/>
        <line num="73" count="18" type="stmt"/>
        <line num="74" count="18" type="stmt"/>
        <line num="75" count="18" type="cond" truecount="1" falsecount="0"/>
        <line num="76" count="18" type="stmt"/>
        <line num="77" count="18" type="stmt"/>
        <line num="78" count="0" type="stmt"/>
        <line num="79" count="18" type="stmt"/>
        <line num="82" count="18" type="stmt"/>
        <line num="83" count="18" type="stmt"/>
        <line num="85" count="18" type="stmt"/>
        <line num="86" count="18" type="stmt"/>
        <line num="90" count="1" type="stmt"/>
      </file>
      <file name="pieces.ts" path="/Users/andy/chess/anki-movetrainer/src/pieces.ts">
        <metrics statements="18" coveredstatements="18" conditionals="2" coveredconditionals="2" methods="1" coveredmethods="1"/>
        <line num="1" count="1" type="stmt"/>
        <line num="16" count="1" type="stmt"/>
        <line num="17" count="1" type="stmt"/>
        <line num="18" count="1" type="stmt"/>
        <line num="19" count="1" type="stmt"/>
        <line num="20" count="1" type="stmt"/>
        <line num="21" count="1" type="stmt"/>
        <line num="22" count="1" type="stmt"/>
        <line num="23" count="1" type="stmt"/>
        <line num="24" count="1" type="stmt"/>
        <line num="25" count="1" type="stmt"/>
        <line num="26" count="1" type="stmt"/>
        <line num="27" count="1" type="stmt"/>
        <line num="28" count="1" type="stmt"/>
        <line num="29" count="1" type="stmt"/>
        <line num="31" count="1" type="cond" truecount="1" falsecount="0"/>
        <line num="33" count="14" type="cond" truecount="1" falsecount="0"/>
        <line num="34" count="14" type="stmt"/>
      </file>
      <file name="scheduler.ts" path="/Users/andy/chess/anki-movetrainer/src/scheduler.ts">
        <metrics statements="35" coveredstatements="35" conditionals="12" coveredconditionals="12" methods="3" coveredmethods="3"/>
        <line num="6" count="1" type="cond" truecount="1" falsecount="0"/>
        <line num="7" count="23" type="stmt"/>
        <line num="8" count="23" type="stmt"/>
        <line num="10" count="23" type="stmt"/>
        <line num="11" count="23" type="stmt"/>
        <line num="12" count="23" type="cond" truecount="1" falsecount="0"/>
        <line num="13" count="23" type="stmt"/>
        <line num="14" count="23" type="cond" truecount="1" falsecount="0"/>
        <line num="15" count="22" type="cond" truecount="1" falsecount="0"/>
        <line num="16" count="16" type="stmt"/>
        <line num="17" count="23" type="cond" truecount="1" falsecount="0"/>
        <line num="18" count="5" type="stmt"/>
        <line num="19" count="5" type="cond" truecount="1" falsecount="0"/>
        <line num="20" count="5" type="stmt"/>
        <line num="21" count="5" type="stmt"/>
        <line num="22" count="5" type="cond" truecount="1" falsecount="0"/>
        <line num="24" count="4" type="stmt"/>
        <line num="25" count="5" type="stmt"/>
        <line num="26" count="5" type="stmt"/>
        <line num="27" count="23" type="stmt"/>
        <line num="28" count="23" type="cond" truecount="1" falsecount="0"/>
        <line num="29" count="22" type="stmt"/>
        <line num="30" count="22" type="cond" truecount="1" falsecount="0"/>
        <line num="31" count="21" type="cond" truecount="1" falsecount="0"/>
        <line num="32" count="16" type="stmt"/>
        <line num="33" count="22" type="cond" truecount="1" falsecount="0"/>
        <line num="34" count="2" type="stmt"/>
        <line num="35" count="2" type="stmt"/>
        <line num="36" count="2" type="stmt"/>
        <line num="37" count="2" type="cond" truecount="1" falsecount="0"/>
        <line num="39" count="1" type="stmt"/>
        <line num="40" count="2" type="stmt"/>
        <line num="41" count="22" type="stmt"/>
        <line num="42" count="23" type="stmt"/>
        <line num="43" count="23" type="stmt"/>
      </file>
      <file name="types.ts" path="/Users/andy/chess/anki-movetrainer/src/types.ts">
        <metrics statements="0" coveredstatements="0" conditionals="1" coveredconditionals="1" methods="1" coveredmethods="1"/>
      </file>
      <file name="ui.ts" path="/Users/andy/chess/anki-movetrainer/src/ui.ts">
        <metrics statements="33" coveredstatements="33" conditionals="24" coveredconditionals="20" methods="3" coveredmethods="2"/>
        <line num="14" count="1" type="cond" truecount="1" falsecount="0"/>
        <line num="15" count="24" type="stmt"/>
        <line num="16" count="24" type="stmt"/>
        <line num="17" count="24" type="stmt"/>
        <line num="18" count="24" type="cond" truecount="2" falsecount="0"/>
        <line num="19" count="1" type="stmt"/>
        <line num="20" count="1" type="cond" truecount="1" falsecount="0"/>
        <line num="21" count="24" type="cond" truecount="2" falsecount="0"/>
        <line num="22" count="1" type="stmt"/>
        <line num="23" count="1" type="cond" truecount="1" falsecount="0"/>
        <line num="24" count="24" type="cond" truecount="1" falsecount="0"/>
        <line num="25" count="1" type="stmt"/>
        <line num="26" count="1" type="cond" truecount="1" falsecount="0"/>
        <line num="27" count="24" type="cond" truecount="1" falsecount="0"/>
        <line num="28" count="2" type="stmt"/>
        <line num="29" count="2" type="cond" truecount="2" falsecount="0"/>
        <line num="30" count="19" type="stmt"/>
        <line num="31" count="19" type="stmt"/>
        <line num="32" count="22" type="cond" truecount="2" falsecount="0"/>
        <line num="34" count="16" type="stmt"/>
        <line num="35" count="24" type="cond" truecount="0" falsecount="1"/>
        <line num="36" count="24" type="stmt"/>
        <line num="37" count="24" type="stmt"/>
        <line num="38" count="24" type="cond" truecount="1" falsecount="1"/>
        <line num="39" count="24" type="cond" truecount="1" falsecount="1"/>
        <line num="40" count="24" type="cond" truecount="1" falsecount="1"/>
        <line num="41" count="24" type="stmt"/>
        <line num="42" count="24" type="stmt"/>
        <line num="43" count="24" type="stmt"/>
        <line num="45" count="24" type="stmt"/>
        <line num="46" count="24" type="cond" truecount="3" falsecount="0"/>
        <line num="47" count="24" type="stmt"/>
        <line num="48" count="24" type="stmt"/>
      </file>
    </package>
    <package name="src.helpers">
      <metrics statements="67" coveredstatements="67" conditionals="23" coveredconditionals="23" methods="15" coveredmethods="15"/>
      <file name="engineHelpers.ts" path="/Users/andy/chess/anki-movetrainer/src/helpers/engineHelpers.ts">
        <metrics statements="67" coveredstatements="67" conditionals="23" coveredconditionals="23" methods="15" coveredmethods="15"/>
        <line num="1" count="1" type="stmt"/>
        <line num="7" count="1" type="cond" truecount="1" falsecount="0"/>
        <line num="8" count="6" type="cond" truecount="1" falsecount="0"/>
        <line num="9" count="3" type="cond" truecount="1" falsecount="0"/>
        <line num="10" count="3" type="stmt"/>
        <line num="11" count="3" type="stmt"/>
        <line num="12" count="3" type="stmt"/>
        <line num="15" count="1" type="cond" truecount="1" falsecount="0"/>
        <line num="16" count="43" type="stmt"/>
        <line num="17" count="43" type="cond" truecount="1" falsecount="0"/>
        <line num="18" count="43" type="stmt"/>
        <line num="19" count="43" type="cond" truecount="1" falsecount="0"/>
        <line num="20" count="1" type="stmt"/>
        <line num="21" count="1" type="cond" truecount="1" falsecount="0"/>
        <line num="22" count="42" type="stmt"/>
        <line num="23" count="42" type="stmt"/>
        <line num="26" count="1" type="cond" truecount="1" falsecount="0"/>
        <line num="27" count="189" type="stmt"/>
        <line num="28" count="189" type="stmt"/>
        <line num="29" count="189" type="stmt"/>
        <line num="30" count="189" type="stmt"/>
        <line num="31" count="189" type="stmt"/>
        <line num="32" count="189" type="stmt"/>
        <line num="33" count="189" type="stmt"/>
        <line num="34" count="189" type="stmt"/>
        <line num="35" count="189" type="cond" truecount="2" falsecount="0"/>
        <line num="36" count="179" type="stmt"/>
        <line num="37" count="189" type="cond" truecount="1" falsecount="0"/>
        <line num="38" count="2" type="stmt"/>
        <line num="39" count="2" type="stmt"/>
        <line num="40" count="189" type="stmt"/>
        <line num="43" count="1" type="cond" truecount="1" falsecount="0"/>
        <line num="44" count="7" type="stmt"/>
        <line num="45" count="7" type="cond" truecount="1" falsecount="0"/>
        <line num="46" count="1" type="stmt"/>
        <line num="47" count="1" type="stmt"/>
        <line num="48" count="7" type="cond" truecount="1" falsecount="0"/>
        <line num="49" count="1" type="stmt"/>
        <line num="50" count="1" type="stmt"/>
        <line num="51" count="7" type="cond" truecount="1" falsecount="0"/>
        <line num="52" count="1" type="stmt"/>
        <line num="53" count="1" type="stmt"/>
        <line num="54" count="7" type="cond" truecount="1" falsecount="0"/>
        <line num="55" count="1" type="stmt"/>
        <line num="56" count="1" type="stmt"/>
        <line num="57" count="7" type="cond" truecount="1" falsecount="0"/>
        <line num="58" count="5" type="stmt"/>
        <line num="59" count="5" type="stmt"/>
        <line num="60" count="7" type="cond" truecount="1" falsecount="0"/>
        <line num="61" count="5" type="stmt"/>
        <line num="62" count="5" type="stmt"/>
        <line num="63" count="7" type="cond" truecount="1" falsecount="0"/>
        <line num="64" count="1" type="stmt"/>
        <line num="65" count="1" type="stmt"/>
        <line num="66" count="7" type="cond" truecount="1" falsecount="0"/>
        <line num="67" count="1" type="stmt"/>
        <line num="68" count="1" type="stmt"/>
        <line num="69" count="7" type="cond" truecount="1" falsecount="0"/>
        <line num="70" count="1" type="stmt"/>
        <line num="71" count="1" type="stmt"/>
        <line num="72" count="7" type="cond" truecount="1" falsecount="0"/>
        <line num="73" count="1" type="stmt"/>
        <line num="74" count="1" type="stmt"/>
        <line num="75" count="7" type="cond" truecount="1" falsecount="0"/>
        <line num="77" count="1" type="stmt"/>
        <line num="78" count="7" type="stmt"/>
        <line num="79" count="7" type="stmt"/>
      </file>
    </package>
    <package name="src.types">
      <metrics statements="6" coveredstatements="6" conditionals="1" coveredconditionals="1" methods="0" coveredmethods="0"/>
      <file name="GameStatus.ts" path="/Users/andy/chess/anki-movetrainer/src/types/GameStatus.ts">
        <metrics statements="6" coveredstatements="6" conditionals="1" coveredconditionals="1" methods="0" coveredmethods="0"/>
        <line num="2" count="1" type="cond" truecount="1" falsecount="0"/>
        <line num="3" count="1" type="stmt"/>
        <line num="4" count="1" type="stmt"/>
        <line num="5" count="1" type="stmt"/>
        <line num="6" count="1" type="stmt"/>
        <line num="7" count="1" type="stmt"/>
      </file>
    </package>
  </project>
</coverage>
