{"/Users/andy/chess/anki-movetrainer/src/engine.ts": {"path":"/Users/andy/chess/anki-movetrainer/src/engine.ts","all":false,"statementMap":{"0":{"start":{"line":1,"column":0},"end":{"line":1,"column":3}},"15":{"start":{"line":16,"column":0},"end":{"line":16,"column":37}},"16":{"start":{"line":17,"column":0},"end":{"line":17,"column":62}},"17":{"start":{"line":18,"column":0},"end":{"line":18,"column":37}},"18":{"start":{"line":19,"column":0},"end":{"line":19,"column":3}},"19":{"start":{"line":20,"column":0},"end":{"line":20,"column":1}},"22":{"start":{"line":23,"column":0},"end":{"line":23,"column":20}},"24":{"start":{"line":25,"column":0},"end":{"line":25,"column":34}},"25":{"start":{"line":26,"column":0},"end":{"line":26,"column":14}},"26":{"start":{"line":27,"column":0},"end":{"line":27,"column":19}},"27":{"start":{"line":28,"column":0},"end":{"line":28,"column":68}},"28":{"start":{"line":29,"column":0},"end":{"line":29,"column":12}},"29":{"start":{"line":30,"column":0},"end":{"line":30,"column":20}},"30":{"start":{"line":31,"column":0},"end":{"line":31,"column":72}},"31":{"start":{"line":32,"column":0},"end":{"line":32,"column":6}},"32":{"start":{"line":33,"column":0},"end":{"line":33,"column":14}},"33":{"start":{"line":34,"column":0},"end":{"line":34,"column":1}},"35":{"start":{"line":36,"column":0},"end":{"line":36,"column":33}},"36":{"start":{"line":37,"column":0},"end":{"line":37,"column":17}},"37":{"start":{"line":38,"column":0},"end":{"line":38,"column":12}},"38":{"start":{"line":39,"column":0},"end":{"line":39,"column":16}},"39":{"start":{"line":40,"column":0},"end":{"line":40,"column":15}},"40":{"start":{"line":41,"column":0},"end":{"line":41,"column":3}},"41":{"start":{"line":42,"column":0},"end":{"line":42,"column":7}},"42":{"start":{"line":43,"column":0},"end":{"line":43,"column":42}},"43":{"start":{"line":44,"column":0},"end":{"line":44,"column":54}},"44":{"start":{"line":45,"column":0},"end":{"line":45,"column":31}},"45":{"start":{"line":46,"column":0},"end":{"line":46,"column":62}},"46":{"start":{"line":47,"column":0},"end":{"line":47,"column":11}},"47":{"start":{"line":48,"column":0},"end":{"line":48,"column":21}},"48":{"start":{"line":49,"column":0},"end":{"line":49,"column":3}},"49":{"start":{"line":50,"column":0},"end":{"line":50,"column":1}},"51":{"start":{"line":52,"column":0},"end":{"line":52,"column":38}},"56":{"start":{"line":57,"column":0},"end":{"line":57,"column":12}},"57":{"start":{"line":58,"column":0},"end":{"line":58,"column":79}},"59":{"start":{"line":60,"column":0},"end":{"line":60,"column":12}},"60":{"start":{"line":61,"column":0},"end":{"line":61,"column":21}},"61":{"start":{"line":62,"column":0},"end":{"line":62,"column":64}},"62":{"start":{"line":63,"column":0},"end":{"line":63,"column":8}},"63":{"start":{"line":64,"column":0},"end":{"line":64,"column":22}},"64":{"start":{"line":65,"column":0},"end":{"line":65,"column":25}},"65":{"start":{"line":66,"column":0},"end":{"line":66,"column":8}},"66":{"start":{"line":67,"column":0},"end":{"line":67,"column":16}},"67":{"start":{"line":68,"column":0},"end":{"line":68,"column":23}},"68":{"start":{"line":69,"column":0},"end":{"line":69,"column":8}},"69":{"start":{"line":70,"column":0},"end":{"line":70,"column":17}},"70":{"start":{"line":71,"column":0},"end":{"line":71,"column":17}},"71":{"start":{"line":72,"column":0},"end":{"line":72,"column":8}},"72":{"start":{"line":73,"column":0},"end":{"line":73,"column":18}},"73":{"start":{"line":74,"column":0},"end":{"line":74,"column":17}},"74":{"start":{"line":75,"column":0},"end":{"line":75,"column":8}},"75":{"start":{"line":76,"column":0},"end":{"line":76,"column":16}},"76":{"start":{"line":77,"column":0},"end":{"line":77,"column":18}},"77":{"start":{"line":78,"column":0},"end":{"line":78,"column":8}},"78":{"start":{"line":79,"column":0},"end":{"line":79,"column":6}},"79":{"start":{"line":80,"column":0},"end":{"line":80,"column":3}},"80":{"start":{"line":81,"column":0},"end":{"line":81,"column":60}},"81":{"start":{"line":82,"column":0},"end":{"line":82,"column":41}},"82":{"start":{"line":83,"column":0},"end":{"line":83,"column":34}},"83":{"start":{"line":84,"column":0},"end":{"line":84,"column":15}},"84":{"start":{"line":85,"column":0},"end":{"line":85,"column":23}},"85":{"start":{"line":86,"column":0},"end":{"line":86,"column":10}},"91":{"start":{"line":92,"column":0},"end":{"line":92,"column":53}},"93":{"start":{"line":94,"column":0},"end":{"line":94,"column":72}},"94":{"start":{"line":95,"column":0},"end":{"line":95,"column":76}},"95":{"start":{"line":96,"column":0},"end":{"line":96,"column":7}},"96":{"start":{"line":97,"column":0},"end":{"line":97,"column":68}},"97":{"start":{"line":98,"column":0},"end":{"line":98,"column":80}},"98":{"start":{"line":99,"column":0},"end":{"line":99,"column":20}},"99":{"start":{"line":100,"column":0},"end":{"line":100,"column":25}},"100":{"start":{"line":101,"column":0},"end":{"line":101,"column":65}},"101":{"start":{"line":102,"column":0},"end":{"line":102,"column":7}},"103":{"start":{"line":104,"column":0},"end":{"line":104,"column":50}},"104":{"start":{"line":105,"column":0},"end":{"line":105,"column":16}},"105":{"start":{"line":106,"column":0},"end":{"line":106,"column":23}},"106":{"start":{"line":107,"column":0},"end":{"line":107,"column":63}},"107":{"start":{"line":108,"column":0},"end":{"line":108,"column":6}},"108":{"start":{"line":109,"column":0},"end":{"line":109,"column":20}},"109":{"start":{"line":110,"column":0},"end":{"line":110,"column":58}},"110":{"start":{"line":111,"column":0},"end":{"line":111,"column":6}},"111":{"start":{"line":112,"column":0},"end":{"line":112,"column":14}},"112":{"start":{"line":113,"column":0},"end":{"line":113,"column":17}},"113":{"start":{"line":114,"column":0},"end":{"line":114,"column":6}},"114":{"start":{"line":115,"column":0},"end":{"line":115,"column":15}},"115":{"start":{"line":116,"column":0},"end":{"line":116,"column":18}},"116":{"start":{"line":117,"column":0},"end":{"line":117,"column":6}},"117":{"start":{"line":118,"column":0},"end":{"line":118,"column":16}},"118":{"start":{"line":119,"column":0},"end":{"line":119,"column":24}},"119":{"start":{"line":120,"column":0},"end":{"line":120,"column":6}},"120":{"start":{"line":121,"column":0},"end":{"line":121,"column":14}},"121":{"start":{"line":122,"column":0},"end":{"line":122,"column":17}},"122":{"start":{"line":123,"column":0},"end":{"line":123,"column":6}},"123":{"start":{"line":124,"column":0},"end":{"line":124,"column":4}},"124":{"start":{"line":125,"column":0},"end":{"line":125,"column":1}}},"s":{"0":1,"15":1,"16":10,"17":2,"18":2,"19":10,"22":1,"24":36,"25":36,"26":36,"27":1,"28":36,"29":36,"30":1,"31":1,"32":35,"33":35,"35":1,"36":179,"37":179,"38":179,"39":179,"40":179,"41":179,"42":179,"43":179,"44":179,"45":170,"46":179,"47":2,"48":2,"49":179,"51":1,"56":37,"57":37,"59":1,"60":1,"61":0,"62":0,"63":1,"64":0,"65":0,"66":1,"67":0,"68":0,"69":1,"70":0,"71":0,"72":1,"73":0,"74":0,"75":1,"76":0,"77":0,"78":1,"79":1,"80":37,"81":37,"82":37,"83":37,"84":37,"85":37,"91":37,"93":175,"94":7,"95":7,"96":168,"97":175,"98":6,"99":6,"100":6,"101":6,"103":162,"104":162,"105":162,"106":162,"107":175,"108":37,"109":7,"110":7,"111":37,"112":7,"113":7,"114":37,"115":37,"116":37,"117":37,"118":22,"119":22,"120":37,"121":18,"122":18,"123":37,"124":37},"branchMap":{"0":{"type":"branch","line":16,"loc":{"start":{"line":16,"column":7},"end":{"line":20,"column":1}},"locations":[{"start":{"line":16,"column":7},"end":{"line":20,"column":1}}]},"1":{"type":"branch","line":17,"loc":{"start":{"line":17,"column":61},"end":{"line":19,"column":3}},"locations":[{"start":{"line":17,"column":61},"end":{"line":19,"column":3}}]},"2":{"type":"branch","line":25,"loc":{"start":{"line":25,"column":0},"end":{"line":34,"column":1}},"locations":[{"start":{"line":25,"column":0},"end":{"line":34,"column":1}}]},"3":{"type":"branch","line":27,"loc":{"start":{"line":27,"column":11},"end":{"line":28,"column":68}},"locations":[{"start":{"line":27,"column":11},"end":{"line":28,"column":68}}]},"4":{"type":"branch","line":28,"loc":{"start":{"line":28,"column":12},"end":{"line":28,"column":68}},"locations":[{"start":{"line":28,"column":12},"end":{"line":28,"column":68}}]},"5":{"type":"branch","line":30,"loc":{"start":{"line":30,"column":4},"end":{"line":32,"column":6}},"locations":[{"start":{"line":30,"column":4},"end":{"line":32,"column":6}}]},"6":{"type":"branch","line":32,"loc":{"start":{"line":32,"column":4},"end":{"line":34,"column":1}},"locations":[{"start":{"line":32,"column":4},"end":{"line":34,"column":1}}]},"7":{"type":"branch","line":36,"loc":{"start":{"line":36,"column":7},"end":{"line":50,"column":1}},"locations":[{"start":{"line":36,"column":7},"end":{"line":50,"column":1}}]},"8":{"type":"branch","line":45,"loc":{"start":{"line":45,"column":14},"end":{"line":45,"column":31}},"locations":[{"start":{"line":45,"column":14},"end":{"line":45,"column":31}}]},"9":{"type":"branch","line":45,"loc":{"start":{"line":45,"column":21},"end":{"line":47,"column":10}},"locations":[{"start":{"line":45,"column":21},"end":{"line":47,"column":10}}]},"10":{"type":"branch","line":47,"loc":{"start":{"line":47,"column":2},"end":{"line":49,"column":3}},"locations":[{"start":{"line":47,"column":2},"end":{"line":49,"column":3}}]},"11":{"type":"branch","line":52,"loc":{"start":{"line":52,"column":7},"end":{"line":125,"column":1}},"locations":[{"start":{"line":52,"column":7},"end":{"line":125,"column":1}}]},"12":{"type":"branch","line":58,"loc":{"start":{"line":58,"column":7},"end":{"line":58,"column":47}},"locations":[{"start":{"line":58,"column":7},"end":{"line":58,"column":47}}]},"13":{"type":"branch","line":58,"loc":{"start":{"line":58,"column":35},"end":{"line":58,"column":62}},"locations":[{"start":{"line":58,"column":35},"end":{"line":58,"column":62}}]},"14":{"type":"branch","line":58,"loc":{"start":{"line":58,"column":55},"end":{"line":58,"column":78}},"locations":[{"start":{"line":58,"column":55},"end":{"line":58,"column":78}}]},"15":{"type":"branch","line":58,"loc":{"start":{"line":58,"column":78},"end":{"line":80,"column":3}},"locations":[{"start":{"line":58,"column":78},"end":{"line":80,"column":3}}]},"16":{"type":"branch","line":80,"loc":{"start":{"line":80,"column":2},"end":{"line":81,"column":41}},"locations":[{"start":{"line":80,"column":2},"end":{"line":81,"column":41}}]},"17":{"type":"branch","line":81,"loc":{"start":{"line":81,"column":28},"end":{"line":81,"column":60}},"locations":[{"start":{"line":81,"column":28},"end":{"line":81,"column":60}}]},"18":{"type":"branch","line":83,"loc":{"start":{"line":83,"column":21},"end":{"line":83,"column":34}},"locations":[{"start":{"line":83,"column":21},"end":{"line":83,"column":34}}]},"19":{"type":"branch","line":92,"loc":{"start":{"line":92,"column":4},"end":{"line":108,"column":6}},"locations":[{"start":{"line":92,"column":4},"end":{"line":108,"column":6}}]},"20":{"type":"branch","line":94,"loc":{"start":{"line":94,"column":11},"end":{"line":94,"column":47}},"locations":[{"start":{"line":94,"column":11},"end":{"line":94,"column":47}}]},"21":{"type":"branch","line":94,"loc":{"start":{"line":94,"column":35},"end":{"line":94,"column":61}},"locations":[{"start":{"line":94,"column":35},"end":{"line":94,"column":61}}]},"22":{"type":"branch","line":94,"loc":{"start":{"line":94,"column":53},"end":{"line":94,"column":71}},"locations":[{"start":{"line":94,"column":53},"end":{"line":94,"column":71}}]},"23":{"type":"branch","line":94,"loc":{"start":{"line":94,"column":71},"end":{"line":96,"column":7}},"locations":[{"start":{"line":94,"column":71},"end":{"line":96,"column":7}}]},"24":{"type":"branch","line":96,"loc":{"start":{"line":96,"column":6},"end":{"line":98,"column":23}},"locations":[{"start":{"line":96,"column":6},"end":{"line":98,"column":23}}]},"25":{"type":"branch","line":98,"loc":{"start":{"line":98,"column":11},"end":{"line":98,"column":54}},"locations":[{"start":{"line":98,"column":11},"end":{"line":98,"column":54}}]},"26":{"type":"branch","line":98,"loc":{"start":{"line":98,"column":46},"end":{"line":98,"column":79}},"locations":[{"start":{"line":98,"column":46},"end":{"line":98,"column":79}}]},"27":{"type":"branch","line":98,"loc":{"start":{"line":98,"column":79},"end":{"line":102,"column":7}},"locations":[{"start":{"line":98,"column":79},"end":{"line":102,"column":7}}]},"28":{"type":"branch","line":102,"loc":{"start":{"line":102,"column":6},"end":{"line":107,"column":63}},"locations":[{"start":{"line":102,"column":6},"end":{"line":107,"column":63}}]},"29":{"type":"branch","line":109,"loc":{"start":{"line":109,"column":4},"end":{"line":111,"column":6}},"locations":[{"start":{"line":109,"column":4},"end":{"line":111,"column":6}}]},"30":{"type":"branch","line":112,"loc":{"start":{"line":112,"column":4},"end":{"line":114,"column":6}},"locations":[{"start":{"line":112,"column":4},"end":{"line":114,"column":6}}]},"31":{"type":"branch","line":115,"loc":{"start":{"line":115,"column":4},"end":{"line":117,"column":6}},"locations":[{"start":{"line":115,"column":4},"end":{"line":117,"column":6}}]},"32":{"type":"branch","line":118,"loc":{"start":{"line":118,"column":4},"end":{"line":120,"column":6}},"locations":[{"start":{"line":118,"column":4},"end":{"line":120,"column":6}}]},"33":{"type":"branch","line":121,"loc":{"start":{"line":121,"column":4},"end":{"line":123,"column":6}},"locations":[{"start":{"line":121,"column":4},"end":{"line":123,"column":6}}]}},"b":{"0":[10],"1":[2],"2":[36],"3":[1],"4":[0],"5":[1],"6":[35],"7":[179],"8":[7],"9":[170],"10":[2],"11":[37],"12":[36],"13":[36],"14":[36],"15":[1],"16":[36],"17":[36],"18":[0],"19":[175],"20":[173],"21":[173],"22":[170],"23":[7],"24":[168],"25":[166],"26":[162],"27":[6],"28":[162],"29":[7],"30":[7],"31":[37],"32":[22],"33":[18]},"fnMap":{"0":{"name":"assignChessGlobal","decl":{"start":{"line":16,"column":7},"end":{"line":20,"column":1}},"loc":{"start":{"line":16,"column":7},"end":{"line":20,"column":1}},"line":16},"1":{"name":"resolveChessCtor","decl":{"start":{"line":25,"column":0},"end":{"line":34,"column":1}},"loc":{"start":{"line":25,"column":0},"end":{"line":34,"column":1}},"line":25},"2":{"name":"safeExpectedMove","decl":{"start":{"line":36,"column":7},"end":{"line":50,"column":1}},"loc":{"start":{"line":36,"column":7},"end":{"line":50,"column":1}},"line":36},"3":{"name":"createEngine","decl":{"start":{"line":52,"column":7},"end":{"line":125,"column":1}},"loc":{"start":{"line":52,"column":7},"end":{"line":125,"column":1}},"line":52},"4":{"name":"tryUserMove","decl":{"start":{"line":61,"column":6},"end":{"line":63,"column":8}},"loc":{"start":{"line":61,"column":6},"end":{"line":63,"column":8}},"line":61},"5":{"name":"expectedMove","decl":{"start":{"line":64,"column":6},"end":{"line":66,"column":8}},"loc":{"start":{"line":64,"column":6},"end":{"line":66,"column":8}},"line":64},"6":{"name":"getFen","decl":{"start":{"line":67,"column":6},"end":{"line":69,"column":8}},"loc":{"start":{"line":67,"column":6},"end":{"line":69,"column":8}},"line":67},"7":{"name":"getStep","decl":{"start":{"line":70,"column":6},"end":{"line":72,"column":8}},"loc":{"start":{"line":70,"column":6},"end":{"line":72,"column":8}},"line":70},"8":{"name":"getTotal","decl":{"start":{"line":73,"column":6},"end":{"line":75,"column":8}},"loc":{"start":{"line":73,"column":6},"end":{"line":75,"column":8}},"line":73},"9":{"name":"getSeq","decl":{"start":{"line":76,"column":6},"end":{"line":78,"column":8}},"loc":{"start":{"line":76,"column":6},"end":{"line":78,"column":8}},"line":76},"10":{"name":"tryUserMove","decl":{"start":{"line":92,"column":4},"end":{"line":108,"column":6}},"loc":{"start":{"line":92,"column":4},"end":{"line":108,"column":6}},"line":92},"11":{"name":"expectedMove","decl":{"start":{"line":109,"column":4},"end":{"line":111,"column":6}},"loc":{"start":{"line":109,"column":4},"end":{"line":111,"column":6}},"line":109},"12":{"name":"getFen","decl":{"start":{"line":112,"column":4},"end":{"line":114,"column":6}},"loc":{"start":{"line":112,"column":4},"end":{"line":114,"column":6}},"line":112},"13":{"name":"getStep","decl":{"start":{"line":115,"column":4},"end":{"line":117,"column":6}},"loc":{"start":{"line":115,"column":4},"end":{"line":117,"column":6}},"line":115},"14":{"name":"getTotal","decl":{"start":{"line":118,"column":4},"end":{"line":120,"column":6}},"loc":{"start":{"line":118,"column":4},"end":{"line":120,"column":6}},"line":118},"15":{"name":"getSeq","decl":{"start":{"line":121,"column":4},"end":{"line":123,"column":6}},"loc":{"start":{"line":121,"column":4},"end":{"line":123,"column":6}},"line":121}},"f":{"0":10,"1":36,"2":179,"3":37,"4":0,"5":0,"6":0,"7":0,"8":0,"9":0,"10":175,"11":7,"12":7,"13":37,"14":22,"15":18}}
,"/Users/andy/chess/anki-movetrainer/src/feedback.ts": {"path":"/Users/andy/chess/anki-movetrainer/src/feedback.ts","all":false,"statementMap":{"7":{"start":{"line":8,"column":0},"end":{"line":8,"column":61}},"8":{"start":{"line":9,"column":0},"end":{"line":9,"column":71}},"9":{"start":{"line":10,"column":0},"end":{"line":10,"column":67}},"10":{"start":{"line":11,"column":0},"end":{"line":11,"column":79}},"11":{"start":{"line":12,"column":0},"end":{"line":12,"column":72}},"12":{"start":{"line":13,"column":0},"end":{"line":13,"column":68}},"14":{"start":{"line":15,"column":0},"end":{"line":15,"column":19}},"16":{"start":{"line":17,"column":0},"end":{"line":17,"column":29}},"17":{"start":{"line":18,"column":0},"end":{"line":18,"column":22}},"18":{"start":{"line":19,"column":0},"end":{"line":19,"column":55}},"19":{"start":{"line":20,"column":0},"end":{"line":20,"column":80}},"20":{"start":{"line":21,"column":0},"end":{"line":21,"column":44}},"21":{"start":{"line":22,"column":0},"end":{"line":22,"column":35}},"22":{"start":{"line":23,"column":0},"end":{"line":23,"column":15}},"23":{"start":{"line":24,"column":0},"end":{"line":24,"column":6}},"24":{"start":{"line":25,"column":0},"end":{"line":25,"column":43}},"25":{"start":{"line":26,"column":0},"end":{"line":26,"column":42}},"26":{"start":{"line":27,"column":0},"end":{"line":27,"column":44}},"27":{"start":{"line":28,"column":0},"end":{"line":28,"column":45}},"28":{"start":{"line":29,"column":0},"end":{"line":29,"column":37}},"29":{"start":{"line":30,"column":0},"end":{"line":30,"column":37}},"30":{"start":{"line":31,"column":0},"end":{"line":31,"column":80}},"31":{"start":{"line":32,"column":0},"end":{"line":32,"column":47}},"32":{"start":{"line":33,"column":0},"end":{"line":33,"column":29}},"33":{"start":{"line":34,"column":0},"end":{"line":34,"column":29}},"34":{"start":{"line":35,"column":0},"end":{"line":35,"column":27}},"35":{"start":{"line":36,"column":0},"end":{"line":36,"column":3}},"37":{"start":{"line":38,"column":0},"end":{"line":38,"column":24}},"38":{"start":{"line":39,"column":0},"end":{"line":39,"column":22}},"40":{"start":{"line":41,"column":0},"end":{"line":41,"column":48}},"41":{"start":{"line":42,"column":0},"end":{"line":42,"column":46}},"42":{"start":{"line":43,"column":0},"end":{"line":43,"column":33}},"43":{"start":{"line":44,"column":0},"end":{"line":44,"column":25}},"44":{"start":{"line":45,"column":0},"end":{"line":45,"column":42}},"45":{"start":{"line":46,"column":0},"end":{"line":46,"column":16}},"46":{"start":{"line":47,"column":0},"end":{"line":47,"column":44}},"47":{"start":{"line":48,"column":0},"end":{"line":48,"column":9}},"48":{"start":{"line":49,"column":0},"end":{"line":49,"column":14}},"49":{"start":{"line":50,"column":0},"end":{"line":50,"column":19}},"50":{"start":{"line":51,"column":0},"end":{"line":51,"column":7}},"51":{"start":{"line":52,"column":0},"end":{"line":52,"column":7}},"52":{"start":{"line":53,"column":0},"end":{"line":53,"column":3}},"54":{"start":{"line":55,"column":0},"end":{"line":55,"column":45}},"55":{"start":{"line":56,"column":0},"end":{"line":56,"column":39}},"56":{"start":{"line":57,"column":0},"end":{"line":57,"column":41}},"57":{"start":{"line":58,"column":0},"end":{"line":58,"column":23}},"58":{"start":{"line":59,"column":0},"end":{"line":59,"column":12}},"59":{"start":{"line":60,"column":0},"end":{"line":60,"column":18}},"60":{"start":{"line":61,"column":0},"end":{"line":61,"column":18}},"61":{"start":{"line":62,"column":0},"end":{"line":62,"column":11}},"62":{"start":{"line":63,"column":0},"end":{"line":63,"column":11}},"63":{"start":{"line":64,"column":0},"end":{"line":64,"column":27}},"64":{"start":{"line":65,"column":0},"end":{"line":65,"column":27}},"65":{"start":{"line":66,"column":0},"end":{"line":66,"column":6}},"66":{"start":{"line":67,"column":0},"end":{"line":67,"column":3}},"68":{"start":{"line":69,"column":0},"end":{"line":69,"column":49}},"69":{"start":{"line":70,"column":0},"end":{"line":70,"column":38}},"70":{"start":{"line":71,"column":0},"end":{"line":71,"column":16}},"71":{"start":{"line":72,"column":0},"end":{"line":72,"column":42}},"72":{"start":{"line":73,"column":0},"end":{"line":73,"column":33}},"73":{"start":{"line":74,"column":0},"end":{"line":74,"column":27}},"75":{"start":{"line":76,"column":0},"end":{"line":76,"column":78}},"76":{"start":{"line":77,"column":0},"end":{"line":77,"column":42}},"77":{"start":{"line":78,"column":0},"end":{"line":78,"column":38}},"78":{"start":{"line":79,"column":0},"end":{"line":79,"column":38}},"79":{"start":{"line":80,"column":0},"end":{"line":80,"column":42}},"80":{"start":{"line":81,"column":0},"end":{"line":81,"column":43}},"82":{"start":{"line":83,"column":0},"end":{"line":83,"column":78}},"83":{"start":{"line":84,"column":0},"end":{"line":84,"column":40}},"84":{"start":{"line":85,"column":0},"end":{"line":85,"column":38}},"85":{"start":{"line":86,"column":0},"end":{"line":86,"column":38}},"86":{"start":{"line":87,"column":0},"end":{"line":87,"column":42}},"87":{"start":{"line":88,"column":0},"end":{"line":88,"column":43}},"89":{"start":{"line":90,"column":0},"end":{"line":90,"column":80}},"90":{"start":{"line":91,"column":0},"end":{"line":91,"column":39}},"91":{"start":{"line":92,"column":0},"end":{"line":92,"column":42}},"92":{"start":{"line":93,"column":0},"end":{"line":93,"column":42}},"93":{"start":{"line":94,"column":0},"end":{"line":94,"column":42}},"94":{"start":{"line":95,"column":0},"end":{"line":95,"column":42}},"95":{"start":{"line":96,"column":0},"end":{"line":96,"column":55}},"97":{"start":{"line":98,"column":0},"end":{"line":98,"column":25}},"98":{"start":{"line":99,"column":0},"end":{"line":99,"column":25}},"99":{"start":{"line":100,"column":0},"end":{"line":100,"column":27}},"100":{"start":{"line":101,"column":0},"end":{"line":101,"column":3}},"102":{"start":{"line":103,"column":0},"end":{"line":103,"column":10}},"103":{"start":{"line":104,"column":0},"end":{"line":104,"column":44}},"104":{"start":{"line":105,"column":0},"end":{"line":105,"column":17}},"105":{"start":{"line":106,"column":0},"end":{"line":106,"column":56}},"106":{"start":{"line":107,"column":0},"end":{"line":107,"column":19}},"107":{"start":{"line":108,"column":0},"end":{"line":108,"column":67}},"108":{"start":{"line":109,"column":0},"end":{"line":109,"column":14}},"109":{"start":{"line":110,"column":0},"end":{"line":110,"column":10}},"110":{"start":{"line":111,"column":0},"end":{"line":111,"column":7}},"111":{"start":{"line":112,"column":0},"end":{"line":112,"column":25}},"112":{"start":{"line":113,"column":0},"end":{"line":113,"column":6}},"113":{"start":{"line":114,"column":0},"end":{"line":114,"column":43}},"114":{"start":{"line":115,"column":0},"end":{"line":115,"column":15}},"115":{"start":{"line":116,"column":0},"end":{"line":116,"column":23}},"116":{"start":{"line":117,"column":0},"end":{"line":117,"column":24}},"117":{"start":{"line":118,"column":0},"end":{"line":118,"column":7}},"118":{"start":{"line":119,"column":0},"end":{"line":119,"column":15}},"120":{"start":{"line":121,"column":0},"end":{"line":121,"column":56}},"121":{"start":{"line":122,"column":0},"end":{"line":122,"column":7}},"122":{"start":{"line":123,"column":0},"end":{"line":123,"column":6}},"123":{"start":{"line":124,"column":0},"end":{"line":124,"column":45}},"124":{"start":{"line":125,"column":0},"end":{"line":125,"column":45}},"125":{"start":{"line":126,"column":0},"end":{"line":126,"column":20}},"126":{"start":{"line":127,"column":0},"end":{"line":127,"column":38}},"127":{"start":{"line":128,"column":0},"end":{"line":128,"column":24}},"128":{"start":{"line":129,"column":0},"end":{"line":129,"column":76}},"129":{"start":{"line":130,"column":0},"end":{"line":130,"column":62}},"130":{"start":{"line":131,"column":0},"end":{"line":131,"column":7}},"131":{"start":{"line":132,"column":0},"end":{"line":132,"column":30}},"132":{"start":{"line":133,"column":0},"end":{"line":133,"column":27}},"133":{"start":{"line":134,"column":0},"end":{"line":134,"column":79}},"134":{"start":{"line":135,"column":0},"end":{"line":135,"column":92}},"135":{"start":{"line":136,"column":0},"end":{"line":136,"column":7}},"136":{"start":{"line":137,"column":0},"end":{"line":137,"column":33}},"137":{"start":{"line":138,"column":0},"end":{"line":138,"column":6}},"138":{"start":{"line":139,"column":0},"end":{"line":139,"column":14}},"139":{"start":{"line":140,"column":0},"end":{"line":140,"column":4}},"140":{"start":{"line":141,"column":0},"end":{"line":141,"column":1}}},"s":{"7":1,"8":25,"9":25,"10":25,"11":25,"12":25,"14":25,"16":25,"17":25,"18":19,"19":18,"20":18,"21":18,"22":18,"23":18,"24":18,"25":18,"26":18,"27":18,"28":18,"29":18,"30":18,"31":18,"32":18,"33":18,"34":18,"35":25,"37":25,"38":7,"40":7,"41":7,"42":11,"43":8,"44":7,"45":8,"46":1,"47":1,"48":11,"49":3,"50":3,"51":7,"52":7,"54":25,"55":8,"56":8,"57":8,"58":8,"59":8,"60":8,"61":8,"62":8,"63":8,"64":8,"65":8,"66":8,"68":25,"69":10,"70":4,"71":10,"72":10,"73":10,"75":10,"76":10,"77":10,"78":10,"79":10,"80":10,"82":10,"83":10,"84":10,"85":10,"86":10,"87":10,"89":10,"90":10,"91":10,"92":10,"93":10,"94":10,"95":10,"97":10,"98":10,"99":10,"100":10,"102":25,"103":25,"104":10,"105":6,"106":6,"107":6,"108":6,"109":6,"110":6,"111":10,"112":10,"113":25,"114":16,"115":14,"116":14,"117":14,"118":16,"120":14,"121":14,"122":16,"123":25,"124":18,"125":13,"126":15,"127":5,"128":5,"129":5,"130":5,"131":18,"132":11,"133":11,"134":11,"135":11,"136":13,"137":18,"138":25,"139":25,"140":25},"branchMap":{"0":{"type":"branch","line":8,"loc":{"start":{"line":8,"column":7},"end":{"line":141,"column":1}},"locations":[{"start":{"line":8,"column":7},"end":{"line":141,"column":1}}]},"1":{"type":"branch","line":17,"loc":{"start":{"line":17,"column":2},"end":{"line":36,"column":3}},"locations":[{"start":{"line":17,"column":2},"end":{"line":36,"column":3}}]},"2":{"type":"branch","line":18,"loc":{"start":{"line":18,"column":15},"end":{"line":18,"column":22}},"locations":[{"start":{"line":18,"column":15},"end":{"line":18,"column":22}}]},"3":{"type":"branch","line":18,"loc":{"start":{"line":18,"column":15},"end":{"line":19,"column":55}},"locations":[{"start":{"line":18,"column":15},"end":{"line":19,"column":55}}]},"4":{"type":"branch","line":19,"loc":{"start":{"line":19,"column":48},"end":{"line":19,"column":55}},"locations":[{"start":{"line":19,"column":48},"end":{"line":19,"column":55}}]},"5":{"type":"branch","line":19,"loc":{"start":{"line":19,"column":48},"end":{"line":35,"column":27}},"locations":[{"start":{"line":19,"column":48},"end":{"line":35,"column":27}}]},"6":{"type":"branch","line":38,"loc":{"start":{"line":38,"column":2},"end":{"line":53,"column":3}},"locations":[{"start":{"line":38,"column":2},"end":{"line":53,"column":3}}]},"7":{"type":"branch","line":39,"loc":{"start":{"line":39,"column":15},"end":{"line":39,"column":22}},"locations":[{"start":{"line":39,"column":15},"end":{"line":39,"column":22}}]},"8":{"type":"branch","line":42,"loc":{"start":{"line":42,"column":38},"end":{"line":52,"column":5}},"locations":[{"start":{"line":42,"column":38},"end":{"line":52,"column":5}}]},"9":{"type":"branch","line":43,"loc":{"start":{"line":43,"column":32},"end":{"line":49,"column":13}},"locations":[{"start":{"line":43,"column":32},"end":{"line":49,"column":13}}]},"10":{"type":"branch","line":44,"loc":{"start":{"line":44,"column":24},"end":{"line":46,"column":15}},"locations":[{"start":{"line":44,"column":24},"end":{"line":46,"column":15}}]},"11":{"type":"branch","line":46,"loc":{"start":{"line":46,"column":8},"end":{"line":48,"column":9}},"locations":[{"start":{"line":46,"column":8},"end":{"line":48,"column":9}}]},"12":{"type":"branch","line":49,"loc":{"start":{"line":49,"column":6},"end":{"line":51,"column":7}},"locations":[{"start":{"line":49,"column":6},"end":{"line":51,"column":7}}]},"13":{"type":"branch","line":55,"loc":{"start":{"line":55,"column":2},"end":{"line":67,"column":3}},"locations":[{"start":{"line":55,"column":2},"end":{"line":67,"column":3}}]},"14":{"type":"branch","line":69,"loc":{"start":{"line":69,"column":2},"end":{"line":101,"column":3}},"locations":[{"start":{"line":69,"column":2},"end":{"line":101,"column":3}}]},"15":{"type":"branch","line":70,"loc":{"start":{"line":70,"column":9},"end":{"line":70,"column":26}},"locations":[{"start":{"line":70,"column":9},"end":{"line":70,"column":26}}]},"16":{"type":"branch","line":70,"loc":{"start":{"line":70,"column":18},"end":{"line":70,"column":31}},"locations":[{"start":{"line":70,"column":18},"end":{"line":70,"column":31}}]},"17":{"type":"branch","line":70,"loc":{"start":{"line":70,"column":31},"end":{"line":72,"column":23}},"locations":[{"start":{"line":70,"column":31},"end":{"line":72,"column":23}}]},"18":{"type":"branch","line":70,"loc":{"start":{"line":70,"column":31},"end":{"line":70,"column":38}},"locations":[{"start":{"line":70,"column":31},"end":{"line":70,"column":38}}]},"19":{"type":"branch","line":70,"loc":{"start":{"line":70,"column":31},"end":{"line":72,"column":23}},"locations":[{"start":{"line":70,"column":31},"end":{"line":72,"column":23}}]},"20":{"type":"branch","line":72,"loc":{"start":{"line":72,"column":17},"end":{"line":72,"column":38}},"locations":[{"start":{"line":72,"column":17},"end":{"line":72,"column":38}}]},"21":{"type":"branch","line":72,"loc":{"start":{"line":72,"column":23},"end":{"line":72,"column":42}},"locations":[{"start":{"line":72,"column":23},"end":{"line":72,"column":42}}]},"22":{"type":"branch","line":104,"loc":{"start":{"line":104,"column":4},"end":{"line":113,"column":6}},"locations":[{"start":{"line":104,"column":4},"end":{"line":113,"column":6}}]},"23":{"type":"branch","line":105,"loc":{"start":{"line":105,"column":16},"end":{"line":111,"column":7}},"locations":[{"start":{"line":105,"column":16},"end":{"line":111,"column":7}}]},"24":{"type":"branch","line":114,"loc":{"start":{"line":114,"column":4},"end":{"line":123,"column":6}},"locations":[{"start":{"line":114,"column":4},"end":{"line":123,"column":6}}]},"25":{"type":"branch","line":115,"loc":{"start":{"line":115,"column":14},"end":{"line":118,"column":7}},"locations":[{"start":{"line":115,"column":14},"end":{"line":118,"column":7}}]},"26":{"type":"branch","line":119,"loc":{"start":{"line":119,"column":14},"end":{"line":122,"column":7}},"locations":[{"start":{"line":119,"column":14},"end":{"line":122,"column":7}}]},"27":{"type":"branch","line":124,"loc":{"start":{"line":124,"column":4},"end":{"line":138,"column":6}},"locations":[{"start":{"line":124,"column":4},"end":{"line":138,"column":6}}]},"28":{"type":"branch","line":125,"loc":{"start":{"line":125,"column":11},"end":{"line":125,"column":38}},"locations":[{"start":{"line":125,"column":11},"end":{"line":125,"column":38}}]},"29":{"type":"branch","line":125,"loc":{"start":{"line":125,"column":38},"end":{"line":125,"column":45}},"locations":[{"start":{"line":125,"column":38},"end":{"line":125,"column":45}}]},"30":{"type":"branch","line":125,"loc":{"start":{"line":125,"column":38},"end":{"line":131,"column":7}},"locations":[{"start":{"line":125,"column":38},"end":{"line":131,"column":7}}]},"31":{"type":"branch","line":125,"loc":{"start":{"line":125,"column":38},"end":{"line":127,"column":37}},"locations":[{"start":{"line":125,"column":38},"end":{"line":127,"column":37}}]},"32":{"type":"branch","line":127,"loc":{"start":{"line":127,"column":37},"end":{"line":131,"column":7}},"locations":[{"start":{"line":127,"column":37},"end":{"line":131,"column":7}}]},"33":{"type":"branch","line":129,"loc":{"start":{"line":129,"column":10},"end":{"line":129,"column":76}},"locations":[{"start":{"line":129,"column":10},"end":{"line":129,"column":76}}]},"34":{"type":"branch","line":131,"loc":{"start":{"line":131,"column":6},"end":{"line":132,"column":29}},"locations":[{"start":{"line":131,"column":6},"end":{"line":132,"column":29}}]},"35":{"type":"branch","line":132,"loc":{"start":{"line":132,"column":29},"end":{"line":136,"column":7}},"locations":[{"start":{"line":132,"column":29},"end":{"line":136,"column":7}}]},"36":{"type":"branch","line":134,"loc":{"start":{"line":134,"column":10},"end":{"line":134,"column":79}},"locations":[{"start":{"line":134,"column":10},"end":{"line":134,"column":79}}]},"37":{"type":"branch","line":136,"loc":{"start":{"line":136,"column":6},"end":{"line":137,"column":33}},"locations":[{"start":{"line":136,"column":6},"end":{"line":137,"column":33}}]}},"b":{"0":[25],"1":[25],"2":[6],"3":[19],"4":[1],"5":[18],"6":[7],"7":[0],"8":[11],"9":[8],"10":[7],"11":[1],"12":[3],"13":[8],"14":[10],"15":[7],"16":[4],"17":[7],"18":[6],"19":[4],"20":[3],"21":[1],"22":[10],"23":[6],"24":[16],"25":[14],"26":[14],"27":[18],"28":[16],"29":[5],"30":[15],"31":[13],"32":[5],"33":[4],"34":[13],"35":[11],"36":[9],"37":[13]},"fnMap":{"0":{"name":"createFeedback","decl":{"start":{"line":8,"column":7},"end":{"line":141,"column":1}},"loc":{"start":{"line":8,"column":7},"end":{"line":141,"column":1}},"line":8},"1":{"name":"ensureAnnoDefs","decl":{"start":{"line":17,"column":2},"end":{"line":36,"column":3}},"loc":{"start":{"line":17,"column":2},"end":{"line":36,"column":3}},"line":17},"2":{"name":"clearAnno","decl":{"start":{"line":38,"column":2},"end":{"line":53,"column":3}},"loc":{"start":{"line":38,"column":2},"end":{"line":53,"column":3}},"line":38},"3":{"name":"sqRect","decl":{"start":{"line":55,"column":2},"end":{"line":67,"column":3}},"loc":{"start":{"line":55,"column":2},"end":{"line":67,"column":3}},"line":55},"4":{"name":"drawHint","decl":{"start":{"line":69,"column":2},"end":{"line":101,"column":3}},"loc":{"start":{"line":69,"column":2},"end":{"line":101,"column":3}},"line":69},"5":{"name":"flashWrong","decl":{"start":{"line":104,"column":4},"end":{"line":113,"column":6}},"loc":{"start":{"line":104,"column":4},"end":{"line":113,"column":6}},"line":104},"6":{"name":"progress","decl":{"start":{"line":114,"column":4},"end":{"line":123,"column":6}},"loc":{"start":{"line":114,"column":4},"end":{"line":123,"column":6}},"line":114},"7":{"name":"listPlayed","decl":{"start":{"line":124,"column":4},"end":{"line":138,"column":6}},"loc":{"start":{"line":124,"column":4},"end":{"line":138,"column":6}},"line":124}},"f":{"0":25,"1":25,"2":7,"3":8,"4":10,"5":10,"6":16,"7":18}}
,"/Users/andy/chess/anki-movetrainer/src/index.ts": {"path":"/Users/andy/chess/anki-movetrainer/src/index.ts","all":false,"statementMap":{"0":{"start":{"line":1,"column":0},"end":{"line":1,"column":40}},"11":{"start":{"line":12,"column":0},"end":{"line":12,"column":27}},"12":{"start":{"line":13,"column":0},"end":{"line":13,"column":17}},"13":{"start":{"line":14,"column":0},"end":{"line":14,"column":21}},"14":{"start":{"line":15,"column":0},"end":{"line":15,"column":21}},"15":{"start":{"line":16,"column":0},"end":{"line":16,"column":52}},"16":{"start":{"line":17,"column":0},"end":{"line":17,"column":17}},"17":{"start":{"line":18,"column":0},"end":{"line":18,"column":17}},"18":{"start":{"line":19,"column":0},"end":{"line":19,"column":34}},"19":{"start":{"line":20,"column":0},"end":{"line":20,"column":22}},"20":{"start":{"line":21,"column":0},"end":{"line":21,"column":43}},"21":{"start":{"line":22,"column":0},"end":{"line":22,"column":63}},"22":{"start":{"line":23,"column":0},"end":{"line":23,"column":21}},"23":{"start":{"line":24,"column":0},"end":{"line":24,"column":62}},"24":{"start":{"line":25,"column":0},"end":{"line":25,"column":63}},"25":{"start":{"line":26,"column":0},"end":{"line":26,"column":28}},"26":{"start":{"line":27,"column":0},"end":{"line":27,"column":22}},"27":{"start":{"line":28,"column":0},"end":{"line":28,"column":3}},"28":{"start":{"line":29,"column":0},"end":{"line":29,"column":57}},"29":{"start":{"line":30,"column":0},"end":{"line":30,"column":57}},"30":{"start":{"line":31,"column":0},"end":{"line":31,"column":47}},"31":{"start":{"line":32,"column":0},"end":{"line":32,"column":63}},"32":{"start":{"line":33,"column":0},"end":{"line":33,"column":10}},"33":{"start":{"line":34,"column":0},"end":{"line":34,"column":43}},"34":{"start":{"line":35,"column":0},"end":{"line":35,"column":56}},"35":{"start":{"line":36,"column":0},"end":{"line":36,"column":24}},"36":{"start":{"line":37,"column":0},"end":{"line":37,"column":42}},"37":{"start":{"line":38,"column":0},"end":{"line":38,"column":35}},"38":{"start":{"line":39,"column":0},"end":{"line":39,"column":27}},"39":{"start":{"line":40,"column":0},"end":{"line":40,"column":36}},"40":{"start":{"line":41,"column":0},"end":{"line":41,"column":67}},"41":{"start":{"line":42,"column":0},"end":{"line":42,"column":53}},"42":{"start":{"line":43,"column":0},"end":{"line":43,"column":57}},"43":{"start":{"line":44,"column":0},"end":{"line":44,"column":19}},"45":{"start":{"line":46,"column":0},"end":{"line":46,"column":11}},"46":{"start":{"line":47,"column":0},"end":{"line":47,"column":9}},"47":{"start":{"line":48,"column":0},"end":{"line":48,"column":30}},"48":{"start":{"line":49,"column":0},"end":{"line":49,"column":5}},"49":{"start":{"line":50,"column":0},"end":{"line":50,"column":3}},"50":{"start":{"line":51,"column":0},"end":{"line":51,"column":1}},"52":{"start":{"line":53,"column":0},"end":{"line":53,"column":21}},"53":{"start":{"line":54,"column":0},"end":{"line":54,"column":20}},"54":{"start":{"line":55,"column":0},"end":{"line":55,"column":43}},"55":{"start":{"line":56,"column":0},"end":{"line":56,"column":34}},"56":{"start":{"line":57,"column":0},"end":{"line":57,"column":3}},"57":{"start":{"line":58,"column":0},"end":{"line":58,"column":44}},"58":{"start":{"line":59,"column":0},"end":{"line":59,"column":28}},"59":{"start":{"line":60,"column":0},"end":{"line":60,"column":7}},"60":{"start":{"line":61,"column":0},"end":{"line":61,"column":54}},"61":{"start":{"line":62,"column":0},"end":{"line":62,"column":56}},"62":{"start":{"line":63,"column":0},"end":{"line":63,"column":11}},"63":{"start":{"line":64,"column":0},"end":{"line":64,"column":16}},"64":{"start":{"line":65,"column":0},"end":{"line":65,"column":3}},"65":{"start":{"line":66,"column":0},"end":{"line":66,"column":47}},"66":{"start":{"line":67,"column":0},"end":{"line":67,"column":47}},"67":{"start":{"line":68,"column":0},"end":{"line":68,"column":42}},"68":{"start":{"line":69,"column":0},"end":{"line":69,"column":70}},"69":{"start":{"line":70,"column":0},"end":{"line":70,"column":3}},"70":{"start":{"line":71,"column":0},"end":{"line":71,"column":34}},"71":{"start":{"line":72,"column":0},"end":{"line":72,"column":77}},"72":{"start":{"line":73,"column":0},"end":{"line":73,"column":37}},"73":{"start":{"line":74,"column":0},"end":{"line":74,"column":8}},"74":{"start":{"line":75,"column":0},"end":{"line":75,"column":79}},"75":{"start":{"line":76,"column":0},"end":{"line":76,"column":24}},"76":{"start":{"line":77,"column":0},"end":{"line":77,"column":31}},"77":{"start":{"line":78,"column":0},"end":{"line":78,"column":69}},"78":{"start":{"line":79,"column":0},"end":{"line":79,"column":5}},"81":{"start":{"line":82,"column":0},"end":{"line":82,"column":51}},"82":{"start":{"line":83,"column":0},"end":{"line":83,"column":51}},"84":{"start":{"line":85,"column":0},"end":{"line":85,"column":42}},"85":{"start":{"line":86,"column":0},"end":{"line":86,"column":1}},"89":{"start":{"line":90,"column":0},"end":{"line":90,"column":78}}},"s":{"0":1,"11":1,"12":7,"13":7,"14":7,"15":7,"16":7,"17":7,"18":7,"19":7,"20":7,"21":7,"22":7,"23":4,"24":4,"25":4,"26":4,"27":4,"28":3,"29":3,"30":7,"31":1,"32":7,"33":2,"34":2,"35":2,"36":1,"37":1,"38":1,"39":1,"40":0,"41":1,"42":1,"43":1,"45":1,"46":1,"47":2,"48":2,"49":2,"50":7,"52":1,"53":16,"54":16,"55":16,"56":16,"57":16,"58":16,"59":16,"60":16,"61":16,"62":16,"63":1,"64":1,"65":16,"66":16,"67":16,"68":4,"69":4,"70":10,"71":16,"72":16,"73":16,"74":16,"75":16,"76":16,"77":0,"78":16,"81":16,"82":16,"84":16,"85":16,"89":1},"branchMap":{"0":{"type":"branch","line":12,"loc":{"start":{"line":12,"column":7},"end":{"line":51,"column":1}},"locations":[{"start":{"line":12,"column":7},"end":{"line":51,"column":1}}]},"1":{"type":"branch","line":21,"loc":{"start":{"line":21,"column":25},"end":{"line":21,"column":43}},"locations":[{"start":{"line":21,"column":25},"end":{"line":21,"column":43}}]},"2":{"type":"branch","line":23,"loc":{"start":{"line":23,"column":20},"end":{"line":28,"column":3}},"locations":[{"start":{"line":23,"column":20},"end":{"line":28,"column":3}}]},"3":{"type":"branch","line":24,"loc":{"start":{"line":24,"column":28},"end":{"line":24,"column":44}},"locations":[{"start":{"line":24,"column":28},"end":{"line":24,"column":44}}]},"4":{"type":"branch","line":24,"loc":{"start":{"line":24,"column":48},"end":{"line":24,"column":60}},"locations":[{"start":{"line":24,"column":48},"end":{"line":24,"column":60}}]},"5":{"type":"branch","line":25,"loc":{"start":{"line":25,"column":46},"end":{"line":25,"column":63}},"locations":[{"start":{"line":25,"column":46},"end":{"line":25,"column":63}}]},"6":{"type":"branch","line":28,"loc":{"start":{"line":28,"column":2},"end":{"line":31,"column":46}},"locations":[{"start":{"line":28,"column":2},"end":{"line":31,"column":46}}]},"7":{"type":"branch","line":31,"loc":{"start":{"line":31,"column":46},"end":{"line":33,"column":9}},"locations":[{"start":{"line":31,"column":46},"end":{"line":33,"column":9}}]},"8":{"type":"branch","line":33,"loc":{"start":{"line":33,"column":2},"end":{"line":50,"column":3}},"locations":[{"start":{"line":33,"column":2},"end":{"line":50,"column":3}}]},"9":{"type":"branch","line":48,"loc":{"start":{"line":48,"column":14},"end":{"line":48,"column":28}},"locations":[{"start":{"line":48,"column":14},"end":{"line":48,"column":28}}]},"10":{"type":"branch","line":36,"loc":{"start":{"line":36,"column":17},"end":{"line":48,"column":9}},"locations":[{"start":{"line":36,"column":17},"end":{"line":48,"column":9}}]},"11":{"type":"branch","line":40,"loc":{"start":{"line":40,"column":28},"end":{"line":41,"column":67}},"locations":[{"start":{"line":40,"column":28},"end":{"line":41,"column":67}}]},"12":{"type":"branch","line":53,"loc":{"start":{"line":53,"column":7},"end":{"line":86,"column":1}},"locations":[{"start":{"line":53,"column":7},"end":{"line":86,"column":1}}]},"13":{"type":"branch","line":58,"loc":{"start":{"line":58,"column":31},"end":{"line":58,"column":44}},"locations":[{"start":{"line":58,"column":31},"end":{"line":58,"column":44}}]},"14":{"type":"branch","line":61,"loc":{"start":{"line":61,"column":37},"end":{"line":61,"column":52}},"locations":[{"start":{"line":61,"column":37},"end":{"line":61,"column":52}}]},"15":{"type":"branch","line":62,"loc":{"start":{"line":62,"column":33},"end":{"line":62,"column":53}},"locations":[{"start":{"line":62,"column":33},"end":{"line":62,"column":53}}]},"16":{"type":"branch","line":62,"loc":{"start":{"line":62,"column":49},"end":{"line":62,"column":56}},"locations":[{"start":{"line":62,"column":49},"end":{"line":62,"column":56}}]},"17":{"type":"branch","line":63,"loc":{"start":{"line":63,"column":2},"end":{"line":65,"column":3}},"locations":[{"start":{"line":63,"column":2},"end":{"line":65,"column":3}}]},"18":{"type":"branch","line":68,"loc":{"start":{"line":68,"column":41},"end":{"line":70,"column":3}},"locations":[{"start":{"line":68,"column":41},"end":{"line":70,"column":3}}]},"19":{"type":"branch","line":70,"loc":{"start":{"line":70,"column":2},"end":{"line":72,"column":74}},"locations":[{"start":{"line":70,"column":2},"end":{"line":72,"column":74}}]},"20":{"type":"branch","line":72,"loc":{"start":{"line":72,"column":55},"end":{"line":72,"column":74}},"locations":[{"start":{"line":72,"column":55},"end":{"line":72,"column":74}}]},"21":{"type":"branch","line":75,"loc":{"start":{"line":75,"column":21},"end":{"line":75,"column":79}},"locations":[{"start":{"line":75,"column":21},"end":{"line":75,"column":79}}]}},"b":{"0":[7],"1":[0],"2":[4],"3":[1],"4":[1],"5":[3],"6":[3],"7":[1],"8":[2],"9":[1],"10":[1],"11":[0],"12":[16],"13":[0],"14":[0],"15":[15],"16":[0],"17":[1],"18":[4],"19":[10],"20":[9],"21":[10]},"fnMap":{"0":{"name":"handleMove","decl":{"start":{"line":12,"column":7},"end":{"line":51,"column":1}},"loc":{"start":{"line":12,"column":7},"end":{"line":51,"column":1}},"line":12},"1":{"name":"init","decl":{"start":{"line":53,"column":7},"end":{"line":86,"column":1}},"loc":{"start":{"line":53,"column":7},"end":{"line":86,"column":1}},"line":53},"2":{"name":"onDrop","decl":{"start":{"line":77,"column":12},"end":{"line":78,"column":69}},"loc":{"start":{"line":77,"column":12},"end":{"line":78,"column":69}},"line":77}},"f":{"0":7,"1":16,"2":0}}
,"/Users/andy/chess/anki-movetrainer/src/pieces.ts": {"path":"/Users/andy/chess/anki-movetrainer/src/pieces.ts","all":false,"statementMap":{"0":{"start":{"line":1,"column":0},"end":{"line":1,"column":16}},"15":{"start":{"line":16,"column":0},"end":{"line":16,"column":49}},"16":{"start":{"line":17,"column":0},"end":{"line":17,"column":5}},"17":{"start":{"line":18,"column":0},"end":{"line":18,"column":5}},"18":{"start":{"line":19,"column":0},"end":{"line":19,"column":5}},"19":{"start":{"line":20,"column":0},"end":{"line":20,"column":5}},"20":{"start":{"line":21,"column":0},"end":{"line":21,"column":5}},"21":{"start":{"line":22,"column":0},"end":{"line":22,"column":5}},"22":{"start":{"line":23,"column":0},"end":{"line":23,"column":5}},"23":{"start":{"line":24,"column":0},"end":{"line":24,"column":5}},"24":{"start":{"line":25,"column":0},"end":{"line":25,"column":5}},"25":{"start":{"line":26,"column":0},"end":{"line":26,"column":5}},"26":{"start":{"line":27,"column":0},"end":{"line":27,"column":5}},"27":{"start":{"line":28,"column":0},"end":{"line":28,"column":5}},"28":{"start":{"line":29,"column":0},"end":{"line":29,"column":2}},"30":{"start":{"line":31,"column":0},"end":{"line":31,"column":57}},"32":{"start":{"line":33,"column":0},"end":{"line":33,"column":30}},"33":{"start":{"line":34,"column":0},"end":{"line":34,"column":1}}},"s":{"0":1,"15":1,"16":1,"17":1,"18":1,"19":1,"20":1,"21":1,"22":1,"23":1,"24":1,"25":1,"26":1,"27":1,"28":1,"30":1,"32":14,"33":14},"branchMap":{"0":{"type":"branch","line":31,"loc":{"start":{"line":31,"column":7},"end":{"line":34,"column":1}},"locations":[{"start":{"line":31,"column":7},"end":{"line":34,"column":1}}]},"1":{"type":"branch","line":33,"loc":{"start":{"line":33,"column":22},"end":{"line":33,"column":30}},"locations":[{"start":{"line":33,"column":22},"end":{"line":33,"column":30}}]}},"b":{"0":[14],"1":[12]},"fnMap":{"0":{"name":"bundledPieceTheme","decl":{"start":{"line":31,"column":7},"end":{"line":34,"column":1}},"loc":{"start":{"line":31,"column":7},"end":{"line":34,"column":1}},"line":31}},"f":{"0":14}}
,"/Users/andy/chess/anki-movetrainer/src/scheduler.ts": {"path":"/Users/andy/chess/anki-movetrainer/src/scheduler.ts","all":false,"statementMap":{"5":{"start":{"line":6,"column":0},"end":{"line":6,"column":33}},"6":{"start":{"line":7,"column":0},"end":{"line":7,"column":20}},"7":{"start":{"line":8,"column":0},"end":{"line":8,"column":4}},"9":{"start":{"line":10,"column":0},"end":{"line":10,"column":4}},"10":{"start":{"line":11,"column":0},"end":{"line":11,"column":23}},"11":{"start":{"line":12,"column":0},"end":{"line":12,"column":19}},"12":{"start":{"line":13,"column":0},"end":{"line":13,"column":8}},"13":{"start":{"line":14,"column":0},"end":{"line":14,"column":19}},"14":{"start":{"line":15,"column":0},"end":{"line":15,"column":52}},"15":{"start":{"line":16,"column":0},"end":{"line":16,"column":15}},"16":{"start":{"line":17,"column":0},"end":{"line":17,"column":7}},"17":{"start":{"line":18,"column":0},"end":{"line":18,"column":22}},"18":{"start":{"line":19,"column":0},"end":{"line":19,"column":24}},"19":{"start":{"line":20,"column":0},"end":{"line":20,"column":13}},"20":{"start":{"line":21,"column":0},"end":{"line":21,"column":45}},"21":{"start":{"line":22,"column":0},"end":{"line":22,"column":17}},"23":{"start":{"line":24,"column":0},"end":{"line":24,"column":9}},"24":{"start":{"line":25,"column":0},"end":{"line":25,"column":12}},"25":{"start":{"line":26,"column":0},"end":{"line":26,"column":5}},"26":{"start":{"line":27,"column":0},"end":{"line":27,"column":3}},"27":{"start":{"line":28,"column":0},"end":{"line":28,"column":19}},"28":{"start":{"line":29,"column":0},"end":{"line":29,"column":8}},"29":{"start":{"line":30,"column":0},"end":{"line":30,"column":19}},"30":{"start":{"line":31,"column":0},"end":{"line":31,"column":52}},"31":{"start":{"line":32,"column":0},"end":{"line":32,"column":15}},"32":{"start":{"line":33,"column":0},"end":{"line":33,"column":7}},"33":{"start":{"line":34,"column":0},"end":{"line":34,"column":22}},"34":{"start":{"line":35,"column":0},"end":{"line":35,"column":11}},"35":{"start":{"line":36,"column":0},"end":{"line":36,"column":43}},"36":{"start":{"line":37,"column":0},"end":{"line":37,"column":15}},"38":{"start":{"line":39,"column":0},"end":{"line":39,"column":7}},"39":{"start":{"line":40,"column":0},"end":{"line":40,"column":5}},"40":{"start":{"line":41,"column":0},"end":{"line":41,"column":3}},"41":{"start":{"line":42,"column":0},"end":{"line":42,"column":24}},"42":{"start":{"line":43,"column":0},"end":{"line":43,"column":1}}},"s":{"5":1,"6":20,"7":20,"9":20,"10":20,"11":20,"12":23,"13":23,"14":22,"15":16,"16":23,"17":5,"18":5,"19":5,"20":5,"21":5,"23":4,"24":5,"25":5,"26":23,"27":20,"28":20,"29":20,"30":19,"31":16,"32":20,"33":2,"34":2,"35":2,"36":2,"38":1,"39":2,"40":20,"41":20,"42":20},"branchMap":{"0":{"type":"branch","line":6,"loc":{"start":{"line":6,"column":7},"end":{"line":43,"column":1}},"locations":[{"start":{"line":6,"column":7},"end":{"line":43,"column":1}}]},"1":{"type":"branch","line":12,"loc":{"start":{"line":12,"column":2},"end":{"line":27,"column":3}},"locations":[{"start":{"line":12,"column":2},"end":{"line":27,"column":3}}]},"2":{"type":"branch","line":14,"loc":{"start":{"line":14,"column":6},"end":{"line":15,"column":52}},"locations":[{"start":{"line":14,"column":6},"end":{"line":15,"column":52}}]},"3":{"type":"branch","line":15,"loc":{"start":{"line":15,"column":39},"end":{"line":16,"column":15}},"locations":[{"start":{"line":15,"column":39},"end":{"line":16,"column":15}}]},"4":{"type":"branch","line":17,"loc":{"start":{"line":17,"column":6},"end":{"line":26,"column":5}},"locations":[{"start":{"line":17,"column":6},"end":{"line":26,"column":5}}]},"5":{"type":"branch","line":19,"loc":{"start":{"line":19,"column":17},"end":{"line":25,"column":9}},"locations":[{"start":{"line":19,"column":17},"end":{"line":25,"column":9}}]},"6":{"type":"branch","line":22,"loc":{"start":{"line":22,"column":8},"end":{"line":24,"column":9}},"locations":[{"start":{"line":22,"column":8},"end":{"line":24,"column":9}}]},"7":{"type":"branch","line":28,"loc":{"start":{"line":28,"column":2},"end":{"line":41,"column":3}},"locations":[{"start":{"line":28,"column":2},"end":{"line":41,"column":3}}]},"8":{"type":"branch","line":30,"loc":{"start":{"line":30,"column":6},"end":{"line":31,"column":52}},"locations":[{"start":{"line":30,"column":6},"end":{"line":31,"column":52}}]},"9":{"type":"branch","line":31,"loc":{"start":{"line":31,"column":39},"end":{"line":32,"column":15}},"locations":[{"start":{"line":31,"column":39},"end":{"line":32,"column":15}}]},"10":{"type":"branch","line":33,"loc":{"start":{"line":33,"column":6},"end":{"line":40,"column":5}},"locations":[{"start":{"line":33,"column":6},"end":{"line":40,"column":5}}]},"11":{"type":"branch","line":37,"loc":{"start":{"line":37,"column":6},"end":{"line":39,"column":7}},"locations":[{"start":{"line":37,"column":6},"end":{"line":39,"column":7}}]}},"b":{"0":[20],"1":[23],"2":[22],"3":[16],"4":[5],"5":[5],"6":[4],"7":[20],"8":[19],"9":[16],"10":[2],"11":[1]},"fnMap":{"0":{"name":"createScheduler","decl":{"start":{"line":6,"column":7},"end":{"line":43,"column":1}},"loc":{"start":{"line":6,"column":7},"end":{"line":43,"column":1}},"line":6},"1":{"name":"fail","decl":{"start":{"line":12,"column":2},"end":{"line":27,"column":3}},"loc":{"start":{"line":12,"column":2},"end":{"line":27,"column":3}},"line":12},"2":{"name":"pass","decl":{"start":{"line":28,"column":2},"end":{"line":41,"column":3}},"loc":{"start":{"line":28,"column":2},"end":{"line":41,"column":3}},"line":28}},"f":{"0":20,"1":23,"2":20}}
,"/Users/andy/chess/anki-movetrainer/src/types.ts": {"path":"/Users/andy/chess/anki-movetrainer/src/types.ts","all":true,"statementMap":{},"s":{},"branchMap":{"0":{"type":"branch","line":1,"loc":{"start":{"line":1,"column":0},"end":{"line":1,"column":0}},"locations":[{"start":{"line":1,"column":0},"end":{"line":1,"column":0}}]}},"b":{"0":[1]},"fnMap":{"0":{"name":"(empty-report)","decl":{"start":{"line":1,"column":0},"end":{"line":1,"column":0}},"loc":{"start":{"line":1,"column":0},"end":{"line":1,"column":0}},"line":1}},"f":{"0":1}}
,"/Users/andy/chess/anki-movetrainer/src/ui.ts": {"path":"/Users/andy/chess/anki-movetrainer/src/ui.ts","all":false,"statementMap":{"13":{"start":{"line":14,"column":0},"end":{"line":14,"column":27}},"14":{"start":{"line":15,"column":0},"end":{"line":15,"column":23}},"15":{"start":{"line":16,"column":0},"end":{"line":16,"column":47}},"16":{"start":{"line":17,"column":0},"end":{"line":17,"column":16}},"17":{"start":{"line":18,"column":0},"end":{"line":18,"column":54}},"18":{"start":{"line":19,"column":0},"end":{"line":19,"column":70}},"19":{"start":{"line":20,"column":0},"end":{"line":20,"column":3}},"20":{"start":{"line":21,"column":0},"end":{"line":21,"column":42}},"21":{"start":{"line":22,"column":0},"end":{"line":22,"column":44}},"22":{"start":{"line":23,"column":0},"end":{"line":23,"column":3}},"23":{"start":{"line":24,"column":0},"end":{"line":24,"column":37}},"24":{"start":{"line":25,"column":0},"end":{"line":25,"column":68}},"25":{"start":{"line":26,"column":0},"end":{"line":26,"column":3}},"26":{"start":{"line":27,"column":0},"end":{"line":27,"column":42}},"27":{"start":{"line":28,"column":0},"end":{"line":28,"column":73}},"28":{"start":{"line":29,"column":0},"end":{"line":29,"column":3}},"29":{"start":{"line":30,"column":0},"end":{"line":30,"column":39}},"30":{"start":{"line":31,"column":0},"end":{"line":31,"column":39}},"31":{"start":{"line":32,"column":0},"end":{"line":32,"column":54}},"33":{"start":{"line":34,"column":0},"end":{"line":34,"column":38}},"34":{"start":{"line":35,"column":0},"end":{"line":35,"column":56}},"35":{"start":{"line":36,"column":0},"end":{"line":36,"column":20}},"36":{"start":{"line":37,"column":0},"end":{"line":37,"column":32}},"37":{"start":{"line":38,"column":0},"end":{"line":38,"column":40}},"38":{"start":{"line":39,"column":0},"end":{"line":39,"column":48}},"39":{"start":{"line":40,"column":0},"end":{"line":40,"column":41}},"40":{"start":{"line":41,"column":0},"end":{"line":41,"column":24}},"41":{"start":{"line":42,"column":0},"end":{"line":42,"column":80}},"42":{"start":{"line":43,"column":0},"end":{"line":43,"column":5}},"44":{"start":{"line":45,"column":0},"end":{"line":45,"column":10}},"45":{"start":{"line":46,"column":0},"end":{"line":46,"column":80}},"46":{"start":{"line":47,"column":0},"end":{"line":47,"column":4}},"47":{"start":{"line":48,"column":0},"end":{"line":48,"column":1}}},"s":{"13":1,"14":19,"15":19,"16":19,"17":19,"18":1,"19":1,"20":19,"21":1,"22":1,"23":19,"24":1,"25":1,"26":19,"27":0,"28":0,"29":16,"30":16,"31":19,"33":13,"34":19,"35":19,"36":19,"37":19,"38":19,"39":19,"40":19,"41":19,"42":19,"44":19,"45":19,"46":19,"47":19},"branchMap":{"0":{"type":"branch","line":14,"loc":{"start":{"line":14,"column":7},"end":{"line":48,"column":1}},"locations":[{"start":{"line":14,"column":7},"end":{"line":48,"column":1}}]},"1":{"type":"branch","line":18,"loc":{"start":{"line":18,"column":7},"end":{"line":18,"column":53}},"locations":[{"start":{"line":18,"column":7},"end":{"line":18,"column":53}}]},"2":{"type":"branch","line":18,"loc":{"start":{"line":18,"column":53},"end":{"line":20,"column":3}},"locations":[{"start":{"line":18,"column":53},"end":{"line":20,"column":3}}]},"3":{"type":"branch","line":20,"loc":{"start":{"line":20,"column":2},"end":{"line":21,"column":15}},"locations":[{"start":{"line":20,"column":2},"end":{"line":21,"column":15}}]},"4":{"type":"branch","line":21,"loc":{"start":{"line":21,"column":7},"end":{"line":21,"column":41}},"locations":[{"start":{"line":21,"column":7},"end":{"line":21,"column":41}}]},"5":{"type":"branch","line":21,"loc":{"start":{"line":21,"column":41},"end":{"line":23,"column":3}},"locations":[{"start":{"line":21,"column":41},"end":{"line":23,"column":3}}]},"6":{"type":"branch","line":23,"loc":{"start":{"line":23,"column":2},"end":{"line":24,"column":36}},"locations":[{"start":{"line":23,"column":2},"end":{"line":24,"column":36}}]},"7":{"type":"branch","line":24,"loc":{"start":{"line":24,"column":36},"end":{"line":26,"column":3}},"locations":[{"start":{"line":24,"column":36},"end":{"line":26,"column":3}}]},"8":{"type":"branch","line":26,"loc":{"start":{"line":26,"column":2},"end":{"line":27,"column":41}},"locations":[{"start":{"line":26,"column":2},"end":{"line":27,"column":41}}]},"9":{"type":"branch","line":27,"loc":{"start":{"line":27,"column":41},"end":{"line":29,"column":3}},"locations":[{"start":{"line":27,"column":41},"end":{"line":29,"column":3}}]},"10":{"type":"branch","line":29,"loc":{"start":{"line":29,"column":2},"end":{"line":32,"column":10}},"locations":[{"start":{"line":29,"column":2},"end":{"line":32,"column":10}}]},"11":{"type":"branch","line":32,"loc":{"start":{"line":32,"column":4},"end":{"line":35,"column":47}},"locations":[{"start":{"line":32,"column":4},"end":{"line":35,"column":47}}]},"12":{"type":"branch","line":32,"loc":{"start":{"line":32,"column":4},"end":{"line":32,"column":54}},"locations":[{"start":{"line":32,"column":4},"end":{"line":32,"column":54}}]},"13":{"type":"branch","line":35,"loc":{"start":{"line":35,"column":37},"end":{"line":35,"column":56}},"locations":[{"start":{"line":35,"column":37},"end":{"line":35,"column":56}}]},"14":{"type":"branch","line":38,"loc":{"start":{"line":38,"column":20},"end":{"line":38,"column":36}},"locations":[{"start":{"line":38,"column":20},"end":{"line":38,"column":36}}]},"15":{"type":"branch","line":38,"loc":{"start":{"line":38,"column":28},"end":{"line":38,"column":40}},"locations":[{"start":{"line":38,"column":28},"end":{"line":38,"column":40}}]},"16":{"type":"branch","line":39,"loc":{"start":{"line":39,"column":24},"end":{"line":39,"column":44}},"locations":[{"start":{"line":39,"column":24},"end":{"line":39,"column":44}}]},"17":{"type":"branch","line":39,"loc":{"start":{"line":39,"column":32},"end":{"line":39,"column":48}},"locations":[{"start":{"line":39,"column":32},"end":{"line":39,"column":48}}]},"18":{"type":"branch","line":40,"loc":{"start":{"line":40,"column":21},"end":{"line":40,"column":38}},"locations":[{"start":{"line":40,"column":21},"end":{"line":40,"column":38}}]},"19":{"type":"branch","line":40,"loc":{"start":{"line":40,"column":29},"end":{"line":40,"column":41}},"locations":[{"start":{"line":40,"column":29},"end":{"line":40,"column":41}}]},"20":{"type":"branch","line":46,"loc":{"start":{"line":46,"column":14},"end":{"line":46,"column":80}},"locations":[{"start":{"line":46,"column":14},"end":{"line":46,"column":80}}]},"21":{"type":"branch","line":46,"loc":{"start":{"line":46,"column":55},"end":{"line":46,"column":75}},"locations":[{"start":{"line":46,"column":55},"end":{"line":46,"column":75}}]},"22":{"type":"branch","line":46,"loc":{"start":{"line":46,"column":65},"end":{"line":46,"column":78}},"locations":[{"start":{"line":46,"column":65},"end":{"line":46,"column":78}}]}},"b":{"0":[19],"1":[18],"2":[1],"3":[18],"4":[17],"5":[1],"6":[17],"7":[1],"8":[16],"9":[0],"10":[16],"11":[13],"12":[3],"13":[0],"14":[0],"15":[13],"16":[0],"17":[13],"18":[0],"19":[13],"20":[5],"21":[4],"22":[1]},"fnMap":{"0":{"name":"mountBoard","decl":{"start":{"line":14,"column":7},"end":{"line":48,"column":1}},"loc":{"start":{"line":14,"column":7},"end":{"line":48,"column":1}},"line":14},"1":{"name":"onSnapEnd","decl":{"start":{"line":42,"column":15},"end":{"line":42,"column":80}},"loc":{"start":{"line":42,"column":15},"end":{"line":42,"column":80}},"line":42},"2":{"name":"position","decl":{"start":{"line":46,"column":14},"end":{"line":46,"column":80}},"loc":{"start":{"line":46,"column":14},"end":{"line":46,"column":80}},"line":46}},"f":{"0":19,"1":0,"2":5}}
}
