{"/Users/andy/chess/anki-movetrainer/src/engine.ts": {"path":"/Users/andy/chess/anki-movetrainer/src/engine.ts","all":false,"statementMap":{"0":{"start":{"line":1,"column":0},"end":{"line":1,"column":3}},"21":{"start":{"line":22,"column":0},"end":{"line":22,"column":37}},"22":{"start":{"line":23,"column":0},"end":{"line":23,"column":62}},"23":{"start":{"line":24,"column":0},"end":{"line":24,"column":37}},"24":{"start":{"line":25,"column":0},"end":{"line":25,"column":3}},"25":{"start":{"line":26,"column":0},"end":{"line":26,"column":1}},"34":{"start":{"line":35,"column":0},"end":{"line":35,"column":20}},"36":{"start":{"line":37,"column":0},"end":{"line":37,"column":38}},"40":{"start":{"line":41,"column":0},"end":{"line":41,"column":12}},"41":{"start":{"line":42,"column":0},"end":{"line":42,"column":79}},"42":{"start":{"line":43,"column":0},"end":{"line":43,"column":31}},"43":{"start":{"line":44,"column":0},"end":{"line":44,"column":3}},"44":{"start":{"line":45,"column":0},"end":{"line":45,"column":60}},"45":{"start":{"line":46,"column":0},"end":{"line":46,"column":32}},"46":{"start":{"line":47,"column":0},"end":{"line":47,"column":34}},"47":{"start":{"line":48,"column":0},"end":{"line":48,"column":15}},"48":{"start":{"line":49,"column":0},"end":{"line":49,"column":23}},"49":{"start":{"line":50,"column":0},"end":{"line":50,"column":39}},"50":{"start":{"line":51,"column":0},"end":{"line":51,"column":69}},"52":{"start":{"line":53,"column":0},"end":{"line":53,"column":28}},"53":{"start":{"line":54,"column":0},"end":{"line":54,"column":19}},"54":{"start":{"line":55,"column":0},"end":{"line":55,"column":37}},"55":{"start":{"line":56,"column":0},"end":{"line":56,"column":44}},"56":{"start":{"line":57,"column":0},"end":{"line":57,"column":38}},"57":{"start":{"line":58,"column":0},"end":{"line":58,"column":43}},"58":{"start":{"line":59,"column":0},"end":{"line":59,"column":7}},"59":{"start":{"line":60,"column":0},"end":{"line":60,"column":59}},"60":{"start":{"line":61,"column":0},"end":{"line":61,"column":20}},"61":{"start":{"line":62,"column":0},"end":{"line":62,"column":65}},"62":{"start":{"line":63,"column":0},"end":{"line":63,"column":46}},"63":{"start":{"line":64,"column":0},"end":{"line":64,"column":15}},"64":{"start":{"line":65,"column":0},"end":{"line":65,"column":13}},"65":{"start":{"line":66,"column":0},"end":{"line":66,"column":14}},"66":{"start":{"line":67,"column":0},"end":{"line":67,"column":11}},"67":{"start":{"line":68,"column":0},"end":{"line":68,"column":7}},"68":{"start":{"line":69,"column":0},"end":{"line":69,"column":5}},"69":{"start":{"line":70,"column":0},"end":{"line":70,"column":3}},"71":{"start":{"line":72,"column":0},"end":{"line":72,"column":28}},"72":{"start":{"line":73,"column":0},"end":{"line":73,"column":54}},"73":{"start":{"line":74,"column":0},"end":{"line":74,"column":13}},"74":{"start":{"line":75,"column":0},"end":{"line":75,"column":17}},"75":{"start":{"line":76,"column":0},"end":{"line":76,"column":19}},"76":{"start":{"line":77,"column":0},"end":{"line":77,"column":50}},"77":{"start":{"line":78,"column":0},"end":{"line":78,"column":5}},"78":{"start":{"line":79,"column":0},"end":{"line":79,"column":33}},"79":{"start":{"line":80,"column":0},"end":{"line":80,"column":26}},"80":{"start":{"line":81,"column":0},"end":{"line":81,"column":29}},"81":{"start":{"line":82,"column":0},"end":{"line":82,"column":3}},"83":{"start":{"line":84,"column":0},"end":{"line":84,"column":72}},"84":{"start":{"line":85,"column":0},"end":{"line":85,"column":12}},"85":{"start":{"line":86,"column":0},"end":{"line":86,"column":11}},"86":{"start":{"line":87,"column":0},"end":{"line":87,"column":9}},"87":{"start":{"line":88,"column":0},"end":{"line":88,"column":10}},"88":{"start":{"line":89,"column":0},"end":{"line":89,"column":6}},"89":{"start":{"line":90,"column":0},"end":{"line":90,"column":3}},"91":{"start":{"line":92,"column":0},"end":{"line":92,"column":36}},"92":{"start":{"line":93,"column":0},"end":{"line":93,"column":9}},"93":{"start":{"line":94,"column":0},"end":{"line":94,"column":78}},"94":{"start":{"line":95,"column":0},"end":{"line":95,"column":61}},"95":{"start":{"line":96,"column":0},"end":{"line":96,"column":7}},"96":{"start":{"line":97,"column":0},"end":{"line":97,"column":78}},"97":{"start":{"line":98,"column":0},"end":{"line":98,"column":61}},"98":{"start":{"line":99,"column":0},"end":{"line":99,"column":7}},"99":{"start":{"line":100,"column":0},"end":{"line":100,"column":68}},"100":{"start":{"line":101,"column":0},"end":{"line":101,"column":51}},"101":{"start":{"line":102,"column":0},"end":{"line":102,"column":7}},"102":{"start":{"line":103,"column":0},"end":{"line":103,"column":32}},"103":{"start":{"line":104,"column":0},"end":{"line":104,"column":13}},"104":{"start":{"line":105,"column":0},"end":{"line":105,"column":32}},"105":{"start":{"line":106,"column":0},"end":{"line":106,"column":5}},"106":{"start":{"line":107,"column":0},"end":{"line":107,"column":3}},"108":{"start":{"line":109,"column":0},"end":{"line":109,"column":10}},"109":{"start":{"line":110,"column":0},"end":{"line":110,"column":53}},"110":{"start":{"line":111,"column":0},"end":{"line":111,"column":72}},"111":{"start":{"line":112,"column":0},"end":{"line":112,"column":76}},"112":{"start":{"line":113,"column":0},"end":{"line":113,"column":7}},"113":{"start":{"line":114,"column":0},"end":{"line":114,"column":68}},"114":{"start":{"line":115,"column":0},"end":{"line":115,"column":80}},"115":{"start":{"line":116,"column":0},"end":{"line":116,"column":20}},"116":{"start":{"line":117,"column":0},"end":{"line":117,"column":25}},"117":{"start":{"line":118,"column":0},"end":{"line":118,"column":65}},"118":{"start":{"line":119,"column":0},"end":{"line":119,"column":7}},"119":{"start":{"line":120,"column":0},"end":{"line":120,"column":50}},"120":{"start":{"line":121,"column":0},"end":{"line":121,"column":16}},"121":{"start":{"line":122,"column":0},"end":{"line":122,"column":23}},"122":{"start":{"line":123,"column":0},"end":{"line":123,"column":22}},"123":{"start":{"line":124,"column":0},"end":{"line":124,"column":63}},"124":{"start":{"line":125,"column":0},"end":{"line":125,"column":6}},"125":{"start":{"line":126,"column":0},"end":{"line":126,"column":20}},"126":{"start":{"line":127,"column":0},"end":{"line":127,"column":58}},"127":{"start":{"line":128,"column":0},"end":{"line":128,"column":6}},"128":{"start":{"line":129,"column":0},"end":{"line":129,"column":14}},"129":{"start":{"line":130,"column":0},"end":{"line":130,"column":17}},"130":{"start":{"line":131,"column":0},"end":{"line":131,"column":6}},"131":{"start":{"line":132,"column":0},"end":{"line":132,"column":15}},"132":{"start":{"line":133,"column":0},"end":{"line":133,"column":18}},"133":{"start":{"line":134,"column":0},"end":{"line":134,"column":6}},"134":{"start":{"line":135,"column":0},"end":{"line":135,"column":16}},"135":{"start":{"line":136,"column":0},"end":{"line":136,"column":24}},"136":{"start":{"line":137,"column":0},"end":{"line":137,"column":6}},"137":{"start":{"line":138,"column":0},"end":{"line":138,"column":14}},"138":{"start":{"line":139,"column":0},"end":{"line":139,"column":17}},"139":{"start":{"line":140,"column":0},"end":{"line":140,"column":6}},"140":{"start":{"line":141,"column":0},"end":{"line":141,"column":12}},"141":{"start":{"line":142,"column":0},"end":{"line":142,"column":21}},"142":{"start":{"line":143,"column":0},"end":{"line":143,"column":20}},"143":{"start":{"line":144,"column":0},"end":{"line":144,"column":18}},"144":{"start":{"line":145,"column":0},"end":{"line":145,"column":25}},"145":{"start":{"line":146,"column":0},"end":{"line":146,"column":20}},"146":{"start":{"line":147,"column":0},"end":{"line":147,"column":7}},"147":{"start":{"line":148,"column":0},"end":{"line":148,"column":19}},"148":{"start":{"line":149,"column":0},"end":{"line":149,"column":6}},"149":{"start":{"line":150,"column":0},"end":{"line":150,"column":12}},"150":{"start":{"line":151,"column":0},"end":{"line":151,"column":30}},"151":{"start":{"line":152,"column":0},"end":{"line":152,"column":31}},"152":{"start":{"line":153,"column":0},"end":{"line":153,"column":57}},"153":{"start":{"line":154,"column":0},"end":{"line":154,"column":21}},"154":{"start":{"line":155,"column":0},"end":{"line":155,"column":20}},"155":{"start":{"line":156,"column":0},"end":{"line":156,"column":27}},"156":{"start":{"line":157,"column":0},"end":{"line":157,"column":26}},"157":{"start":{"line":158,"column":0},"end":{"line":158,"column":22}},"158":{"start":{"line":159,"column":0},"end":{"line":159,"column":9}},"159":{"start":{"line":160,"column":0},"end":{"line":160,"column":7}},"160":{"start":{"line":161,"column":0},"end":{"line":161,"column":19}},"161":{"start":{"line":162,"column":0},"end":{"line":162,"column":6}},"162":{"start":{"line":163,"column":0},"end":{"line":163,"column":18}},"163":{"start":{"line":164,"column":0},"end":{"line":164,"column":36}},"164":{"start":{"line":165,"column":0},"end":{"line":165,"column":6}},"165":{"start":{"line":166,"column":0},"end":{"line":166,"column":14}},"166":{"start":{"line":167,"column":0},"end":{"line":167,"column":13}},"167":{"start":{"line":168,"column":0},"end":{"line":168,"column":39}},"168":{"start":{"line":169,"column":0},"end":{"line":169,"column":15}},"169":{"start":{"line":170,"column":0},"end":{"line":170,"column":23}},"170":{"start":{"line":171,"column":0},"end":{"line":171,"column":19}},"171":{"start":{"line":172,"column":0},"end":{"line":172,"column":6}},"172":{"start":{"line":173,"column":0},"end":{"line":173,"column":4}},"173":{"start":{"line":174,"column":0},"end":{"line":174,"column":1}}},"s":{"0":1,"21":1,"22":10,"23":2,"24":2,"25":10,"34":1,"36":1,"40":55,"41":55,"42":7,"43":7,"44":55,"45":55,"46":55,"47":55,"48":55,"49":55,"50":55,"52":55,"53":173,"54":173,"55":173,"56":173,"57":11354,"58":11354,"59":173,"60":173,"61":173,"62":173,"63":173,"64":173,"65":173,"66":173,"67":173,"68":173,"69":173,"71":55,"72":173,"73":173,"74":173,"75":173,"76":0,"77":0,"78":173,"79":173,"80":173,"81":173,"83":55,"84":173,"85":173,"86":173,"87":173,"88":173,"89":173,"91":55,"92":7,"93":7,"94":5,"95":5,"96":7,"97":3,"98":3,"99":7,"100":2,"101":2,"102":3,"103":7,"104":1,"105":1,"106":7,"108":55,"109":55,"110":185,"111":7,"112":7,"113":178,"114":185,"115":6,"116":6,"117":6,"118":6,"119":172,"120":172,"121":172,"122":172,"123":172,"124":185,"125":55,"126":7,"127":7,"128":55,"129":8,"130":8,"131":55,"132":54,"133":54,"134":55,"135":29,"136":29,"137":55,"138":23,"139":23,"140":55,"141":3,"142":2,"143":2,"144":2,"145":2,"146":2,"147":1,"148":3,"149":55,"150":2,"151":1,"152":1,"153":1,"154":1,"155":1,"156":1,"157":1,"158":1,"159":1,"160":1,"161":2,"162":55,"163":4,"164":4,"165":55,"166":55,"167":1,"168":1,"169":1,"170":1,"171":1,"172":55,"173":55},"branchMap":{"0":{"type":"branch","line":22,"loc":{"start":{"line":22,"column":7},"end":{"line":26,"column":1}},"locations":[{"start":{"line":22,"column":7},"end":{"line":26,"column":1}}]},"1":{"type":"branch","line":23,"loc":{"start":{"line":23,"column":61},"end":{"line":25,"column":3}},"locations":[{"start":{"line":23,"column":61},"end":{"line":25,"column":3}}]},"2":{"type":"branch","line":37,"loc":{"start":{"line":37,"column":7},"end":{"line":174,"column":1}},"locations":[{"start":{"line":37,"column":7},"end":{"line":174,"column":1}}]},"3":{"type":"branch","line":42,"loc":{"start":{"line":42,"column":7},"end":{"line":42,"column":47}},"locations":[{"start":{"line":42,"column":7},"end":{"line":42,"column":47}}]},"4":{"type":"branch","line":42,"loc":{"start":{"line":42,"column":35},"end":{"line":42,"column":62}},"locations":[{"start":{"line":42,"column":35},"end":{"line":42,"column":62}}]},"5":{"type":"branch","line":42,"loc":{"start":{"line":42,"column":55},"end":{"line":42,"column":78}},"locations":[{"start":{"line":42,"column":55},"end":{"line":42,"column":78}}]},"6":{"type":"branch","line":42,"loc":{"start":{"line":42,"column":78},"end":{"line":44,"column":3}},"locations":[{"start":{"line":42,"column":78},"end":{"line":44,"column":3}}]},"7":{"type":"branch","line":44,"loc":{"start":{"line":44,"column":2},"end":{"line":45,"column":41}},"locations":[{"start":{"line":44,"column":2},"end":{"line":45,"column":41}}]},"8":{"type":"branch","line":45,"loc":{"start":{"line":45,"column":28},"end":{"line":45,"column":60}},"locations":[{"start":{"line":45,"column":28},"end":{"line":45,"column":60}}]},"9":{"type":"branch","line":47,"loc":{"start":{"line":47,"column":21},"end":{"line":47,"column":34}},"locations":[{"start":{"line":47,"column":21},"end":{"line":47,"column":34}}]},"10":{"type":"branch","line":53,"loc":{"start":{"line":53,"column":2},"end":{"line":70,"column":3}},"locations":[{"start":{"line":53,"column":2},"end":{"line":70,"column":3}}]},"11":{"type":"branch","line":57,"loc":{"start":{"line":57,"column":37},"end":{"line":59,"column":7}},"locations":[{"start":{"line":57,"column":37},"end":{"line":59,"column":7}}]},"12":{"type":"branch","line":72,"loc":{"start":{"line":72,"column":2},"end":{"line":82,"column":3}},"locations":[{"start":{"line":72,"column":2},"end":{"line":82,"column":3}}]},"13":{"type":"branch","line":76,"loc":{"start":{"line":76,"column":18},"end":{"line":78,"column":5}},"locations":[{"start":{"line":76,"column":18},"end":{"line":78,"column":5}}]},"14":{"type":"branch","line":84,"loc":{"start":{"line":84,"column":2},"end":{"line":90,"column":3}},"locations":[{"start":{"line":84,"column":2},"end":{"line":90,"column":3}}]},"15":{"type":"branch","line":92,"loc":{"start":{"line":92,"column":2},"end":{"line":107,"column":3}},"locations":[{"start":{"line":92,"column":2},"end":{"line":107,"column":3}}]},"16":{"type":"branch","line":94,"loc":{"start":{"line":94,"column":28},"end":{"line":94,"column":77}},"locations":[{"start":{"line":94,"column":28},"end":{"line":94,"column":77}}]},"17":{"type":"branch","line":94,"loc":{"start":{"line":94,"column":77},"end":{"line":97,"column":36}},"locations":[{"start":{"line":94,"column":77},"end":{"line":97,"column":36}}]},"18":{"type":"branch","line":95,"loc":{"start":{"line":95,"column":33},"end":{"line":95,"column":61}},"locations":[{"start":{"line":95,"column":33},"end":{"line":95,"column":61}}]},"19":{"type":"branch","line":97,"loc":{"start":{"line":97,"column":28},"end":{"line":97,"column":77}},"locations":[{"start":{"line":97,"column":28},"end":{"line":97,"column":77}}]},"20":{"type":"branch","line":97,"loc":{"start":{"line":97,"column":77},"end":{"line":99,"column":7}},"locations":[{"start":{"line":97,"column":77},"end":{"line":99,"column":7}}]},"21":{"type":"branch","line":98,"loc":{"start":{"line":98,"column":33},"end":{"line":98,"column":61}},"locations":[{"start":{"line":98,"column":33},"end":{"line":98,"column":61}}]},"22":{"type":"branch","line":99,"loc":{"start":{"line":99,"column":6},"end":{"line":100,"column":31}},"locations":[{"start":{"line":99,"column":6},"end":{"line":100,"column":31}}]},"23":{"type":"branch","line":100,"loc":{"start":{"line":100,"column":23},"end":{"line":100,"column":67}},"locations":[{"start":{"line":100,"column":23},"end":{"line":100,"column":67}}]},"24":{"type":"branch","line":100,"loc":{"start":{"line":100,"column":67},"end":{"line":102,"column":7}},"locations":[{"start":{"line":100,"column":67},"end":{"line":102,"column":7}}]},"25":{"type":"branch","line":101,"loc":{"start":{"line":101,"column":28},"end":{"line":101,"column":51}},"locations":[{"start":{"line":101,"column":28},"end":{"line":101,"column":51}}]},"26":{"type":"branch","line":102,"loc":{"start":{"line":102,"column":6},"end":{"line":104,"column":12}},"locations":[{"start":{"line":102,"column":6},"end":{"line":104,"column":12}}]},"27":{"type":"branch","line":104,"loc":{"start":{"line":104,"column":4},"end":{"line":106,"column":5}},"locations":[{"start":{"line":104,"column":4},"end":{"line":106,"column":5}}]},"28":{"type":"branch","line":110,"loc":{"start":{"line":110,"column":4},"end":{"line":125,"column":6}},"locations":[{"start":{"line":110,"column":4},"end":{"line":125,"column":6}}]},"29":{"type":"branch","line":111,"loc":{"start":{"line":111,"column":11},"end":{"line":111,"column":47}},"locations":[{"start":{"line":111,"column":11},"end":{"line":111,"column":47}}]},"30":{"type":"branch","line":111,"loc":{"start":{"line":111,"column":35},"end":{"line":111,"column":61}},"locations":[{"start":{"line":111,"column":35},"end":{"line":111,"column":61}}]},"31":{"type":"branch","line":111,"loc":{"start":{"line":111,"column":53},"end":{"line":111,"column":71}},"locations":[{"start":{"line":111,"column":53},"end":{"line":111,"column":71}}]},"32":{"type":"branch","line":111,"loc":{"start":{"line":111,"column":71},"end":{"line":113,"column":7}},"locations":[{"start":{"line":111,"column":71},"end":{"line":113,"column":7}}]},"33":{"type":"branch","line":113,"loc":{"start":{"line":113,"column":6},"end":{"line":115,"column":23}},"locations":[{"start":{"line":113,"column":6},"end":{"line":115,"column":23}}]},"34":{"type":"branch","line":115,"loc":{"start":{"line":115,"column":11},"end":{"line":115,"column":54}},"locations":[{"start":{"line":115,"column":11},"end":{"line":115,"column":54}}]},"35":{"type":"branch","line":115,"loc":{"start":{"line":115,"column":46},"end":{"line":115,"column":79}},"locations":[{"start":{"line":115,"column":46},"end":{"line":115,"column":79}}]},"36":{"type":"branch","line":115,"loc":{"start":{"line":115,"column":79},"end":{"line":119,"column":7}},"locations":[{"start":{"line":115,"column":79},"end":{"line":119,"column":7}}]},"37":{"type":"branch","line":119,"loc":{"start":{"line":119,"column":6},"end":{"line":124,"column":63}},"locations":[{"start":{"line":119,"column":6},"end":{"line":124,"column":63}}]},"38":{"type":"branch","line":126,"loc":{"start":{"line":126,"column":4},"end":{"line":128,"column":6}},"locations":[{"start":{"line":126,"column":4},"end":{"line":128,"column":6}}]},"39":{"type":"branch","line":129,"loc":{"start":{"line":129,"column":4},"end":{"line":131,"column":6}},"locations":[{"start":{"line":129,"column":4},"end":{"line":131,"column":6}}]},"40":{"type":"branch","line":132,"loc":{"start":{"line":132,"column":4},"end":{"line":134,"column":6}},"locations":[{"start":{"line":132,"column":4},"end":{"line":134,"column":6}}]},"41":{"type":"branch","line":135,"loc":{"start":{"line":135,"column":4},"end":{"line":137,"column":6}},"locations":[{"start":{"line":135,"column":4},"end":{"line":137,"column":6}}]},"42":{"type":"branch","line":138,"loc":{"start":{"line":138,"column":4},"end":{"line":140,"column":6}},"locations":[{"start":{"line":138,"column":4},"end":{"line":140,"column":6}}]},"43":{"type":"branch","line":141,"loc":{"start":{"line":141,"column":4},"end":{"line":149,"column":6}},"locations":[{"start":{"line":141,"column":4},"end":{"line":149,"column":6}}]},"44":{"type":"branch","line":142,"loc":{"start":{"line":142,"column":20},"end":{"line":147,"column":7}},"locations":[{"start":{"line":142,"column":20},"end":{"line":147,"column":7}}]},"45":{"type":"branch","line":147,"loc":{"start":{"line":147,"column":6},"end":{"line":148,"column":19}},"locations":[{"start":{"line":147,"column":6},"end":{"line":148,"column":19}}]},"46":{"type":"branch","line":150,"loc":{"start":{"line":150,"column":4},"end":{"line":162,"column":6}},"locations":[{"start":{"line":150,"column":4},"end":{"line":162,"column":6}}]},"47":{"type":"branch","line":151,"loc":{"start":{"line":151,"column":29},"end":{"line":161,"column":19}},"locations":[{"start":{"line":151,"column":29},"end":{"line":161,"column":19}}]},"48":{"type":"branch","line":163,"loc":{"start":{"line":163,"column":4},"end":{"line":165,"column":6}},"locations":[{"start":{"line":163,"column":4},"end":{"line":165,"column":6}}]},"49":{"type":"branch","line":167,"loc":{"start":{"line":167,"column":4},"end":{"line":172,"column":6}},"locations":[{"start":{"line":167,"column":4},"end":{"line":172,"column":6}}]}},"b":{"0":[10],"1":[2],"2":[55],"3":[52],"4":[52],"5":[52],"6":[7],"7":[48],"8":[43],"9":[0],"10":[173],"11":[11354],"12":[173],"13":[0],"14":[173],"15":[7],"16":[5],"17":[5],"18":[1],"19":[3],"20":[3],"21":[1],"22":[4],"23":[2],"24":[2],"25":[1],"26":[3],"27":[1],"28":[185],"29":[183],"30":[183],"31":[180],"32":[7],"33":[178],"34":[176],"35":[172],"36":[6],"37":[172],"38":[7],"39":[8],"40":[54],"41":[29],"42":[23],"43":[3],"44":[2],"45":[1],"46":[2],"47":[1],"48":[4],"49":[1]},"fnMap":{"0":{"name":"assignChessGlobal","decl":{"start":{"line":22,"column":7},"end":{"line":26,"column":1}},"loc":{"start":{"line":22,"column":7},"end":{"line":26,"column":1}},"line":22},"1":{"name":"createEngine","decl":{"start":{"line":37,"column":7},"end":{"line":174,"column":1}},"loc":{"start":{"line":37,"column":7},"end":{"line":174,"column":1}},"line":37},"2":{"name":"updateHistory","decl":{"start":{"line":53,"column":2},"end":{"line":70,"column":3}},"loc":{"start":{"line":53,"column":2},"end":{"line":70,"column":3}},"line":53},"3":{"name":"createMoveRecord","decl":{"start":{"line":72,"column":2},"end":{"line":82,"column":3}},"loc":{"start":{"line":72,"column":2},"end":{"line":82,"column":3}},"line":72},"4":{"name":"updateMoveRecord","decl":{"start":{"line":84,"column":2},"end":{"line":90,"column":3}},"loc":{"start":{"line":84,"column":2},"end":{"line":90,"column":3}},"line":84},"5":{"name":"getStatus","decl":{"start":{"line":92,"column":2},"end":{"line":107,"column":3}},"loc":{"start":{"line":92,"column":2},"end":{"line":107,"column":3}},"line":92},"6":{"name":"tryUserMove","decl":{"start":{"line":110,"column":4},"end":{"line":125,"column":6}},"loc":{"start":{"line":110,"column":4},"end":{"line":125,"column":6}},"line":110},"7":{"name":"expectedMove","decl":{"start":{"line":126,"column":4},"end":{"line":128,"column":6}},"loc":{"start":{"line":126,"column":4},"end":{"line":128,"column":6}},"line":126},"8":{"name":"getFen","decl":{"start":{"line":129,"column":4},"end":{"line":131,"column":6}},"loc":{"start":{"line":129,"column":4},"end":{"line":131,"column":6}},"line":129},"9":{"name":"getStep","decl":{"start":{"line":132,"column":4},"end":{"line":134,"column":6}},"loc":{"start":{"line":132,"column":4},"end":{"line":134,"column":6}},"line":132},"10":{"name":"getTotal","decl":{"start":{"line":135,"column":4},"end":{"line":137,"column":6}},"loc":{"start":{"line":135,"column":4},"end":{"line":137,"column":6}},"line":135},"11":{"name":"getSeq","decl":{"start":{"line":138,"column":4},"end":{"line":140,"column":6}},"loc":{"start":{"line":138,"column":4},"end":{"line":140,"column":6}},"line":138},"12":{"name":"undo","decl":{"start":{"line":141,"column":4},"end":{"line":149,"column":6}},"loc":{"start":{"line":141,"column":4},"end":{"line":149,"column":6}},"line":141},"13":{"name":"redo","decl":{"start":{"line":150,"column":4},"end":{"line":162,"column":6}},"loc":{"start":{"line":150,"column":4},"end":{"line":162,"column":6}},"line":150},"14":{"name":"getHistory","decl":{"start":{"line":163,"column":4},"end":{"line":165,"column":6}},"loc":{"start":{"line":163,"column":4},"end":{"line":165,"column":6}},"line":163},"15":{"name":"reset","decl":{"start":{"line":167,"column":4},"end":{"line":172,"column":6}},"loc":{"start":{"line":167,"column":4},"end":{"line":172,"column":6}},"line":167}},"f":{"0":10,"1":55,"2":173,"3":173,"4":173,"5":7,"6":185,"7":7,"8":8,"9":54,"10":29,"11":23,"12":3,"13":2,"14":4,"15":1}}
,"/Users/andy/chess/anki-movetrainer/src/feedback.ts": {"path":"/Users/andy/chess/anki-movetrainer/src/feedback.ts","all":false,"statementMap":{"7":{"start":{"line":8,"column":0},"end":{"line":8,"column":61}},"8":{"start":{"line":9,"column":0},"end":{"line":9,"column":71}},"9":{"start":{"line":10,"column":0},"end":{"line":10,"column":67}},"10":{"start":{"line":11,"column":0},"end":{"line":11,"column":79}},"11":{"start":{"line":12,"column":0},"end":{"line":12,"column":72}},"12":{"start":{"line":13,"column":0},"end":{"line":13,"column":68}},"14":{"start":{"line":15,"column":0},"end":{"line":15,"column":19}},"16":{"start":{"line":17,"column":0},"end":{"line":17,"column":29}},"17":{"start":{"line":18,"column":0},"end":{"line":18,"column":22}},"18":{"start":{"line":19,"column":0},"end":{"line":19,"column":55}},"19":{"start":{"line":20,"column":0},"end":{"line":20,"column":80}},"20":{"start":{"line":21,"column":0},"end":{"line":21,"column":44}},"21":{"start":{"line":22,"column":0},"end":{"line":22,"column":35}},"22":{"start":{"line":23,"column":0},"end":{"line":23,"column":15}},"23":{"start":{"line":24,"column":0},"end":{"line":24,"column":6}},"24":{"start":{"line":25,"column":0},"end":{"line":25,"column":43}},"25":{"start":{"line":26,"column":0},"end":{"line":26,"column":42}},"26":{"start":{"line":27,"column":0},"end":{"line":27,"column":44}},"27":{"start":{"line":28,"column":0},"end":{"line":28,"column":45}},"28":{"start":{"line":29,"column":0},"end":{"line":29,"column":37}},"29":{"start":{"line":30,"column":0},"end":{"line":30,"column":37}},"30":{"start":{"line":31,"column":0},"end":{"line":31,"column":80}},"31":{"start":{"line":32,"column":0},"end":{"line":32,"column":47}},"32":{"start":{"line":33,"column":0},"end":{"line":33,"column":29}},"33":{"start":{"line":34,"column":0},"end":{"line":34,"column":29}},"34":{"start":{"line":35,"column":0},"end":{"line":35,"column":27}},"35":{"start":{"line":36,"column":0},"end":{"line":36,"column":3}},"37":{"start":{"line":38,"column":0},"end":{"line":38,"column":24}},"38":{"start":{"line":39,"column":0},"end":{"line":39,"column":22}},"40":{"start":{"line":41,"column":0},"end":{"line":41,"column":48}},"41":{"start":{"line":42,"column":0},"end":{"line":42,"column":46}},"42":{"start":{"line":43,"column":0},"end":{"line":43,"column":33}},"43":{"start":{"line":44,"column":0},"end":{"line":44,"column":25}},"44":{"start":{"line":45,"column":0},"end":{"line":45,"column":42}},"45":{"start":{"line":46,"column":0},"end":{"line":46,"column":16}},"46":{"start":{"line":47,"column":0},"end":{"line":47,"column":44}},"47":{"start":{"line":48,"column":0},"end":{"line":48,"column":9}},"48":{"start":{"line":49,"column":0},"end":{"line":49,"column":14}},"49":{"start":{"line":50,"column":0},"end":{"line":50,"column":19}},"50":{"start":{"line":51,"column":0},"end":{"line":51,"column":7}},"51":{"start":{"line":52,"column":0},"end":{"line":52,"column":7}},"52":{"start":{"line":53,"column":0},"end":{"line":53,"column":3}},"54":{"start":{"line":55,"column":0},"end":{"line":55,"column":45}},"55":{"start":{"line":56,"column":0},"end":{"line":56,"column":39}},"56":{"start":{"line":57,"column":0},"end":{"line":57,"column":41}},"57":{"start":{"line":58,"column":0},"end":{"line":58,"column":23}},"58":{"start":{"line":59,"column":0},"end":{"line":59,"column":12}},"59":{"start":{"line":60,"column":0},"end":{"line":60,"column":18}},"60":{"start":{"line":61,"column":0},"end":{"line":61,"column":18}},"61":{"start":{"line":62,"column":0},"end":{"line":62,"column":11}},"62":{"start":{"line":63,"column":0},"end":{"line":63,"column":11}},"63":{"start":{"line":64,"column":0},"end":{"line":64,"column":27}},"64":{"start":{"line":65,"column":0},"end":{"line":65,"column":27}},"65":{"start":{"line":66,"column":0},"end":{"line":66,"column":6}},"66":{"start":{"line":67,"column":0},"end":{"line":67,"column":3}},"68":{"start":{"line":69,"column":0},"end":{"line":69,"column":49}},"69":{"start":{"line":70,"column":0},"end":{"line":70,"column":38}},"70":{"start":{"line":71,"column":0},"end":{"line":71,"column":16}},"71":{"start":{"line":72,"column":0},"end":{"line":72,"column":42}},"72":{"start":{"line":73,"column":0},"end":{"line":73,"column":33}},"73":{"start":{"line":74,"column":0},"end":{"line":74,"column":27}},"75":{"start":{"line":76,"column":0},"end":{"line":76,"column":78}},"76":{"start":{"line":77,"column":0},"end":{"line":77,"column":42}},"77":{"start":{"line":78,"column":0},"end":{"line":78,"column":38}},"78":{"start":{"line":79,"column":0},"end":{"line":79,"column":38}},"79":{"start":{"line":80,"column":0},"end":{"line":80,"column":42}},"80":{"start":{"line":81,"column":0},"end":{"line":81,"column":43}},"82":{"start":{"line":83,"column":0},"end":{"line":83,"column":78}},"83":{"start":{"line":84,"column":0},"end":{"line":84,"column":40}},"84":{"start":{"line":85,"column":0},"end":{"line":85,"column":38}},"85":{"start":{"line":86,"column":0},"end":{"line":86,"column":38}},"86":{"start":{"line":87,"column":0},"end":{"line":87,"column":42}},"87":{"start":{"line":88,"column":0},"end":{"line":88,"column":43}},"89":{"start":{"line":90,"column":0},"end":{"line":90,"column":80}},"90":{"start":{"line":91,"column":0},"end":{"line":91,"column":39}},"91":{"start":{"line":92,"column":0},"end":{"line":92,"column":42}},"92":{"start":{"line":93,"column":0},"end":{"line":93,"column":42}},"93":{"start":{"line":94,"column":0},"end":{"line":94,"column":42}},"94":{"start":{"line":95,"column":0},"end":{"line":95,"column":42}},"95":{"start":{"line":96,"column":0},"end":{"line":96,"column":55}},"97":{"start":{"line":98,"column":0},"end":{"line":98,"column":25}},"98":{"start":{"line":99,"column":0},"end":{"line":99,"column":25}},"99":{"start":{"line":100,"column":0},"end":{"line":100,"column":27}},"100":{"start":{"line":101,"column":0},"end":{"line":101,"column":3}},"102":{"start":{"line":103,"column":0},"end":{"line":103,"column":10}},"103":{"start":{"line":104,"column":0},"end":{"line":104,"column":44}},"104":{"start":{"line":105,"column":0},"end":{"line":105,"column":17}},"105":{"start":{"line":106,"column":0},"end":{"line":106,"column":56}},"106":{"start":{"line":107,"column":0},"end":{"line":107,"column":19}},"107":{"start":{"line":108,"column":0},"end":{"line":108,"column":67}},"108":{"start":{"line":109,"column":0},"end":{"line":109,"column":14}},"109":{"start":{"line":110,"column":0},"end":{"line":110,"column":10}},"110":{"start":{"line":111,"column":0},"end":{"line":111,"column":7}},"111":{"start":{"line":112,"column":0},"end":{"line":112,"column":25}},"112":{"start":{"line":113,"column":0},"end":{"line":113,"column":6}},"113":{"start":{"line":114,"column":0},"end":{"line":114,"column":43}},"114":{"start":{"line":115,"column":0},"end":{"line":115,"column":15}},"115":{"start":{"line":116,"column":0},"end":{"line":116,"column":23}},"116":{"start":{"line":117,"column":0},"end":{"line":117,"column":24}},"117":{"start":{"line":118,"column":0},"end":{"line":118,"column":7}},"118":{"start":{"line":119,"column":0},"end":{"line":119,"column":15}},"120":{"start":{"line":121,"column":0},"end":{"line":121,"column":56}},"121":{"start":{"line":122,"column":0},"end":{"line":122,"column":7}},"122":{"start":{"line":123,"column":0},"end":{"line":123,"column":6}},"123":{"start":{"line":124,"column":0},"end":{"line":124,"column":45}},"124":{"start":{"line":125,"column":0},"end":{"line":125,"column":45}},"125":{"start":{"line":126,"column":0},"end":{"line":126,"column":20}},"126":{"start":{"line":127,"column":0},"end":{"line":127,"column":38}},"127":{"start":{"line":128,"column":0},"end":{"line":128,"column":24}},"128":{"start":{"line":129,"column":0},"end":{"line":129,"column":76}},"129":{"start":{"line":130,"column":0},"end":{"line":130,"column":62}},"130":{"start":{"line":131,"column":0},"end":{"line":131,"column":7}},"131":{"start":{"line":132,"column":0},"end":{"line":132,"column":30}},"132":{"start":{"line":133,"column":0},"end":{"line":133,"column":27}},"133":{"start":{"line":134,"column":0},"end":{"line":134,"column":79}},"134":{"start":{"line":135,"column":0},"end":{"line":135,"column":92}},"135":{"start":{"line":136,"column":0},"end":{"line":136,"column":7}},"136":{"start":{"line":137,"column":0},"end":{"line":137,"column":33}},"137":{"start":{"line":138,"column":0},"end":{"line":138,"column":6}},"138":{"start":{"line":139,"column":0},"end":{"line":139,"column":14}},"139":{"start":{"line":140,"column":0},"end":{"line":140,"column":4}},"140":{"start":{"line":141,"column":0},"end":{"line":141,"column":1}}},"s":{"7":1,"8":28,"9":28,"10":28,"11":28,"12":28,"14":28,"16":28,"17":28,"18":19,"19":18,"20":18,"21":18,"22":18,"23":18,"24":18,"25":18,"26":18,"27":18,"28":18,"29":18,"30":18,"31":18,"32":18,"33":18,"34":18,"35":28,"37":28,"38":7,"40":7,"41":7,"42":11,"43":8,"44":7,"45":8,"46":1,"47":1,"48":11,"49":3,"50":3,"51":7,"52":7,"54":28,"55":8,"56":8,"57":8,"58":8,"59":8,"60":8,"61":8,"62":8,"63":8,"64":8,"65":8,"66":8,"68":28,"69":10,"70":4,"71":10,"72":10,"73":10,"75":10,"76":10,"77":10,"78":10,"79":10,"80":10,"82":10,"83":10,"84":10,"85":10,"86":10,"87":10,"89":10,"90":10,"91":10,"92":10,"93":10,"94":10,"95":10,"97":10,"98":10,"99":10,"100":10,"102":28,"103":28,"104":10,"105":6,"106":6,"107":6,"108":6,"109":6,"110":6,"111":10,"112":10,"113":28,"114":21,"115":14,"116":14,"117":14,"118":21,"120":14,"121":14,"122":21,"123":28,"124":23,"125":13,"126":20,"127":5,"128":5,"129":5,"130":5,"131":23,"132":11,"133":11,"134":11,"135":11,"136":13,"137":23,"138":28,"139":28,"140":28},"branchMap":{"0":{"type":"branch","line":8,"loc":{"start":{"line":8,"column":7},"end":{"line":141,"column":1}},"locations":[{"start":{"line":8,"column":7},"end":{"line":141,"column":1}}]},"1":{"type":"branch","line":17,"loc":{"start":{"line":17,"column":2},"end":{"line":36,"column":3}},"locations":[{"start":{"line":17,"column":2},"end":{"line":36,"column":3}}]},"2":{"type":"branch","line":18,"loc":{"start":{"line":18,"column":15},"end":{"line":18,"column":22}},"locations":[{"start":{"line":18,"column":15},"end":{"line":18,"column":22}}]},"3":{"type":"branch","line":18,"loc":{"start":{"line":18,"column":15},"end":{"line":19,"column":55}},"locations":[{"start":{"line":18,"column":15},"end":{"line":19,"column":55}}]},"4":{"type":"branch","line":19,"loc":{"start":{"line":19,"column":48},"end":{"line":19,"column":55}},"locations":[{"start":{"line":19,"column":48},"end":{"line":19,"column":55}}]},"5":{"type":"branch","line":19,"loc":{"start":{"line":19,"column":48},"end":{"line":35,"column":27}},"locations":[{"start":{"line":19,"column":48},"end":{"line":35,"column":27}}]},"6":{"type":"branch","line":38,"loc":{"start":{"line":38,"column":2},"end":{"line":53,"column":3}},"locations":[{"start":{"line":38,"column":2},"end":{"line":53,"column":3}}]},"7":{"type":"branch","line":39,"loc":{"start":{"line":39,"column":15},"end":{"line":39,"column":22}},"locations":[{"start":{"line":39,"column":15},"end":{"line":39,"column":22}}]},"8":{"type":"branch","line":42,"loc":{"start":{"line":42,"column":38},"end":{"line":52,"column":5}},"locations":[{"start":{"line":42,"column":38},"end":{"line":52,"column":5}}]},"9":{"type":"branch","line":43,"loc":{"start":{"line":43,"column":32},"end":{"line":49,"column":13}},"locations":[{"start":{"line":43,"column":32},"end":{"line":49,"column":13}}]},"10":{"type":"branch","line":44,"loc":{"start":{"line":44,"column":24},"end":{"line":46,"column":15}},"locations":[{"start":{"line":44,"column":24},"end":{"line":46,"column":15}}]},"11":{"type":"branch","line":46,"loc":{"start":{"line":46,"column":8},"end":{"line":48,"column":9}},"locations":[{"start":{"line":46,"column":8},"end":{"line":48,"column":9}}]},"12":{"type":"branch","line":49,"loc":{"start":{"line":49,"column":6},"end":{"line":51,"column":7}},"locations":[{"start":{"line":49,"column":6},"end":{"line":51,"column":7}}]},"13":{"type":"branch","line":55,"loc":{"start":{"line":55,"column":2},"end":{"line":67,"column":3}},"locations":[{"start":{"line":55,"column":2},"end":{"line":67,"column":3}}]},"14":{"type":"branch","line":69,"loc":{"start":{"line":69,"column":2},"end":{"line":101,"column":3}},"locations":[{"start":{"line":69,"column":2},"end":{"line":101,"column":3}}]},"15":{"type":"branch","line":70,"loc":{"start":{"line":70,"column":9},"end":{"line":70,"column":26}},"locations":[{"start":{"line":70,"column":9},"end":{"line":70,"column":26}}]},"16":{"type":"branch","line":70,"loc":{"start":{"line":70,"column":18},"end":{"line":70,"column":31}},"locations":[{"start":{"line":70,"column":18},"end":{"line":70,"column":31}}]},"17":{"type":"branch","line":70,"loc":{"start":{"line":70,"column":31},"end":{"line":72,"column":23}},"locations":[{"start":{"line":70,"column":31},"end":{"line":72,"column":23}}]},"18":{"type":"branch","line":70,"loc":{"start":{"line":70,"column":31},"end":{"line":70,"column":38}},"locations":[{"start":{"line":70,"column":31},"end":{"line":70,"column":38}}]},"19":{"type":"branch","line":70,"loc":{"start":{"line":70,"column":31},"end":{"line":72,"column":23}},"locations":[{"start":{"line":70,"column":31},"end":{"line":72,"column":23}}]},"20":{"type":"branch","line":72,"loc":{"start":{"line":72,"column":17},"end":{"line":72,"column":38}},"locations":[{"start":{"line":72,"column":17},"end":{"line":72,"column":38}}]},"21":{"type":"branch","line":72,"loc":{"start":{"line":72,"column":23},"end":{"line":72,"column":42}},"locations":[{"start":{"line":72,"column":23},"end":{"line":72,"column":42}}]},"22":{"type":"branch","line":104,"loc":{"start":{"line":104,"column":4},"end":{"line":113,"column":6}},"locations":[{"start":{"line":104,"column":4},"end":{"line":113,"column":6}}]},"23":{"type":"branch","line":105,"loc":{"start":{"line":105,"column":16},"end":{"line":111,"column":7}},"locations":[{"start":{"line":105,"column":16},"end":{"line":111,"column":7}}]},"24":{"type":"branch","line":114,"loc":{"start":{"line":114,"column":4},"end":{"line":123,"column":6}},"locations":[{"start":{"line":114,"column":4},"end":{"line":123,"column":6}}]},"25":{"type":"branch","line":115,"loc":{"start":{"line":115,"column":14},"end":{"line":118,"column":7}},"locations":[{"start":{"line":115,"column":14},"end":{"line":118,"column":7}}]},"26":{"type":"branch","line":119,"loc":{"start":{"line":119,"column":14},"end":{"line":122,"column":7}},"locations":[{"start":{"line":119,"column":14},"end":{"line":122,"column":7}}]},"27":{"type":"branch","line":124,"loc":{"start":{"line":124,"column":4},"end":{"line":138,"column":6}},"locations":[{"start":{"line":124,"column":4},"end":{"line":138,"column":6}}]},"28":{"type":"branch","line":125,"loc":{"start":{"line":125,"column":11},"end":{"line":125,"column":38}},"locations":[{"start":{"line":125,"column":11},"end":{"line":125,"column":38}}]},"29":{"type":"branch","line":125,"loc":{"start":{"line":125,"column":38},"end":{"line":125,"column":45}},"locations":[{"start":{"line":125,"column":38},"end":{"line":125,"column":45}}]},"30":{"type":"branch","line":125,"loc":{"start":{"line":125,"column":38},"end":{"line":132,"column":29}},"locations":[{"start":{"line":125,"column":38},"end":{"line":132,"column":29}}]},"31":{"type":"branch","line":125,"loc":{"start":{"line":125,"column":38},"end":{"line":127,"column":37}},"locations":[{"start":{"line":125,"column":38},"end":{"line":127,"column":37}}]},"32":{"type":"branch","line":127,"loc":{"start":{"line":127,"column":37},"end":{"line":131,"column":7}},"locations":[{"start":{"line":127,"column":37},"end":{"line":131,"column":7}}]},"33":{"type":"branch","line":129,"loc":{"start":{"line":129,"column":10},"end":{"line":129,"column":76}},"locations":[{"start":{"line":129,"column":10},"end":{"line":129,"column":76}}]},"34":{"type":"branch","line":131,"loc":{"start":{"line":131,"column":6},"end":{"line":132,"column":29}},"locations":[{"start":{"line":131,"column":6},"end":{"line":132,"column":29}}]},"35":{"type":"branch","line":132,"loc":{"start":{"line":132,"column":29},"end":{"line":136,"column":7}},"locations":[{"start":{"line":132,"column":29},"end":{"line":136,"column":7}}]},"36":{"type":"branch","line":134,"loc":{"start":{"line":134,"column":10},"end":{"line":134,"column":79}},"locations":[{"start":{"line":134,"column":10},"end":{"line":134,"column":79}}]},"37":{"type":"branch","line":136,"loc":{"start":{"line":136,"column":6},"end":{"line":137,"column":33}},"locations":[{"start":{"line":136,"column":6},"end":{"line":137,"column":33}}]}},"b":{"0":[28],"1":[28],"2":[9],"3":[19],"4":[1],"5":[18],"6":[7],"7":[0],"8":[11],"9":[8],"10":[7],"11":[1],"12":[3],"13":[8],"14":[10],"15":[7],"16":[4],"17":[7],"18":[6],"19":[4],"20":[3],"21":[1],"22":[10],"23":[6],"24":[21],"25":[14],"26":[14],"27":[23],"28":[16],"29":[10],"30":[20],"31":[13],"32":[5],"33":[4],"34":[13],"35":[11],"36":[9],"37":[13]},"fnMap":{"0":{"name":"createFeedback","decl":{"start":{"line":8,"column":7},"end":{"line":141,"column":1}},"loc":{"start":{"line":8,"column":7},"end":{"line":141,"column":1}},"line":8},"1":{"name":"ensureAnnoDefs","decl":{"start":{"line":17,"column":2},"end":{"line":36,"column":3}},"loc":{"start":{"line":17,"column":2},"end":{"line":36,"column":3}},"line":17},"2":{"name":"clearAnno","decl":{"start":{"line":38,"column":2},"end":{"line":53,"column":3}},"loc":{"start":{"line":38,"column":2},"end":{"line":53,"column":3}},"line":38},"3":{"name":"sqRect","decl":{"start":{"line":55,"column":2},"end":{"line":67,"column":3}},"loc":{"start":{"line":55,"column":2},"end":{"line":67,"column":3}},"line":55},"4":{"name":"drawHint","decl":{"start":{"line":69,"column":2},"end":{"line":101,"column":3}},"loc":{"start":{"line":69,"column":2},"end":{"line":101,"column":3}},"line":69},"5":{"name":"flashWrong","decl":{"start":{"line":104,"column":4},"end":{"line":113,"column":6}},"loc":{"start":{"line":104,"column":4},"end":{"line":113,"column":6}},"line":104},"6":{"name":"progress","decl":{"start":{"line":114,"column":4},"end":{"line":123,"column":6}},"loc":{"start":{"line":114,"column":4},"end":{"line":123,"column":6}},"line":114},"7":{"name":"listPlayed","decl":{"start":{"line":124,"column":4},"end":{"line":138,"column":6}},"loc":{"start":{"line":124,"column":4},"end":{"line":138,"column":6}},"line":124}},"f":{"0":28,"1":28,"2":7,"3":8,"4":10,"5":10,"6":21,"7":23}}
,"/Users/andy/chess/anki-movetrainer/src/index.ts": {"path":"/Users/andy/chess/anki-movetrainer/src/index.ts","all":false,"statementMap":{"0":{"start":{"line":1,"column":0},"end":{"line":1,"column":40}},"11":{"start":{"line":12,"column":0},"end":{"line":12,"column":27}},"12":{"start":{"line":13,"column":0},"end":{"line":13,"column":17}},"13":{"start":{"line":14,"column":0},"end":{"line":14,"column":21}},"14":{"start":{"line":15,"column":0},"end":{"line":15,"column":21}},"15":{"start":{"line":16,"column":0},"end":{"line":16,"column":52}},"16":{"start":{"line":17,"column":0},"end":{"line":17,"column":17}},"17":{"start":{"line":18,"column":0},"end":{"line":18,"column":17}},"18":{"start":{"line":19,"column":0},"end":{"line":19,"column":34}},"19":{"start":{"line":20,"column":0},"end":{"line":20,"column":22}},"20":{"start":{"line":21,"column":0},"end":{"line":21,"column":43}},"21":{"start":{"line":22,"column":0},"end":{"line":22,"column":63}},"22":{"start":{"line":23,"column":0},"end":{"line":23,"column":21}},"23":{"start":{"line":24,"column":0},"end":{"line":24,"column":62}},"24":{"start":{"line":25,"column":0},"end":{"line":25,"column":63}},"25":{"start":{"line":26,"column":0},"end":{"line":26,"column":28}},"26":{"start":{"line":27,"column":0},"end":{"line":27,"column":22}},"27":{"start":{"line":28,"column":0},"end":{"line":28,"column":3}},"28":{"start":{"line":29,"column":0},"end":{"line":29,"column":57}},"29":{"start":{"line":30,"column":0},"end":{"line":30,"column":57}},"30":{"start":{"line":31,"column":0},"end":{"line":31,"column":47}},"31":{"start":{"line":32,"column":0},"end":{"line":32,"column":63}},"32":{"start":{"line":33,"column":0},"end":{"line":33,"column":10}},"33":{"start":{"line":34,"column":0},"end":{"line":34,"column":43}},"34":{"start":{"line":35,"column":0},"end":{"line":35,"column":56}},"35":{"start":{"line":36,"column":0},"end":{"line":36,"column":24}},"36":{"start":{"line":37,"column":0},"end":{"line":37,"column":42}},"37":{"start":{"line":38,"column":0},"end":{"line":38,"column":35}},"38":{"start":{"line":39,"column":0},"end":{"line":39,"column":27}},"39":{"start":{"line":40,"column":0},"end":{"line":40,"column":36}},"40":{"start":{"line":41,"column":0},"end":{"line":41,"column":67}},"41":{"start":{"line":42,"column":0},"end":{"line":42,"column":53}},"42":{"start":{"line":43,"column":0},"end":{"line":43,"column":57}},"43":{"start":{"line":44,"column":0},"end":{"line":44,"column":19}},"45":{"start":{"line":46,"column":0},"end":{"line":46,"column":11}},"46":{"start":{"line":47,"column":0},"end":{"line":47,"column":9}},"47":{"start":{"line":48,"column":0},"end":{"line":48,"column":30}},"48":{"start":{"line":49,"column":0},"end":{"line":49,"column":5}},"49":{"start":{"line":50,"column":0},"end":{"line":50,"column":3}},"50":{"start":{"line":51,"column":0},"end":{"line":51,"column":1}},"52":{"start":{"line":53,"column":0},"end":{"line":53,"column":21}},"53":{"start":{"line":54,"column":0},"end":{"line":54,"column":20}},"54":{"start":{"line":55,"column":0},"end":{"line":55,"column":43}},"55":{"start":{"line":56,"column":0},"end":{"line":56,"column":34}},"56":{"start":{"line":57,"column":0},"end":{"line":57,"column":3}},"57":{"start":{"line":58,"column":0},"end":{"line":58,"column":44}},"58":{"start":{"line":59,"column":0},"end":{"line":59,"column":28}},"59":{"start":{"line":60,"column":0},"end":{"line":60,"column":7}},"60":{"start":{"line":61,"column":0},"end":{"line":61,"column":54}},"61":{"start":{"line":62,"column":0},"end":{"line":62,"column":56}},"62":{"start":{"line":63,"column":0},"end":{"line":63,"column":11}},"63":{"start":{"line":64,"column":0},"end":{"line":64,"column":16}},"64":{"start":{"line":65,"column":0},"end":{"line":65,"column":3}},"65":{"start":{"line":66,"column":0},"end":{"line":66,"column":47}},"66":{"start":{"line":67,"column":0},"end":{"line":67,"column":47}},"67":{"start":{"line":68,"column":0},"end":{"line":68,"column":42}},"68":{"start":{"line":69,"column":0},"end":{"line":69,"column":70}},"69":{"start":{"line":70,"column":0},"end":{"line":70,"column":3}},"70":{"start":{"line":71,"column":0},"end":{"line":71,"column":34}},"71":{"start":{"line":72,"column":0},"end":{"line":72,"column":77}},"72":{"start":{"line":73,"column":0},"end":{"line":73,"column":37}},"73":{"start":{"line":74,"column":0},"end":{"line":74,"column":8}},"74":{"start":{"line":75,"column":0},"end":{"line":75,"column":79}},"75":{"start":{"line":76,"column":0},"end":{"line":76,"column":24}},"76":{"start":{"line":77,"column":0},"end":{"line":77,"column":31}},"77":{"start":{"line":78,"column":0},"end":{"line":78,"column":69}},"78":{"start":{"line":79,"column":0},"end":{"line":79,"column":5}},"81":{"start":{"line":82,"column":0},"end":{"line":82,"column":51}},"82":{"start":{"line":83,"column":0},"end":{"line":83,"column":51}},"84":{"start":{"line":85,"column":0},"end":{"line":85,"column":42}},"85":{"start":{"line":86,"column":0},"end":{"line":86,"column":1}},"89":{"start":{"line":90,"column":0},"end":{"line":90,"column":78}}},"s":{"0":1,"11":1,"12":10,"13":10,"14":10,"15":10,"16":10,"17":10,"18":10,"19":10,"20":10,"21":9,"22":10,"23":4,"24":4,"25":4,"26":4,"27":4,"28":5,"29":5,"30":10,"31":3,"32":10,"33":2,"34":2,"35":2,"36":1,"37":1,"38":0,"39":0,"40":0,"41":0,"42":0,"43":0,"45":0,"46":0,"47":2,"48":2,"49":2,"50":10,"52":1,"53":18,"54":18,"55":18,"56":18,"57":18,"58":18,"59":18,"60":18,"61":18,"62":18,"63":1,"64":1,"65":18,"66":18,"67":18,"68":3,"69":3,"70":13,"71":18,"72":18,"73":18,"74":18,"75":18,"76":18,"77":0,"78":18,"81":18,"82":18,"84":18,"85":18,"89":1},"branchMap":{"0":{"type":"branch","line":12,"loc":{"start":{"line":12,"column":7},"end":{"line":51,"column":1}},"locations":[{"start":{"line":12,"column":7},"end":{"line":51,"column":1}}]},"1":{"type":"branch","line":21,"loc":{"start":{"line":21,"column":25},"end":{"line":21,"column":43}},"locations":[{"start":{"line":21,"column":25},"end":{"line":21,"column":43}}]},"2":{"type":"branch","line":21,"loc":{"start":{"line":21,"column":32},"end":{"line":23,"column":20}},"locations":[{"start":{"line":21,"column":32},"end":{"line":23,"column":20}}]},"3":{"type":"branch","line":23,"loc":{"start":{"line":23,"column":20},"end":{"line":28,"column":3}},"locations":[{"start":{"line":23,"column":20},"end":{"line":28,"column":3}}]},"4":{"type":"branch","line":24,"loc":{"start":{"line":24,"column":28},"end":{"line":24,"column":44}},"locations":[{"start":{"line":24,"column":28},"end":{"line":24,"column":44}}]},"5":{"type":"branch","line":24,"loc":{"start":{"line":24,"column":48},"end":{"line":24,"column":60}},"locations":[{"start":{"line":24,"column":48},"end":{"line":24,"column":60}}]},"6":{"type":"branch","line":25,"loc":{"start":{"line":25,"column":46},"end":{"line":25,"column":63}},"locations":[{"start":{"line":25,"column":46},"end":{"line":25,"column":63}}]},"7":{"type":"branch","line":28,"loc":{"start":{"line":28,"column":2},"end":{"line":31,"column":46}},"locations":[{"start":{"line":28,"column":2},"end":{"line":31,"column":46}}]},"8":{"type":"branch","line":31,"loc":{"start":{"line":31,"column":46},"end":{"line":33,"column":9}},"locations":[{"start":{"line":31,"column":46},"end":{"line":33,"column":9}}]},"9":{"type":"branch","line":33,"loc":{"start":{"line":33,"column":2},"end":{"line":50,"column":3}},"locations":[{"start":{"line":33,"column":2},"end":{"line":50,"column":3}}]},"10":{"type":"branch","line":48,"loc":{"start":{"line":48,"column":14},"end":{"line":48,"column":28}},"locations":[{"start":{"line":48,"column":14},"end":{"line":48,"column":28}}]},"11":{"type":"branch","line":36,"loc":{"start":{"line":36,"column":17},"end":{"line":48,"column":9}},"locations":[{"start":{"line":36,"column":17},"end":{"line":48,"column":9}}]},"12":{"type":"branch","line":38,"loc":{"start":{"line":38,"column":12},"end":{"line":38,"column":25}},"locations":[{"start":{"line":38,"column":12},"end":{"line":38,"column":25}}]},"13":{"type":"branch","line":38,"loc":{"start":{"line":38,"column":17},"end":{"line":38,"column":34}},"locations":[{"start":{"line":38,"column":17},"end":{"line":38,"column":34}}]},"14":{"type":"branch","line":38,"loc":{"start":{"line":38,"column":34},"end":{"line":47,"column":9}},"locations":[{"start":{"line":38,"column":34},"end":{"line":47,"column":9}}]},"15":{"type":"branch","line":53,"loc":{"start":{"line":53,"column":7},"end":{"line":86,"column":1}},"locations":[{"start":{"line":53,"column":7},"end":{"line":86,"column":1}}]},"16":{"type":"branch","line":58,"loc":{"start":{"line":58,"column":31},"end":{"line":58,"column":44}},"locations":[{"start":{"line":58,"column":31},"end":{"line":58,"column":44}}]},"17":{"type":"branch","line":61,"loc":{"start":{"line":61,"column":37},"end":{"line":61,"column":52}},"locations":[{"start":{"line":61,"column":37},"end":{"line":61,"column":52}}]},"18":{"type":"branch","line":62,"loc":{"start":{"line":62,"column":33},"end":{"line":62,"column":53}},"locations":[{"start":{"line":62,"column":33},"end":{"line":62,"column":53}}]},"19":{"type":"branch","line":62,"loc":{"start":{"line":62,"column":49},"end":{"line":62,"column":56}},"locations":[{"start":{"line":62,"column":49},"end":{"line":62,"column":56}}]},"20":{"type":"branch","line":63,"loc":{"start":{"line":63,"column":2},"end":{"line":65,"column":3}},"locations":[{"start":{"line":63,"column":2},"end":{"line":65,"column":3}}]},"21":{"type":"branch","line":68,"loc":{"start":{"line":68,"column":41},"end":{"line":70,"column":3}},"locations":[{"start":{"line":68,"column":41},"end":{"line":70,"column":3}}]},"22":{"type":"branch","line":70,"loc":{"start":{"line":70,"column":2},"end":{"line":72,"column":74}},"locations":[{"start":{"line":70,"column":2},"end":{"line":72,"column":74}}]},"23":{"type":"branch","line":72,"loc":{"start":{"line":72,"column":55},"end":{"line":72,"column":74}},"locations":[{"start":{"line":72,"column":55},"end":{"line":72,"column":74}}]},"24":{"type":"branch","line":75,"loc":{"start":{"line":75,"column":21},"end":{"line":75,"column":79}},"locations":[{"start":{"line":75,"column":21},"end":{"line":75,"column":79}}]}},"b":{"0":[10],"1":[1],"2":[9],"3":[4],"4":[1],"5":[1],"6":[3],"7":[5],"8":[3],"9":[2],"10":[1],"11":[1],"12":[0],"13":[0],"14":[0],"15":[18],"16":[0],"17":[0],"18":[17],"19":[0],"20":[1],"21":[3],"22":[13],"23":[12],"24":[13]},"fnMap":{"0":{"name":"handleMove","decl":{"start":{"line":12,"column":7},"end":{"line":51,"column":1}},"loc":{"start":{"line":12,"column":7},"end":{"line":51,"column":1}},"line":12},"1":{"name":"init","decl":{"start":{"line":53,"column":7},"end":{"line":86,"column":1}},"loc":{"start":{"line":53,"column":7},"end":{"line":86,"column":1}},"line":53},"2":{"name":"onDrop","decl":{"start":{"line":77,"column":12},"end":{"line":78,"column":69}},"loc":{"start":{"line":77,"column":12},"end":{"line":78,"column":69}},"line":77}},"f":{"0":10,"1":18,"2":0}}
,"/Users/andy/chess/anki-movetrainer/src/pieces.ts": {"path":"/Users/andy/chess/anki-movetrainer/src/pieces.ts","all":false,"statementMap":{"0":{"start":{"line":1,"column":0},"end":{"line":1,"column":16}},"15":{"start":{"line":16,"column":0},"end":{"line":16,"column":49}},"16":{"start":{"line":17,"column":0},"end":{"line":17,"column":5}},"17":{"start":{"line":18,"column":0},"end":{"line":18,"column":5}},"18":{"start":{"line":19,"column":0},"end":{"line":19,"column":5}},"19":{"start":{"line":20,"column":0},"end":{"line":20,"column":5}},"20":{"start":{"line":21,"column":0},"end":{"line":21,"column":5}},"21":{"start":{"line":22,"column":0},"end":{"line":22,"column":5}},"22":{"start":{"line":23,"column":0},"end":{"line":23,"column":5}},"23":{"start":{"line":24,"column":0},"end":{"line":24,"column":5}},"24":{"start":{"line":25,"column":0},"end":{"line":25,"column":5}},"25":{"start":{"line":26,"column":0},"end":{"line":26,"column":5}},"26":{"start":{"line":27,"column":0},"end":{"line":27,"column":5}},"27":{"start":{"line":28,"column":0},"end":{"line":28,"column":5}},"28":{"start":{"line":29,"column":0},"end":{"line":29,"column":2}},"30":{"start":{"line":31,"column":0},"end":{"line":31,"column":57}},"32":{"start":{"line":33,"column":0},"end":{"line":33,"column":30}},"33":{"start":{"line":34,"column":0},"end":{"line":34,"column":1}}},"s":{"0":1,"15":1,"16":1,"17":1,"18":1,"19":1,"20":1,"21":1,"22":1,"23":1,"24":1,"25":1,"26":1,"27":1,"28":1,"30":1,"32":14,"33":14},"branchMap":{"0":{"type":"branch","line":31,"loc":{"start":{"line":31,"column":7},"end":{"line":34,"column":1}},"locations":[{"start":{"line":31,"column":7},"end":{"line":34,"column":1}}]},"1":{"type":"branch","line":33,"loc":{"start":{"line":33,"column":22},"end":{"line":33,"column":30}},"locations":[{"start":{"line":33,"column":22},"end":{"line":33,"column":30}}]}},"b":{"0":[14],"1":[12]},"fnMap":{"0":{"name":"bundledPieceTheme","decl":{"start":{"line":31,"column":7},"end":{"line":34,"column":1}},"loc":{"start":{"line":31,"column":7},"end":{"line":34,"column":1}},"line":31}},"f":{"0":14}}
,"/Users/andy/chess/anki-movetrainer/src/scheduler.ts": {"path":"/Users/andy/chess/anki-movetrainer/src/scheduler.ts","all":false,"statementMap":{"5":{"start":{"line":6,"column":0},"end":{"line":6,"column":33}},"6":{"start":{"line":7,"column":0},"end":{"line":7,"column":20}},"7":{"start":{"line":8,"column":0},"end":{"line":8,"column":4}},"9":{"start":{"line":10,"column":0},"end":{"line":10,"column":4}},"10":{"start":{"line":11,"column":0},"end":{"line":11,"column":23}},"11":{"start":{"line":12,"column":0},"end":{"line":12,"column":19}},"12":{"start":{"line":13,"column":0},"end":{"line":13,"column":8}},"13":{"start":{"line":14,"column":0},"end":{"line":14,"column":19}},"14":{"start":{"line":15,"column":0},"end":{"line":15,"column":52}},"15":{"start":{"line":16,"column":0},"end":{"line":16,"column":15}},"16":{"start":{"line":17,"column":0},"end":{"line":17,"column":7}},"17":{"start":{"line":18,"column":0},"end":{"line":18,"column":22}},"18":{"start":{"line":19,"column":0},"end":{"line":19,"column":24}},"19":{"start":{"line":20,"column":0},"end":{"line":20,"column":13}},"20":{"start":{"line":21,"column":0},"end":{"line":21,"column":45}},"21":{"start":{"line":22,"column":0},"end":{"line":22,"column":17}},"23":{"start":{"line":24,"column":0},"end":{"line":24,"column":9}},"24":{"start":{"line":25,"column":0},"end":{"line":25,"column":12}},"25":{"start":{"line":26,"column":0},"end":{"line":26,"column":5}},"26":{"start":{"line":27,"column":0},"end":{"line":27,"column":3}},"27":{"start":{"line":28,"column":0},"end":{"line":28,"column":19}},"28":{"start":{"line":29,"column":0},"end":{"line":29,"column":8}},"29":{"start":{"line":30,"column":0},"end":{"line":30,"column":19}},"30":{"start":{"line":31,"column":0},"end":{"line":31,"column":52}},"31":{"start":{"line":32,"column":0},"end":{"line":32,"column":15}},"32":{"start":{"line":33,"column":0},"end":{"line":33,"column":7}},"33":{"start":{"line":34,"column":0},"end":{"line":34,"column":22}},"34":{"start":{"line":35,"column":0},"end":{"line":35,"column":11}},"35":{"start":{"line":36,"column":0},"end":{"line":36,"column":43}},"36":{"start":{"line":37,"column":0},"end":{"line":37,"column":15}},"38":{"start":{"line":39,"column":0},"end":{"line":39,"column":7}},"39":{"start":{"line":40,"column":0},"end":{"line":40,"column":5}},"40":{"start":{"line":41,"column":0},"end":{"line":41,"column":3}},"41":{"start":{"line":42,"column":0},"end":{"line":42,"column":24}},"42":{"start":{"line":43,"column":0},"end":{"line":43,"column":1}}},"s":{"5":1,"6":23,"7":23,"9":23,"10":23,"11":23,"12":23,"13":23,"14":22,"15":16,"16":23,"17":5,"18":5,"19":5,"20":5,"21":5,"23":4,"24":5,"25":5,"26":23,"27":23,"28":22,"29":22,"30":21,"31":16,"32":22,"33":2,"34":2,"35":2,"36":2,"38":1,"39":2,"40":22,"41":23,"42":23},"branchMap":{"0":{"type":"branch","line":6,"loc":{"start":{"line":6,"column":7},"end":{"line":43,"column":1}},"locations":[{"start":{"line":6,"column":7},"end":{"line":43,"column":1}}]},"1":{"type":"branch","line":12,"loc":{"start":{"line":12,"column":2},"end":{"line":27,"column":3}},"locations":[{"start":{"line":12,"column":2},"end":{"line":27,"column":3}}]},"2":{"type":"branch","line":14,"loc":{"start":{"line":14,"column":6},"end":{"line":15,"column":52}},"locations":[{"start":{"line":14,"column":6},"end":{"line":15,"column":52}}]},"3":{"type":"branch","line":15,"loc":{"start":{"line":15,"column":39},"end":{"line":16,"column":15}},"locations":[{"start":{"line":15,"column":39},"end":{"line":16,"column":15}}]},"4":{"type":"branch","line":17,"loc":{"start":{"line":17,"column":6},"end":{"line":26,"column":5}},"locations":[{"start":{"line":17,"column":6},"end":{"line":26,"column":5}}]},"5":{"type":"branch","line":19,"loc":{"start":{"line":19,"column":17},"end":{"line":25,"column":9}},"locations":[{"start":{"line":19,"column":17},"end":{"line":25,"column":9}}]},"6":{"type":"branch","line":22,"loc":{"start":{"line":22,"column":8},"end":{"line":24,"column":9}},"locations":[{"start":{"line":22,"column":8},"end":{"line":24,"column":9}}]},"7":{"type":"branch","line":28,"loc":{"start":{"line":28,"column":2},"end":{"line":41,"column":3}},"locations":[{"start":{"line":28,"column":2},"end":{"line":41,"column":3}}]},"8":{"type":"branch","line":30,"loc":{"start":{"line":30,"column":6},"end":{"line":31,"column":52}},"locations":[{"start":{"line":30,"column":6},"end":{"line":31,"column":52}}]},"9":{"type":"branch","line":31,"loc":{"start":{"line":31,"column":39},"end":{"line":32,"column":15}},"locations":[{"start":{"line":31,"column":39},"end":{"line":32,"column":15}}]},"10":{"type":"branch","line":33,"loc":{"start":{"line":33,"column":6},"end":{"line":40,"column":5}},"locations":[{"start":{"line":33,"column":6},"end":{"line":40,"column":5}}]},"11":{"type":"branch","line":37,"loc":{"start":{"line":37,"column":6},"end":{"line":39,"column":7}},"locations":[{"start":{"line":37,"column":6},"end":{"line":39,"column":7}}]}},"b":{"0":[23],"1":[23],"2":[22],"3":[16],"4":[5],"5":[5],"6":[4],"7":[22],"8":[21],"9":[16],"10":[2],"11":[1]},"fnMap":{"0":{"name":"createScheduler","decl":{"start":{"line":6,"column":7},"end":{"line":43,"column":1}},"loc":{"start":{"line":6,"column":7},"end":{"line":43,"column":1}},"line":6},"1":{"name":"fail","decl":{"start":{"line":12,"column":2},"end":{"line":27,"column":3}},"loc":{"start":{"line":12,"column":2},"end":{"line":27,"column":3}},"line":12},"2":{"name":"pass","decl":{"start":{"line":28,"column":2},"end":{"line":41,"column":3}},"loc":{"start":{"line":28,"column":2},"end":{"line":41,"column":3}},"line":28}},"f":{"0":23,"1":23,"2":22}}
,"/Users/andy/chess/anki-movetrainer/src/types.ts": {"path":"/Users/andy/chess/anki-movetrainer/src/types.ts","all":true,"statementMap":{},"s":{},"branchMap":{"0":{"type":"branch","line":1,"loc":{"start":{"line":1,"column":0},"end":{"line":1,"column":0}},"locations":[{"start":{"line":1,"column":0},"end":{"line":1,"column":0}}]}},"b":{"0":[1]},"fnMap":{"0":{"name":"(empty-report)","decl":{"start":{"line":1,"column":0},"end":{"line":1,"column":0}},"loc":{"start":{"line":1,"column":0},"end":{"line":1,"column":0}},"line":1}},"f":{"0":1}}
,"/Users/andy/chess/anki-movetrainer/src/ui.ts": {"path":"/Users/andy/chess/anki-movetrainer/src/ui.ts","all":false,"statementMap":{"13":{"start":{"line":14,"column":0},"end":{"line":14,"column":27}},"14":{"start":{"line":15,"column":0},"end":{"line":15,"column":23}},"15":{"start":{"line":16,"column":0},"end":{"line":16,"column":47}},"16":{"start":{"line":17,"column":0},"end":{"line":17,"column":16}},"17":{"start":{"line":18,"column":0},"end":{"line":18,"column":54}},"18":{"start":{"line":19,"column":0},"end":{"line":19,"column":70}},"19":{"start":{"line":20,"column":0},"end":{"line":20,"column":3}},"20":{"start":{"line":21,"column":0},"end":{"line":21,"column":42}},"21":{"start":{"line":22,"column":0},"end":{"line":22,"column":44}},"22":{"start":{"line":23,"column":0},"end":{"line":23,"column":3}},"23":{"start":{"line":24,"column":0},"end":{"line":24,"column":37}},"24":{"start":{"line":25,"column":0},"end":{"line":25,"column":68}},"25":{"start":{"line":26,"column":0},"end":{"line":26,"column":3}},"26":{"start":{"line":27,"column":0},"end":{"line":27,"column":42}},"27":{"start":{"line":28,"column":0},"end":{"line":28,"column":73}},"28":{"start":{"line":29,"column":0},"end":{"line":29,"column":3}},"29":{"start":{"line":30,"column":0},"end":{"line":30,"column":39}},"30":{"start":{"line":31,"column":0},"end":{"line":31,"column":39}},"31":{"start":{"line":32,"column":0},"end":{"line":32,"column":54}},"33":{"start":{"line":34,"column":0},"end":{"line":34,"column":38}},"34":{"start":{"line":35,"column":0},"end":{"line":35,"column":56}},"35":{"start":{"line":36,"column":0},"end":{"line":36,"column":20}},"36":{"start":{"line":37,"column":0},"end":{"line":37,"column":32}},"37":{"start":{"line":38,"column":0},"end":{"line":38,"column":40}},"38":{"start":{"line":39,"column":0},"end":{"line":39,"column":48}},"39":{"start":{"line":40,"column":0},"end":{"line":40,"column":41}},"40":{"start":{"line":41,"column":0},"end":{"line":41,"column":24}},"41":{"start":{"line":42,"column":0},"end":{"line":42,"column":80}},"42":{"start":{"line":43,"column":0},"end":{"line":43,"column":5}},"44":{"start":{"line":45,"column":0},"end":{"line":45,"column":10}},"45":{"start":{"line":46,"column":0},"end":{"line":46,"column":80}},"46":{"start":{"line":47,"column":0},"end":{"line":47,"column":4}},"47":{"start":{"line":48,"column":0},"end":{"line":48,"column":1}}},"s":{"13":1,"14":24,"15":24,"16":24,"17":24,"18":1,"19":1,"20":24,"21":1,"22":1,"23":24,"24":1,"25":1,"26":24,"27":2,"28":2,"29":19,"30":19,"31":22,"33":16,"34":24,"35":24,"36":24,"37":24,"38":24,"39":24,"40":24,"41":24,"42":24,"44":24,"45":24,"46":24,"47":24},"branchMap":{"0":{"type":"branch","line":14,"loc":{"start":{"line":14,"column":7},"end":{"line":48,"column":1}},"locations":[{"start":{"line":14,"column":7},"end":{"line":48,"column":1}}]},"1":{"type":"branch","line":18,"loc":{"start":{"line":18,"column":7},"end":{"line":18,"column":53}},"locations":[{"start":{"line":18,"column":7},"end":{"line":18,"column":53}}]},"2":{"type":"branch","line":18,"loc":{"start":{"line":18,"column":53},"end":{"line":20,"column":3}},"locations":[{"start":{"line":18,"column":53},"end":{"line":20,"column":3}}]},"3":{"type":"branch","line":20,"loc":{"start":{"line":20,"column":2},"end":{"line":21,"column":15}},"locations":[{"start":{"line":20,"column":2},"end":{"line":21,"column":15}}]},"4":{"type":"branch","line":21,"loc":{"start":{"line":21,"column":7},"end":{"line":21,"column":41}},"locations":[{"start":{"line":21,"column":7},"end":{"line":21,"column":41}}]},"5":{"type":"branch","line":21,"loc":{"start":{"line":21,"column":41},"end":{"line":23,"column":3}},"locations":[{"start":{"line":21,"column":41},"end":{"line":23,"column":3}}]},"6":{"type":"branch","line":23,"loc":{"start":{"line":23,"column":2},"end":{"line":24,"column":36}},"locations":[{"start":{"line":23,"column":2},"end":{"line":24,"column":36}}]},"7":{"type":"branch","line":24,"loc":{"start":{"line":24,"column":36},"end":{"line":26,"column":3}},"locations":[{"start":{"line":24,"column":36},"end":{"line":26,"column":3}}]},"8":{"type":"branch","line":26,"loc":{"start":{"line":26,"column":2},"end":{"line":27,"column":41}},"locations":[{"start":{"line":26,"column":2},"end":{"line":27,"column":41}}]},"9":{"type":"branch","line":27,"loc":{"start":{"line":27,"column":41},"end":{"line":29,"column":3}},"locations":[{"start":{"line":27,"column":41},"end":{"line":29,"column":3}}]},"10":{"type":"branch","line":29,"loc":{"start":{"line":29,"column":2},"end":{"line":35,"column":47}},"locations":[{"start":{"line":29,"column":2},"end":{"line":35,"column":47}}]},"11":{"type":"branch","line":29,"loc":{"start":{"line":29,"column":2},"end":{"line":32,"column":10}},"locations":[{"start":{"line":29,"column":2},"end":{"line":32,"column":10}}]},"12":{"type":"branch","line":32,"loc":{"start":{"line":32,"column":4},"end":{"line":35,"column":47}},"locations":[{"start":{"line":32,"column":4},"end":{"line":35,"column":47}}]},"13":{"type":"branch","line":32,"loc":{"start":{"line":32,"column":4},"end":{"line":32,"column":54}},"locations":[{"start":{"line":32,"column":4},"end":{"line":32,"column":54}}]},"14":{"type":"branch","line":35,"loc":{"start":{"line":35,"column":37},"end":{"line":35,"column":56}},"locations":[{"start":{"line":35,"column":37},"end":{"line":35,"column":56}}]},"15":{"type":"branch","line":38,"loc":{"start":{"line":38,"column":20},"end":{"line":38,"column":36}},"locations":[{"start":{"line":38,"column":20},"end":{"line":38,"column":36}}]},"16":{"type":"branch","line":38,"loc":{"start":{"line":38,"column":28},"end":{"line":38,"column":40}},"locations":[{"start":{"line":38,"column":28},"end":{"line":38,"column":40}}]},"17":{"type":"branch","line":39,"loc":{"start":{"line":39,"column":24},"end":{"line":39,"column":44}},"locations":[{"start":{"line":39,"column":24},"end":{"line":39,"column":44}}]},"18":{"type":"branch","line":39,"loc":{"start":{"line":39,"column":32},"end":{"line":39,"column":48}},"locations":[{"start":{"line":39,"column":32},"end":{"line":39,"column":48}}]},"19":{"type":"branch","line":40,"loc":{"start":{"line":40,"column":21},"end":{"line":40,"column":38}},"locations":[{"start":{"line":40,"column":21},"end":{"line":40,"column":38}}]},"20":{"type":"branch","line":40,"loc":{"start":{"line":40,"column":29},"end":{"line":40,"column":41}},"locations":[{"start":{"line":40,"column":29},"end":{"line":40,"column":41}}]},"21":{"type":"branch","line":46,"loc":{"start":{"line":46,"column":14},"end":{"line":46,"column":80}},"locations":[{"start":{"line":46,"column":14},"end":{"line":46,"column":80}}]},"22":{"type":"branch","line":46,"loc":{"start":{"line":46,"column":55},"end":{"line":46,"column":75}},"locations":[{"start":{"line":46,"column":55},"end":{"line":46,"column":75}}]},"23":{"type":"branch","line":46,"loc":{"start":{"line":46,"column":65},"end":{"line":46,"column":78}},"locations":[{"start":{"line":46,"column":65},"end":{"line":46,"column":78}}]}},"b":{"0":[24],"1":[23],"2":[1],"3":[23],"4":[22],"5":[1],"6":[22],"7":[1],"8":[21],"9":[2],"10":[22],"11":[19],"12":[16],"13":[3],"14":[0],"15":[0],"16":[16],"17":[0],"18":[16],"19":[0],"20":[16],"21":[5],"22":[4],"23":[1]},"fnMap":{"0":{"name":"mountBoard","decl":{"start":{"line":14,"column":7},"end":{"line":48,"column":1}},"loc":{"start":{"line":14,"column":7},"end":{"line":48,"column":1}},"line":14},"1":{"name":"onSnapEnd","decl":{"start":{"line":42,"column":15},"end":{"line":42,"column":80}},"loc":{"start":{"line":42,"column":15},"end":{"line":42,"column":80}},"line":42},"2":{"name":"position","decl":{"start":{"line":46,"column":14},"end":{"line":46,"column":80}},"loc":{"start":{"line":46,"column":14},"end":{"line":46,"column":80}},"line":46}},"f":{"0":24,"1":0,"2":5}}
,"/Users/andy/chess/anki-movetrainer/src/helpers/engineHelpers.ts": {"path":"/Users/andy/chess/anki-movetrainer/src/helpers/engineHelpers.ts","all":false,"statementMap":{"0":{"start":{"line":1,"column":0},"end":{"line":1,"column":49}},"6":{"start":{"line":7,"column":0},"end":{"line":7,"column":55}},"7":{"start":{"line":8,"column":0},"end":{"line":8,"column":18}},"8":{"start":{"line":9,"column":0},"end":{"line":9,"column":40}},"9":{"start":{"line":10,"column":0},"end":{"line":10,"column":3}},"10":{"start":{"line":11,"column":0},"end":{"line":11,"column":19}},"11":{"start":{"line":12,"column":0},"end":{"line":12,"column":1}},"14":{"start":{"line":15,"column":0},"end":{"line":15,"column":41}},"15":{"start":{"line":16,"column":0},"end":{"line":16,"column":28}},"16":{"start":{"line":17,"column":0},"end":{"line":17,"column":56}},"17":{"start":{"line":18,"column":0},"end":{"line":18,"column":12}},"18":{"start":{"line":19,"column":0},"end":{"line":19,"column":20}},"19":{"start":{"line":20,"column":0},"end":{"line":20,"column":72}},"20":{"start":{"line":21,"column":0},"end":{"line":21,"column":6}},"21":{"start":{"line":22,"column":0},"end":{"line":22,"column":14}},"22":{"start":{"line":23,"column":0},"end":{"line":23,"column":1}},"25":{"start":{"line":26,"column":0},"end":{"line":26,"column":33}},"26":{"start":{"line":27,"column":0},"end":{"line":27,"column":17}},"27":{"start":{"line":28,"column":0},"end":{"line":28,"column":12}},"28":{"start":{"line":29,"column":0},"end":{"line":29,"column":16}},"29":{"start":{"line":30,"column":0},"end":{"line":30,"column":15}},"30":{"start":{"line":31,"column":0},"end":{"line":31,"column":3}},"31":{"start":{"line":32,"column":0},"end":{"line":32,"column":7}},"32":{"start":{"line":33,"column":0},"end":{"line":33,"column":42}},"33":{"start":{"line":34,"column":0},"end":{"line":34,"column":54}},"34":{"start":{"line":35,"column":0},"end":{"line":35,"column":31}},"35":{"start":{"line":36,"column":0},"end":{"line":36,"column":62}},"36":{"start":{"line":37,"column":0},"end":{"line":37,"column":11}},"37":{"start":{"line":38,"column":0},"end":{"line":38,"column":21}},"38":{"start":{"line":39,"column":0},"end":{"line":39,"column":3}},"39":{"start":{"line":40,"column":0},"end":{"line":40,"column":1}},"42":{"start":{"line":43,"column":0},"end":{"line":43,"column":37}},"43":{"start":{"line":44,"column":0},"end":{"line":44,"column":10}},"44":{"start":{"line":45,"column":0},"end":{"line":45,"column":19}},"45":{"start":{"line":46,"column":0},"end":{"line":46,"column":62}},"46":{"start":{"line":47,"column":0},"end":{"line":47,"column":6}},"47":{"start":{"line":48,"column":0},"end":{"line":48,"column":20}},"48":{"start":{"line":49,"column":0},"end":{"line":49,"column":23}},"49":{"start":{"line":50,"column":0},"end":{"line":50,"column":6}},"50":{"start":{"line":51,"column":0},"end":{"line":51,"column":14}},"51":{"start":{"line":52,"column":0},"end":{"line":52,"column":21}},"52":{"start":{"line":53,"column":0},"end":{"line":53,"column":6}},"53":{"start":{"line":54,"column":0},"end":{"line":54,"column":15}},"54":{"start":{"line":55,"column":0},"end":{"line":55,"column":15}},"55":{"start":{"line":56,"column":0},"end":{"line":56,"column":6}},"56":{"start":{"line":57,"column":0},"end":{"line":57,"column":16}},"57":{"start":{"line":58,"column":0},"end":{"line":58,"column":15}},"58":{"start":{"line":59,"column":0},"end":{"line":59,"column":6}},"59":{"start":{"line":60,"column":0},"end":{"line":60,"column":14}},"60":{"start":{"line":61,"column":0},"end":{"line":61,"column":16}},"61":{"start":{"line":62,"column":0},"end":{"line":62,"column":6}},"62":{"start":{"line":63,"column":0},"end":{"line":63,"column":12}},"63":{"start":{"line":64,"column":0},"end":{"line":64,"column":19}},"64":{"start":{"line":65,"column":0},"end":{"line":65,"column":6}},"65":{"start":{"line":66,"column":0},"end":{"line":66,"column":12}},"66":{"start":{"line":67,"column":0},"end":{"line":67,"column":19}},"67":{"start":{"line":68,"column":0},"end":{"line":68,"column":6}},"68":{"start":{"line":69,"column":0},"end":{"line":69,"column":18}},"69":{"start":{"line":70,"column":0},"end":{"line":70,"column":16}},"70":{"start":{"line":71,"column":0},"end":{"line":71,"column":6}},"71":{"start":{"line":72,"column":0},"end":{"line":72,"column":17}},"72":{"start":{"line":73,"column":0},"end":{"line":73,"column":32}},"73":{"start":{"line":74,"column":0},"end":{"line":74,"column":6}},"74":{"start":{"line":75,"column":0},"end":{"line":75,"column":13}},"76":{"start":{"line":77,"column":0},"end":{"line":77,"column":6}},"77":{"start":{"line":78,"column":0},"end":{"line":78,"column":4}},"78":{"start":{"line":79,"column":0},"end":{"line":79,"column":1}}},"s":{"0":1,"6":1,"7":6,"8":3,"9":3,"10":3,"11":3,"14":1,"15":43,"16":43,"17":43,"18":43,"19":1,"20":1,"21":42,"22":42,"25":1,"26":189,"27":189,"28":189,"29":189,"30":189,"31":189,"32":189,"33":189,"34":189,"35":179,"36":189,"37":2,"38":2,"39":189,"42":1,"43":7,"44":7,"45":1,"46":1,"47":7,"48":1,"49":1,"50":7,"51":1,"52":1,"53":7,"54":1,"55":1,"56":7,"57":5,"58":5,"59":7,"60":5,"61":5,"62":7,"63":1,"64":1,"65":7,"66":1,"67":1,"68":7,"69":1,"70":1,"71":7,"72":1,"73":1,"74":7,"76":1,"77":7,"78":7},"branchMap":{"0":{"type":"branch","line":7,"loc":{"start":{"line":7,"column":7},"end":{"line":12,"column":1}},"locations":[{"start":{"line":7,"column":7},"end":{"line":12,"column":1}}]},"1":{"type":"branch","line":8,"loc":{"start":{"line":8,"column":17},"end":{"line":12,"column":1}},"locations":[{"start":{"line":8,"column":17},"end":{"line":12,"column":1}}]},"2":{"type":"branch","line":9,"loc":{"start":{"line":9,"column":21},"end":{"line":9,"column":40}},"locations":[{"start":{"line":9,"column":21},"end":{"line":9,"column":40}}]},"3":{"type":"branch","line":15,"loc":{"start":{"line":15,"column":7},"end":{"line":23,"column":1}},"locations":[{"start":{"line":15,"column":7},"end":{"line":23,"column":1}}]},"4":{"type":"branch","line":17,"loc":{"start":{"line":17,"column":19},"end":{"line":17,"column":56}},"locations":[{"start":{"line":17,"column":19},"end":{"line":17,"column":56}}]},"5":{"type":"branch","line":19,"loc":{"start":{"line":19,"column":4},"end":{"line":21,"column":6}},"locations":[{"start":{"line":19,"column":4},"end":{"line":21,"column":6}}]},"6":{"type":"branch","line":21,"loc":{"start":{"line":21,"column":4},"end":{"line":23,"column":1}},"locations":[{"start":{"line":21,"column":4},"end":{"line":23,"column":1}}]},"7":{"type":"branch","line":26,"loc":{"start":{"line":26,"column":7},"end":{"line":40,"column":1}},"locations":[{"start":{"line":26,"column":7},"end":{"line":40,"column":1}}]},"8":{"type":"branch","line":35,"loc":{"start":{"line":35,"column":14},"end":{"line":35,"column":31}},"locations":[{"start":{"line":35,"column":14},"end":{"line":35,"column":31}}]},"9":{"type":"branch","line":35,"loc":{"start":{"line":35,"column":21},"end":{"line":37,"column":10}},"locations":[{"start":{"line":35,"column":21},"end":{"line":37,"column":10}}]},"10":{"type":"branch","line":37,"loc":{"start":{"line":37,"column":2},"end":{"line":39,"column":3}},"locations":[{"start":{"line":37,"column":2},"end":{"line":39,"column":3}}]},"11":{"type":"branch","line":43,"loc":{"start":{"line":43,"column":7},"end":{"line":79,"column":1}},"locations":[{"start":{"line":43,"column":7},"end":{"line":79,"column":1}}]},"12":{"type":"branch","line":45,"loc":{"start":{"line":45,"column":4},"end":{"line":47,"column":6}},"locations":[{"start":{"line":45,"column":4},"end":{"line":47,"column":6}}]},"13":{"type":"branch","line":48,"loc":{"start":{"line":48,"column":4},"end":{"line":50,"column":6}},"locations":[{"start":{"line":48,"column":4},"end":{"line":50,"column":6}}]},"14":{"type":"branch","line":51,"loc":{"start":{"line":51,"column":4},"end":{"line":53,"column":6}},"locations":[{"start":{"line":51,"column":4},"end":{"line":53,"column":6}}]},"15":{"type":"branch","line":54,"loc":{"start":{"line":54,"column":4},"end":{"line":56,"column":6}},"locations":[{"start":{"line":54,"column":4},"end":{"line":56,"column":6}}]},"16":{"type":"branch","line":57,"loc":{"start":{"line":57,"column":4},"end":{"line":59,"column":6}},"locations":[{"start":{"line":57,"column":4},"end":{"line":59,"column":6}}]},"17":{"type":"branch","line":60,"loc":{"start":{"line":60,"column":4},"end":{"line":62,"column":6}},"locations":[{"start":{"line":60,"column":4},"end":{"line":62,"column":6}}]},"18":{"type":"branch","line":63,"loc":{"start":{"line":63,"column":4},"end":{"line":65,"column":6}},"locations":[{"start":{"line":63,"column":4},"end":{"line":65,"column":6}}]},"19":{"type":"branch","line":66,"loc":{"start":{"line":66,"column":4},"end":{"line":68,"column":6}},"locations":[{"start":{"line":66,"column":4},"end":{"line":68,"column":6}}]},"20":{"type":"branch","line":69,"loc":{"start":{"line":69,"column":4},"end":{"line":71,"column":6}},"locations":[{"start":{"line":69,"column":4},"end":{"line":71,"column":6}}]},"21":{"type":"branch","line":72,"loc":{"start":{"line":72,"column":4},"end":{"line":74,"column":6}},"locations":[{"start":{"line":72,"column":4},"end":{"line":74,"column":6}}]},"22":{"type":"branch","line":75,"loc":{"start":{"line":75,"column":4},"end":{"line":77,"column":6}},"locations":[{"start":{"line":75,"column":4},"end":{"line":77,"column":6}}]}},"b":{"0":[6],"1":[3],"2":[1],"3":[43],"4":[2],"5":[1],"6":[42],"7":[189],"8":[8],"9":[179],"10":[2],"11":[7],"12":[1],"13":[1],"14":[1],"15":[1],"16":[5],"17":[5],"18":[1],"19":[1],"20":[1],"21":[1],"22":[1]},"fnMap":{"0":{"name":"getChessCtorFromWindow","decl":{"start":{"line":7,"column":7},"end":{"line":12,"column":1}},"loc":{"start":{"line":7,"column":7},"end":{"line":12,"column":1}},"line":7},"1":{"name":"resolveChessCtor","decl":{"start":{"line":15,"column":7},"end":{"line":23,"column":1}},"loc":{"start":{"line":15,"column":7},"end":{"line":23,"column":1}},"line":15},"2":{"name":"safeExpectedMove","decl":{"start":{"line":26,"column":7},"end":{"line":40,"column":1}},"loc":{"start":{"line":26,"column":7},"end":{"line":40,"column":1}},"line":26},"3":{"name":"createDummyEngine","decl":{"start":{"line":43,"column":7},"end":{"line":79,"column":1}},"loc":{"start":{"line":43,"column":7},"end":{"line":79,"column":1}},"line":43},"4":{"name":"tryUserMove","decl":{"start":{"line":45,"column":4},"end":{"line":47,"column":6}},"loc":{"start":{"line":45,"column":4},"end":{"line":47,"column":6}},"line":45},"5":{"name":"expectedMove","decl":{"start":{"line":48,"column":4},"end":{"line":50,"column":6}},"loc":{"start":{"line":48,"column":4},"end":{"line":50,"column":6}},"line":48},"6":{"name":"getFen","decl":{"start":{"line":51,"column":4},"end":{"line":53,"column":6}},"loc":{"start":{"line":51,"column":4},"end":{"line":53,"column":6}},"line":51},"7":{"name":"getStep","decl":{"start":{"line":54,"column":4},"end":{"line":56,"column":6}},"loc":{"start":{"line":54,"column":4},"end":{"line":56,"column":6}},"line":54},"8":{"name":"getTotal","decl":{"start":{"line":57,"column":4},"end":{"line":59,"column":6}},"loc":{"start":{"line":57,"column":4},"end":{"line":59,"column":6}},"line":57},"9":{"name":"getSeq","decl":{"start":{"line":60,"column":4},"end":{"line":62,"column":6}},"loc":{"start":{"line":60,"column":4},"end":{"line":62,"column":6}},"line":60},"10":{"name":"undo","decl":{"start":{"line":63,"column":4},"end":{"line":65,"column":6}},"loc":{"start":{"line":63,"column":4},"end":{"line":65,"column":6}},"line":63},"11":{"name":"redo","decl":{"start":{"line":66,"column":4},"end":{"line":68,"column":6}},"loc":{"start":{"line":66,"column":4},"end":{"line":68,"column":6}},"line":66},"12":{"name":"getHistory","decl":{"start":{"line":69,"column":4},"end":{"line":71,"column":6}},"loc":{"start":{"line":69,"column":4},"end":{"line":71,"column":6}},"line":69},"13":{"name":"getStatus","decl":{"start":{"line":72,"column":4},"end":{"line":74,"column":6}},"loc":{"start":{"line":72,"column":4},"end":{"line":74,"column":6}},"line":72},"14":{"name":"reset","decl":{"start":{"line":75,"column":4},"end":{"line":77,"column":6}},"loc":{"start":{"line":75,"column":4},"end":{"line":77,"column":6}},"line":75}},"f":{"0":6,"1":43,"2":189,"3":7,"4":1,"5":1,"6":1,"7":1,"8":5,"9":5,"10":1,"11":1,"12":1,"13":1,"14":1}}
,"/Users/andy/chess/anki-movetrainer/src/types/GameStatus.ts": {"path":"/Users/andy/chess/anki-movetrainer/src/types/GameStatus.ts","all":false,"statementMap":{"1":{"start":{"line":2,"column":0},"end":{"line":2,"column":24}},"2":{"start":{"line":3,"column":0},"end":{"line":3,"column":26}},"3":{"start":{"line":4,"column":0},"end":{"line":4,"column":26}},"4":{"start":{"line":5,"column":0},"end":{"line":5,"column":16}},"5":{"start":{"line":6,"column":0},"end":{"line":6,"column":22}},"6":{"start":{"line":7,"column":0},"end":{"line":7,"column":22}}},"s":{"1":1,"2":1,"3":1,"4":1,"5":1,"6":1},"branchMap":{"0":{"type":"branch","line":2,"loc":{"start":{"line":2,"column":7},"end":{"line":2,"column":24}},"locations":[{"start":{"line":2,"column":7},"end":{"line":2,"column":24}}]}},"b":{"0":[5]},"fnMap":{},"f":{}}
}
